<?xml version="1.0" encoding="UTF-8"?>
<testsuite name="snake.basic.FullGameTests" tests="7" skipped="0" failures="7" errors="0" timestamp="2023-09-12T11:01:06" hostname="Jays-MacBook-Pro-2.local" time="0.079">
  <properties/>
  <testcase name="testGame3x1" classname="snake.basic.FullGameTests" time="0.004">
    <failure message="org.scalatest.exceptions.TestFailedException: didPass was false&#10;Hint: The game should work at any board size which can hold the initial snake. In this case 3x1.&#10;--------------------------------------------------------------------------------&#10;This is what went wrong:&#10;&#10;step=0, rand=0, actions=&lt;&gt;&#10;Want | Got ✗&#10;------------&#10;OO&gt;  | ...  &#10;&#10;step=1, rand=0, actions=&lt;Step&gt;&#10;Want | Got ✗&#10;------------&#10;&gt;OO  | ...  &#10;&#10;step=2, rand=0, actions=&lt;Step&gt;&#10;Want | Got ✗&#10;------------&#10;O&gt;O  | ...  &#10;&#10;step=3, rand=0, actions=&lt;Step&gt;&#10;Want | Got ✗&#10;------------&#10;OO&gt;  | ...  &#10;&#10;step=4, rand=0, actions=&lt;Step&gt;&#10;Want | Got ✗&#10;------------&#10;&gt;OO  | ...  &#10;&#10;step=5, rand=0, actions=&lt;Step&gt;&#10;Want | Got ✗&#10;------------&#10;O&gt;O  | ...  &#10;&#10;step=6, rand=0, actions=&lt;Step&gt;&#10;Want | Got ✗&#10;------------&#10;OO&gt;  | ...  &#10;&#10;" type="org.scalatest.exceptions.TestFailedException">org.scalatest.exceptions.TestFailedException: didPass was false
Hint: The game should work at any board size which can hold the initial snake. In this case 3x1.
--------------------------------------------------------------------------------
This is what went wrong:

step=0, rand=0, actions=&lt;&gt;
Want | Got ✗
------------
OO&gt;  | ...  

step=1, rand=0, actions=&lt;Step&gt;
Want | Got ✗
------------
&gt;OO  | ...  

step=2, rand=0, actions=&lt;Step&gt;
Want | Got ✗
------------
O&gt;O  | ...  

step=3, rand=0, actions=&lt;Step&gt;
Want | Got ✗
------------
OO&gt;  | ...  

step=4, rand=0, actions=&lt;Step&gt;
Want | Got ✗
------------
&gt;OO  | ...  

step=5, rand=0, actions=&lt;Step&gt;
Want | Got ✗
------------
O&gt;O  | ...  

step=6, rand=0, actions=&lt;Step&gt;
Want | Got ✗
------------
OO&gt;  | ...  


	at app//org.scalatest.Assertions.newAssertionFailedException(Assertions.scala:530)
	at app//org.scalatest.Assertions.newAssertionFailedException$(Assertions.scala:529)
	at app//org.scalatest.FunSuite.newAssertionFailedException(FunSuite.scala:1560)
	at app//org.scalatest.Assertions$AssertionsHelper.macroAssert(Assertions.scala:503)
	at app//generic.GameTestSuite.checkGame(GameTestSuite.scala:298)
	at app//snake.SnakeTestSuiteBase.checkGame(SnakeTestSuiteBase.scala:102)
	at app//snake.basic.FullGameTests.$anonfun$new$1(FullGameTests.scala:24)
	at app//scala.runtime.java8.JFunction0$mcV$sp.apply(JFunction0$mcV$sp.scala:18)
	at app//infrastructure.TestBase.$anonfun$test$1(TestBase.scala:36)
	at app//org.scalatest.OutcomeOf.outcomeOf(OutcomeOf.scala:85)
	at app//org.scalatest.OutcomeOf.outcomeOf$(OutcomeOf.scala:83)
	at app//org.scalatest.OutcomeOf$.outcomeOf(OutcomeOf.scala:104)
	at app//org.scalatest.Transformer.apply(Transformer.scala:22)
	at app//org.scalatest.Transformer.apply(Transformer.scala:20)
	at app//org.scalatest.FunSuiteLike$$anon$1.apply(FunSuiteLike.scala:186)
	at app//org.scalatest.TestSuite.withFixture(TestSuite.scala:196)
	at app//org.scalatest.TestSuite.withFixture$(TestSuite.scala:195)
	at app//infrastructure.TestBase.org$scalatest$concurrent$TimeLimitedTests$$super$withFixture(TestBase.scala:9)
	at app//org.scalatest.concurrent.TimeLimitedTests.$anonfun$withFixture$3(TimeLimitedTests.scala:154)
	at app//org.scalatest.enablers.Timed$$anon$1.timeoutAfter(Timed.scala:127)
	at app//org.scalatest.concurrent.TimeLimits.failAfterImpl(TimeLimits.scala:239)
	at app//org.scalatest.concurrent.TimeLimits.failAfterImpl$(TimeLimits.scala:233)
	at app//org.scalatest.concurrent.TimeLimits$.failAfterImpl(TimeLimits.scala:305)
	at app//org.scalatest.concurrent.TimeLimitedTests.withFixture(TimeLimitedTests.scala:153)
	at app//org.scalatest.concurrent.TimeLimitedTests.withFixture$(TimeLimitedTests.scala:150)
	at app//infrastructure.TestBase.withFixture(TestBase.scala:9)
	at app//org.scalatest.FunSuiteLike.invokeWithFixture$1(FunSuiteLike.scala:184)
	at app//org.scalatest.FunSuiteLike.$anonfun$runTest$1(FunSuiteLike.scala:196)
	at app//org.scalatest.SuperEngine.runTestImpl(Engine.scala:286)
	at app//org.scalatest.FunSuiteLike.runTest(FunSuiteLike.scala:196)
	at app//org.scalatest.FunSuiteLike.runTest$(FunSuiteLike.scala:178)
	at app//org.scalatest.FunSuite.runTest(FunSuite.scala:1560)
	at app//org.scalatest.FunSuiteLike.$anonfun$runTests$1(FunSuiteLike.scala:229)
	at app//org.scalatest.SuperEngine.$anonfun$runTestsInBranch$1(Engine.scala:393)
	at app//scala.collection.immutable.List.foreach(List.scala:333)
	at app//org.scalatest.SuperEngine.traverseSubNodes$1(Engine.scala:381)
	at app//org.scalatest.SuperEngine.runTestsInBranch(Engine.scala:376)
	at app//org.scalatest.SuperEngine.runTestsImpl(Engine.scala:458)
	at app//org.scalatest.FunSuiteLike.runTests(FunSuiteLike.scala:229)
	at app//org.scalatest.FunSuiteLike.runTests$(FunSuiteLike.scala:228)
	at app//org.scalatest.FunSuite.runTests(FunSuite.scala:1560)
	at app//org.scalatest.Suite.run(Suite.scala:1124)
	at app//org.scalatest.Suite.run$(Suite.scala:1106)
	at app//org.scalatest.FunSuite.org$scalatest$FunSuiteLike$$super$run(FunSuite.scala:1560)
	at app//org.scalatest.FunSuiteLike.$anonfun$run$1(FunSuiteLike.scala:233)
	at app//org.scalatest.SuperEngine.runImpl(Engine.scala:518)
	at app//org.scalatest.FunSuiteLike.run(FunSuiteLike.scala:233)
	at app//org.scalatest.FunSuiteLike.run$(FunSuiteLike.scala:232)
	at app//infrastructure.TestBase.run(TestBase.scala:26)
	at app//org.scalatest.Suite.callExecuteOnSuite$1(Suite.scala:1187)
	at app//org.scalatest.Suite.$anonfun$runNestedSuites$1(Suite.scala:1234)
	at app//scala.collection.ArrayOps$.foreach$extension(ArrayOps.scala:1323)
	at app//org.scalatest.Suite.runNestedSuites(Suite.scala:1232)
	at app//org.scalatest.Suite.runNestedSuites$(Suite.scala:1166)
	at app//org.scalatest.Suites.runNestedSuites(Suites.scala:56)
	at app//org.scalatest.Suite.run(Suite.scala:1121)
	at app//org.scalatest.Suite.run$(Suite.scala:1106)
	at app//snake.SnakeTestSuite.runDirect(SnakeTestSuite.scala:24)
	at app//snake.SnakeTestSuite.run(SnakeTestSuite.scala:16)
	at app//org.scalatestplus.junit.JUnitRunner.run(JUnitRunner.scala:99)
	at app//org.junit.runner.JUnitCore.run(JUnitCore.java:137)
	at app//org.junit.runner.JUnitCore.run(JUnitCore.java:115)
	at app//org.junit.vintage.engine.execution.RunnerExecutor.execute(RunnerExecutor.java:42)
	at app//org.junit.vintage.engine.VintageTestEngine.executeAllChildren(VintageTestEngine.java:80)
	at app//org.junit.vintage.engine.VintageTestEngine.execute(VintageTestEngine.java:72)
	at org.junit.platform.launcher.core.EngineExecutionOrchestrator.execute(EngineExecutionOrchestrator.java:107)
	at org.junit.platform.launcher.core.EngineExecutionOrchestrator.execute(EngineExecutionOrchestrator.java:88)
	at org.junit.platform.launcher.core.EngineExecutionOrchestrator.lambda$execute$0(EngineExecutionOrchestrator.java:54)
	at org.junit.platform.launcher.core.EngineExecutionOrchestrator.withInterceptedStreams(EngineExecutionOrchestrator.java:67)
	at org.junit.platform.launcher.core.EngineExecutionOrchestrator.execute(EngineExecutionOrchestrator.java:52)
	at org.junit.platform.launcher.core.DefaultLauncher.execute(DefaultLauncher.java:114)
	at org.junit.platform.launcher.core.DefaultLauncher.execute(DefaultLauncher.java:86)
	at org.junit.platform.launcher.core.DefaultLauncherSession$DelegatingLauncher.execute(DefaultLauncherSession.java:86)
	at org.junit.platform.launcher.core.SessionPerRequestLauncher.execute(SessionPerRequestLauncher.java:53)
	at org.gradle.api.internal.tasks.testing.junitplatform.JUnitPlatformTestClassProcessor$CollectAllTestClassesExecutor.processAllTestClasses(JUnitPlatformTestClassProcessor.java:99)
	at org.gradle.api.internal.tasks.testing.junitplatform.JUnitPlatformTestClassProcessor$CollectAllTestClassesExecutor.access$000(JUnitPlatformTestClassProcessor.java:79)
	at org.gradle.api.internal.tasks.testing.junitplatform.JUnitPlatformTestClassProcessor.stop(JUnitPlatformTestClassProcessor.java:75)
	at org.gradle.api.internal.tasks.testing.SuiteTestClassProcessor.stop(SuiteTestClassProcessor.java:61)
	at java.base@18.0.2.1/jdk.internal.reflect.DirectMethodHandleAccessor.invoke(DirectMethodHandleAccessor.java:104)
	at java.base@18.0.2.1/java.lang.reflect.Method.invoke(Method.java:577)
	at org.gradle.internal.dispatch.ReflectionDispatch.dispatch(ReflectionDispatch.java:36)
	at org.gradle.internal.dispatch.ReflectionDispatch.dispatch(ReflectionDispatch.java:24)
	at org.gradle.internal.dispatch.ContextClassLoaderDispatch.dispatch(ContextClassLoaderDispatch.java:33)
	at org.gradle.internal.dispatch.ProxyDispatchAdapter$DispatchingInvocationHandler.invoke(ProxyDispatchAdapter.java:94)
	at jdk.proxy1/jdk.proxy1.$Proxy2.stop(Unknown Source)
	at org.gradle.api.internal.tasks.testing.worker.TestWorker$3.run(TestWorker.java:193)
	at org.gradle.api.internal.tasks.testing.worker.TestWorker.executeAndMaintainThreadName(TestWorker.java:129)
	at org.gradle.api.internal.tasks.testing.worker.TestWorker.execute(TestWorker.java:100)
	at org.gradle.api.internal.tasks.testing.worker.TestWorker.execute(TestWorker.java:60)
	at org.gradle.process.internal.worker.child.ActionExecutionWorker.execute(ActionExecutionWorker.java:56)
	at org.gradle.process.internal.worker.child.SystemApplicationClassLoaderWorker.call(SystemApplicationClassLoaderWorker.java:133)
	at org.gradle.process.internal.worker.child.SystemApplicationClassLoaderWorker.call(SystemApplicationClassLoaderWorker.java:71)
	at app//worker.org.gradle.process.internal.worker.GradleWorkerMain.run(GradleWorkerMain.java:69)
	at app//worker.org.gradle.process.internal.worker.GradleWorkerMain.main(GradleWorkerMain.java:74)
</failure>
  </testcase>
  <testcase name="testGame6x6" classname="snake.basic.FullGameTests" time="0.004">
    <failure message="org.scalatest.exceptions.TestFailedException: didPass was false&#10;Hint: The game should work at any board size which can hold the initial snake. In this case 6x6.&#10;--------------------------------------------------------------------------------&#10;This is what went wrong:&#10;&#10;step=0, rand=2, actions=&lt;&gt;&#10;Want   | Got ✗ &#10;---------------&#10;OO&gt;..A | ......&#10;...... | ......&#10;...... | ......&#10;...... | ......&#10;...... | ......&#10;...... | ......&#10;&#10;step=1, rand=2, actions=&lt;Step&gt;&#10;Want   | Got ✗ &#10;---------------&#10;.OO&gt;.A | ......&#10;...... | ......&#10;...... | ......&#10;...... | ......&#10;...... | ......&#10;...... | ......&#10;&#10;step=2, rand=2, actions=&lt;Step&gt;&#10;Want   | Got ✗ &#10;---------------&#10;..OO&gt;A | ......&#10;...... | ......&#10;...... | ......&#10;...... | ......&#10;...... | ......&#10;...... | ......&#10;&#10;step=3, rand=2, actions=&lt;Step&gt;&#10;Want   | Got ✗ &#10;---------------&#10;..AOO&gt; | ......&#10;...... | ......&#10;...... | ......&#10;...... | ......&#10;...... | ......&#10;...... | ......&#10;&#10;step=4, rand=2, actions=&lt;Step&gt;&#10;Want   | Got ✗ &#10;---------------&#10;&gt;.AOOO | ......&#10;...... | ......&#10;...... | ......&#10;...... | ......&#10;...... | ......&#10;...... | ......&#10;&#10;step=5, rand=2, actions=&lt;Step&gt;&#10;Want   | Got ✗ &#10;---------------&#10;O&gt;AOOO | ......&#10;...... | ......&#10;...... | ......&#10;...... | ......&#10;...... | ......&#10;...... | ......&#10;&#10;step=6, rand=2, actions=&lt;Step&gt;&#10;Want   | Got ✗ &#10;---------------&#10;OO&gt;OOO | ......&#10;..A... | ......&#10;...... | ......&#10;...... | ......&#10;...... | ......&#10;...... | ......&#10;&#10;step=7, rand=2, actions=&lt;ChangeDir(South()), Step&gt;&#10;Want   | Got ✗ &#10;---------------&#10;OOOOOO | ......&#10;..vA.. | ......&#10;...... | ......&#10;...... | ......&#10;...... | ......&#10;...... | ......&#10;&#10;step=8, rand=2, actions=&lt;Step&gt;&#10;Want   | Got ✗ &#10;---------------&#10;OOOOOO | ......&#10;..OA.. | ......&#10;..v... | ......&#10;...... | ......&#10;...... | ......&#10;...... | ......&#10;&#10;step=9, rand=2, actions=&lt;ChangeDir(West()), Step&gt;&#10;Want   | Got ✗ &#10;---------------&#10;OOOOOO | ......&#10;..OA.. | ......&#10;.&lt;O... | ......&#10;...... | ......&#10;...... | ......&#10;...... | ......&#10;&#10;step=10, rand=2, actions=&lt;ChangeDir(North()), Step&gt;&#10;Want   | Got ✗ &#10;---------------&#10;OOOOOO | ......&#10;.^OA.. | ......&#10;.OO... | ......&#10;...... | ......&#10;...... | ......&#10;...... | ......&#10;&#10;step=11, rand=2, actions=&lt;ChangeDir(West()), Step&gt;&#10;Want   | Got ✗ &#10;---------------&#10;OOOOOO | ......&#10;&lt;OOA.. | ......&#10;.OO... | ......&#10;...... | ......&#10;...... | ......&#10;...... | ......&#10;&#10;step=12, rand=2, actions=&lt;Step&gt;&#10;Want   | Got ✗ &#10;---------------&#10;OOOOOO | ......&#10;OOOA.&lt; | ......&#10;.OO... | ......&#10;...... | ......&#10;...... | ......&#10;...... | ......&#10;&#10;step=13, rand=2, actions=&lt;Step&gt;&#10;Want   | Got ✗ &#10;---------------&#10;OOO.OO | ......&#10;OOOA&lt;O | ......&#10;.OO... | ......&#10;...... | ......&#10;...... | ......&#10;...... | ......&#10;&#10;step=14, rand=2, actions=&lt;Step&gt;&#10;Want   | Got ✗ &#10;---------------&#10;OOO..O | ......&#10;OOO&lt;OO | ......&#10;AOO... | ......&#10;...... | ......&#10;...... | ......&#10;...... | ......&#10;&#10;step=15, rand=2, actions=&lt;ChangeDir(North()), Step&gt;&#10;Want   | Got ✗ &#10;---------------&#10;OOO^.O | ......&#10;OOOOOO | ......&#10;AOO... | ......&#10;...... | ......&#10;...... | ......&#10;...... | ......&#10;&#10;step=16, rand=2, actions=&lt;Step&gt;&#10;Want   | Got ✗ &#10;---------------&#10;OOOO.O | ......&#10;OOOOOO | ......&#10;AOO... | ......&#10;...... | ......&#10;...... | ......&#10;...^.. | ......&#10;&#10;step=17, rand=2, actions=&lt;Step&gt;&#10;Want   | Got ✗ &#10;---------------&#10;OOOO.O | ......&#10;OOOOOO | ......&#10;AOO... | ......&#10;...... | ......&#10;...^.. | ......&#10;...O.. | ......&#10;&#10;step=18, rand=2, actions=&lt;ChangeDir(West()), Step&gt;&#10;Want   | Got ✗ &#10;---------------&#10;OOOO.. | ......&#10;OOOOOO | ......&#10;AOO... | ......&#10;...... | ......&#10;..&lt;O.. | ......&#10;...O.. | ......&#10;&#10;step=19, rand=2, actions=&lt;Step&gt;&#10;Want   | Got ✗ &#10;---------------&#10;.OOO.. | ......&#10;OOOOOO | ......&#10;AOO... | ......&#10;...... | ......&#10;.&lt;OO.. | ......&#10;...O.. | ......&#10;&#10;step=20, rand=2, actions=&lt;Step&gt;&#10;Want   | Got ✗ &#10;---------------&#10;..OO.. | ......&#10;OOOOOO | ......&#10;AOO... | ......&#10;...... | ......&#10;&lt;OOO.. | ......&#10;...O.. | ......&#10;&#10;step=21, rand=2, actions=&lt;ChangeDir(North()), Step&gt;&#10;Want   | Got ✗ &#10;---------------&#10;...O.. | ......&#10;OOOOOO | ......&#10;AOO... | ......&#10;^..... | ......&#10;OOOO.. | ......&#10;...O.. | ......&#10;&#10;step=22, rand=2, actions=&lt;Step&gt;&#10;Want   | Got ✗ &#10;---------------&#10;..AO.. | ......&#10;OO.OOO | ......&#10;^OO... | ......&#10;O..... | ......&#10;OOOO.. | ......&#10;...O.. | ......&#10;&#10;step=23, rand=2, actions=&lt;ChangeDir(West()), Step&gt;&#10;Want   | Got ✗ &#10;---------------&#10;..AO.. | ......&#10;OO.OOO | ......&#10;OOO..&lt; | ......&#10;O..... | ......&#10;OOOO.. | ......&#10;...O.. | ......&#10;&#10;step=24, rand=2, actions=&lt;Step&gt;&#10;Want   | Got ✗ &#10;---------------&#10;..AO.. | ......&#10;OO.OOO | ......&#10;OOO.&lt;O | ......&#10;O..... | ......&#10;OOOO.. | ......&#10;...O.. | ......&#10;&#10;step=25, rand=2, actions=&lt;ChangeDir(South()), Step&gt;&#10;Want   | Got ✗ &#10;---------------&#10;..AO.. | ......&#10;OO.OOO | ......&#10;OOO.OO | ......&#10;O...v. | ......&#10;OOOO.. | ......&#10;...O.. | ......&#10;&#10;step=26, rand=2, actions=&lt;ChangeDir(East()), Step&gt;&#10;Want   | Got ✗ &#10;---------------&#10;..AO.. | ......&#10;OO.OOO | ......&#10;OO..OO | ......&#10;O...O&gt; | ......&#10;OOOO.. | ......&#10;...O.. | ......&#10;&#10;step=27, rand=2, actions=&lt;Step&gt;&#10;Want              | Got ✗ &#10;--------------------------&#10;GameOverDisplay() | ......&#10;                  | ......&#10;                  | ......&#10;                  | ......&#10;                  | ......&#10;                  | ......&#10;&#10;" type="org.scalatest.exceptions.TestFailedException">org.scalatest.exceptions.TestFailedException: didPass was false
Hint: The game should work at any board size which can hold the initial snake. In this case 6x6.
--------------------------------------------------------------------------------
This is what went wrong:

step=0, rand=2, actions=&lt;&gt;
Want   | Got ✗ 
---------------
OO&gt;..A | ......
...... | ......
...... | ......
...... | ......
...... | ......
...... | ......

step=1, rand=2, actions=&lt;Step&gt;
Want   | Got ✗ 
---------------
.OO&gt;.A | ......
...... | ......
...... | ......
...... | ......
...... | ......
...... | ......

step=2, rand=2, actions=&lt;Step&gt;
Want   | Got ✗ 
---------------
..OO&gt;A | ......
...... | ......
...... | ......
...... | ......
...... | ......
...... | ......

step=3, rand=2, actions=&lt;Step&gt;
Want   | Got ✗ 
---------------
..AOO&gt; | ......
...... | ......
...... | ......
...... | ......
...... | ......
...... | ......

step=4, rand=2, actions=&lt;Step&gt;
Want   | Got ✗ 
---------------
&gt;.AOOO | ......
...... | ......
...... | ......
...... | ......
...... | ......
...... | ......

step=5, rand=2, actions=&lt;Step&gt;
Want   | Got ✗ 
---------------
O&gt;AOOO | ......
...... | ......
...... | ......
...... | ......
...... | ......
...... | ......

step=6, rand=2, actions=&lt;Step&gt;
Want   | Got ✗ 
---------------
OO&gt;OOO | ......
..A... | ......
...... | ......
...... | ......
...... | ......
...... | ......

step=7, rand=2, actions=&lt;ChangeDir(South()), Step&gt;
Want   | Got ✗ 
---------------
OOOOOO | ......
..vA.. | ......
...... | ......
...... | ......
...... | ......
...... | ......

step=8, rand=2, actions=&lt;Step&gt;
Want   | Got ✗ 
---------------
OOOOOO | ......
..OA.. | ......
..v... | ......
...... | ......
...... | ......
...... | ......

step=9, rand=2, actions=&lt;ChangeDir(West()), Step&gt;
Want   | Got ✗ 
---------------
OOOOOO | ......
..OA.. | ......
.&lt;O... | ......
...... | ......
...... | ......
...... | ......

step=10, rand=2, actions=&lt;ChangeDir(North()), Step&gt;
Want   | Got ✗ 
---------------
OOOOOO | ......
.^OA.. | ......
.OO... | ......
...... | ......
...... | ......
...... | ......

step=11, rand=2, actions=&lt;ChangeDir(West()), Step&gt;
Want   | Got ✗ 
---------------
OOOOOO | ......
&lt;OOA.. | ......
.OO... | ......
...... | ......
...... | ......
...... | ......

step=12, rand=2, actions=&lt;Step&gt;
Want   | Got ✗ 
---------------
OOOOOO | ......
OOOA.&lt; | ......
.OO... | ......
...... | ......
...... | ......
...... | ......

step=13, rand=2, actions=&lt;Step&gt;
Want   | Got ✗ 
---------------
OOO.OO | ......
OOOA&lt;O | ......
.OO... | ......
...... | ......
...... | ......
...... | ......

step=14, rand=2, actions=&lt;Step&gt;
Want   | Got ✗ 
---------------
OOO..O | ......
OOO&lt;OO | ......
AOO... | ......
...... | ......
...... | ......
...... | ......

step=15, rand=2, actions=&lt;ChangeDir(North()), Step&gt;
Want   | Got ✗ 
---------------
OOO^.O | ......
OOOOOO | ......
AOO... | ......
...... | ......
...... | ......
...... | ......

step=16, rand=2, actions=&lt;Step&gt;
Want   | Got ✗ 
---------------
OOOO.O | ......
OOOOOO | ......
AOO... | ......
...... | ......
...... | ......
...^.. | ......

step=17, rand=2, actions=&lt;Step&gt;
Want   | Got ✗ 
---------------
OOOO.O | ......
OOOOOO | ......
AOO... | ......
...... | ......
...^.. | ......
...O.. | ......

step=18, rand=2, actions=&lt;ChangeDir(West()), Step&gt;
Want   | Got ✗ 
---------------
OOOO.. | ......
OOOOOO | ......
AOO... | ......
...... | ......
..&lt;O.. | ......
...O.. | ......

step=19, rand=2, actions=&lt;Step&gt;
Want   | Got ✗ 
---------------
.OOO.. | ......
OOOOOO | ......
AOO... | ......
...... | ......
.&lt;OO.. | ......
...O.. | ......

step=20, rand=2, actions=&lt;Step&gt;
Want   | Got ✗ 
---------------
..OO.. | ......
OOOOOO | ......
AOO... | ......
...... | ......
&lt;OOO.. | ......
...O.. | ......

step=21, rand=2, actions=&lt;ChangeDir(North()), Step&gt;
Want   | Got ✗ 
---------------
...O.. | ......
OOOOOO | ......
AOO... | ......
^..... | ......
OOOO.. | ......
...O.. | ......

step=22, rand=2, actions=&lt;Step&gt;
Want   | Got ✗ 
---------------
..AO.. | ......
OO.OOO | ......
^OO... | ......
O..... | ......
OOOO.. | ......
...O.. | ......

step=23, rand=2, actions=&lt;ChangeDir(West()), Step&gt;
Want   | Got ✗ 
---------------
..AO.. | ......
OO.OOO | ......
OOO..&lt; | ......
O..... | ......
OOOO.. | ......
...O.. | ......

step=24, rand=2, actions=&lt;Step&gt;
Want   | Got ✗ 
---------------
..AO.. | ......
OO.OOO | ......
OOO.&lt;O | ......
O..... | ......
OOOO.. | ......
...O.. | ......

step=25, rand=2, actions=&lt;ChangeDir(South()), Step&gt;
Want   | Got ✗ 
---------------
..AO.. | ......
OO.OOO | ......
OOO.OO | ......
O...v. | ......
OOOO.. | ......
...O.. | ......

step=26, rand=2, actions=&lt;ChangeDir(East()), Step&gt;
Want   | Got ✗ 
---------------
..AO.. | ......
OO.OOO | ......
OO..OO | ......
O...O&gt; | ......
OOOO.. | ......
...O.. | ......

step=27, rand=2, actions=&lt;Step&gt;
Want              | Got ✗ 
--------------------------
GameOverDisplay() | ......
                  | ......
                  | ......
                  | ......
                  | ......
                  | ......


	at app//org.scalatest.Assertions.newAssertionFailedException(Assertions.scala:530)
	at app//org.scalatest.Assertions.newAssertionFailedException$(Assertions.scala:529)
	at app//org.scalatest.FunSuite.newAssertionFailedException(FunSuite.scala:1560)
	at app//org.scalatest.Assertions$AssertionsHelper.macroAssert(Assertions.scala:503)
	at app//generic.GameTestSuite.checkGame(GameTestSuite.scala:298)
	at app//snake.SnakeTestSuiteBase.checkGame(SnakeTestSuiteBase.scala:102)
	at app//snake.basic.FullGameTests.$anonfun$new$2(FullGameTests.scala:223)
	at app//scala.runtime.java8.JFunction0$mcV$sp.apply(JFunction0$mcV$sp.scala:18)
	at app//infrastructure.TestBase.$anonfun$test$1(TestBase.scala:36)
	at app//org.scalatest.OutcomeOf.outcomeOf(OutcomeOf.scala:85)
	at app//org.scalatest.OutcomeOf.outcomeOf$(OutcomeOf.scala:83)
	at app//org.scalatest.OutcomeOf$.outcomeOf(OutcomeOf.scala:104)
	at app//org.scalatest.Transformer.apply(Transformer.scala:22)
	at app//org.scalatest.Transformer.apply(Transformer.scala:20)
	at app//org.scalatest.FunSuiteLike$$anon$1.apply(FunSuiteLike.scala:186)
	at app//org.scalatest.TestSuite.withFixture(TestSuite.scala:196)
	at app//org.scalatest.TestSuite.withFixture$(TestSuite.scala:195)
	at app//infrastructure.TestBase.org$scalatest$concurrent$TimeLimitedTests$$super$withFixture(TestBase.scala:9)
	at app//org.scalatest.concurrent.TimeLimitedTests.$anonfun$withFixture$3(TimeLimitedTests.scala:154)
	at app//org.scalatest.enablers.Timed$$anon$1.timeoutAfter(Timed.scala:127)
	at app//org.scalatest.concurrent.TimeLimits.failAfterImpl(TimeLimits.scala:239)
	at app//org.scalatest.concurrent.TimeLimits.failAfterImpl$(TimeLimits.scala:233)
	at app//org.scalatest.concurrent.TimeLimits$.failAfterImpl(TimeLimits.scala:305)
	at app//org.scalatest.concurrent.TimeLimitedTests.withFixture(TimeLimitedTests.scala:153)
	at app//org.scalatest.concurrent.TimeLimitedTests.withFixture$(TimeLimitedTests.scala:150)
	at app//infrastructure.TestBase.withFixture(TestBase.scala:9)
	at app//org.scalatest.FunSuiteLike.invokeWithFixture$1(FunSuiteLike.scala:184)
	at app//org.scalatest.FunSuiteLike.$anonfun$runTest$1(FunSuiteLike.scala:196)
	at app//org.scalatest.SuperEngine.runTestImpl(Engine.scala:286)
	at app//org.scalatest.FunSuiteLike.runTest(FunSuiteLike.scala:196)
	at app//org.scalatest.FunSuiteLike.runTest$(FunSuiteLike.scala:178)
	at app//org.scalatest.FunSuite.runTest(FunSuite.scala:1560)
	at app//org.scalatest.FunSuiteLike.$anonfun$runTests$1(FunSuiteLike.scala:229)
	at app//org.scalatest.SuperEngine.$anonfun$runTestsInBranch$1(Engine.scala:393)
	at app//scala.collection.immutable.List.foreach(List.scala:333)
	at app//org.scalatest.SuperEngine.traverseSubNodes$1(Engine.scala:381)
	at app//org.scalatest.SuperEngine.runTestsInBranch(Engine.scala:376)
	at app//org.scalatest.SuperEngine.runTestsImpl(Engine.scala:458)
	at app//org.scalatest.FunSuiteLike.runTests(FunSuiteLike.scala:229)
	at app//org.scalatest.FunSuiteLike.runTests$(FunSuiteLike.scala:228)
	at app//org.scalatest.FunSuite.runTests(FunSuite.scala:1560)
	at app//org.scalatest.Suite.run(Suite.scala:1124)
	at app//org.scalatest.Suite.run$(Suite.scala:1106)
	at app//org.scalatest.FunSuite.org$scalatest$FunSuiteLike$$super$run(FunSuite.scala:1560)
	at app//org.scalatest.FunSuiteLike.$anonfun$run$1(FunSuiteLike.scala:233)
	at app//org.scalatest.SuperEngine.runImpl(Engine.scala:518)
	at app//org.scalatest.FunSuiteLike.run(FunSuiteLike.scala:233)
	at app//org.scalatest.FunSuiteLike.run$(FunSuiteLike.scala:232)
	at app//infrastructure.TestBase.run(TestBase.scala:26)
	at app//org.scalatest.Suite.callExecuteOnSuite$1(Suite.scala:1187)
	at app//org.scalatest.Suite.$anonfun$runNestedSuites$1(Suite.scala:1234)
	at app//scala.collection.ArrayOps$.foreach$extension(ArrayOps.scala:1323)
	at app//org.scalatest.Suite.runNestedSuites(Suite.scala:1232)
	at app//org.scalatest.Suite.runNestedSuites$(Suite.scala:1166)
	at app//org.scalatest.Suites.runNestedSuites(Suites.scala:56)
	at app//org.scalatest.Suite.run(Suite.scala:1121)
	at app//org.scalatest.Suite.run$(Suite.scala:1106)
	at app//snake.SnakeTestSuite.runDirect(SnakeTestSuite.scala:24)
	at app//snake.SnakeTestSuite.run(SnakeTestSuite.scala:16)
	at app//org.scalatestplus.junit.JUnitRunner.run(JUnitRunner.scala:99)
	at app//org.junit.runner.JUnitCore.run(JUnitCore.java:137)
	at app//org.junit.runner.JUnitCore.run(JUnitCore.java:115)
	at app//org.junit.vintage.engine.execution.RunnerExecutor.execute(RunnerExecutor.java:42)
	at app//org.junit.vintage.engine.VintageTestEngine.executeAllChildren(VintageTestEngine.java:80)
	at app//org.junit.vintage.engine.VintageTestEngine.execute(VintageTestEngine.java:72)
	at org.junit.platform.launcher.core.EngineExecutionOrchestrator.execute(EngineExecutionOrchestrator.java:107)
	at org.junit.platform.launcher.core.EngineExecutionOrchestrator.execute(EngineExecutionOrchestrator.java:88)
	at org.junit.platform.launcher.core.EngineExecutionOrchestrator.lambda$execute$0(EngineExecutionOrchestrator.java:54)
	at org.junit.platform.launcher.core.EngineExecutionOrchestrator.withInterceptedStreams(EngineExecutionOrchestrator.java:67)
	at org.junit.platform.launcher.core.EngineExecutionOrchestrator.execute(EngineExecutionOrchestrator.java:52)
	at org.junit.platform.launcher.core.DefaultLauncher.execute(DefaultLauncher.java:114)
	at org.junit.platform.launcher.core.DefaultLauncher.execute(DefaultLauncher.java:86)
	at org.junit.platform.launcher.core.DefaultLauncherSession$DelegatingLauncher.execute(DefaultLauncherSession.java:86)
	at org.junit.platform.launcher.core.SessionPerRequestLauncher.execute(SessionPerRequestLauncher.java:53)
	at org.gradle.api.internal.tasks.testing.junitplatform.JUnitPlatformTestClassProcessor$CollectAllTestClassesExecutor.processAllTestClasses(JUnitPlatformTestClassProcessor.java:99)
	at org.gradle.api.internal.tasks.testing.junitplatform.JUnitPlatformTestClassProcessor$CollectAllTestClassesExecutor.access$000(JUnitPlatformTestClassProcessor.java:79)
	at org.gradle.api.internal.tasks.testing.junitplatform.JUnitPlatformTestClassProcessor.stop(JUnitPlatformTestClassProcessor.java:75)
	at org.gradle.api.internal.tasks.testing.SuiteTestClassProcessor.stop(SuiteTestClassProcessor.java:61)
	at java.base@18.0.2.1/jdk.internal.reflect.DirectMethodHandleAccessor.invoke(DirectMethodHandleAccessor.java:104)
	at java.base@18.0.2.1/java.lang.reflect.Method.invoke(Method.java:577)
	at org.gradle.internal.dispatch.ReflectionDispatch.dispatch(ReflectionDispatch.java:36)
	at org.gradle.internal.dispatch.ReflectionDispatch.dispatch(ReflectionDispatch.java:24)
	at org.gradle.internal.dispatch.ContextClassLoaderDispatch.dispatch(ContextClassLoaderDispatch.java:33)
	at org.gradle.internal.dispatch.ProxyDispatchAdapter$DispatchingInvocationHandler.invoke(ProxyDispatchAdapter.java:94)
	at jdk.proxy1/jdk.proxy1.$Proxy2.stop(Unknown Source)
	at org.gradle.api.internal.tasks.testing.worker.TestWorker$3.run(TestWorker.java:193)
	at org.gradle.api.internal.tasks.testing.worker.TestWorker.executeAndMaintainThreadName(TestWorker.java:129)
	at org.gradle.api.internal.tasks.testing.worker.TestWorker.execute(TestWorker.java:100)
	at org.gradle.api.internal.tasks.testing.worker.TestWorker.execute(TestWorker.java:60)
	at org.gradle.process.internal.worker.child.ActionExecutionWorker.execute(ActionExecutionWorker.java:56)
	at org.gradle.process.internal.worker.child.SystemApplicationClassLoaderWorker.call(SystemApplicationClassLoaderWorker.java:133)
	at org.gradle.process.internal.worker.child.SystemApplicationClassLoaderWorker.call(SystemApplicationClassLoaderWorker.java:71)
	at app//worker.org.gradle.process.internal.worker.GradleWorkerMain.run(GradleWorkerMain.java:69)
	at app//worker.org.gradle.process.internal.worker.GradleWorkerMain.main(GradleWorkerMain.java:74)
</failure>
  </testcase>
  <testcase name="testGame6x3" classname="snake.basic.FullGameTests" time="0.006">
    <failure message="org.scalatest.exceptions.TestFailedException: didPass was false&#10;Hint: The game should work at any board size which can hold the initial snake. In this case 6x3.&#10;--------------------------------------------------------------------------------&#10;This is what went wrong:&#10;&#10;step=0, rand=2, actions=&lt;&gt;&#10;Want   | Got ✗ &#10;---------------&#10;OO&gt;..A | ......&#10;...... | ......&#10;...... | ......&#10;&#10;step=1, rand=2, actions=&lt;Step&gt;&#10;Want   | Got ✗ &#10;---------------&#10;.OO&gt;.A | ......&#10;...... | ......&#10;...... | ......&#10;&#10;step=2, rand=2, actions=&lt;Step&gt;&#10;Want   | Got ✗ &#10;---------------&#10;..OO&gt;A | ......&#10;...... | ......&#10;...... | ......&#10;&#10;step=3, rand=2, actions=&lt;Step&gt;&#10;Want   | Got ✗ &#10;---------------&#10;..AOO&gt; | ......&#10;...... | ......&#10;...... | ......&#10;&#10;step=4, rand=2, actions=&lt;Step&gt;&#10;Want   | Got ✗ &#10;---------------&#10;&gt;.AOOO | ......&#10;...... | ......&#10;...... | ......&#10;&#10;step=5, rand=2, actions=&lt;Step&gt;&#10;Want   | Got ✗ &#10;---------------&#10;O&gt;AOOO | ......&#10;...... | ......&#10;...... | ......&#10;&#10;step=6, rand=2, actions=&lt;Step&gt;&#10;Want   | Got ✗ &#10;---------------&#10;OO&gt;OOO | ......&#10;..A... | ......&#10;...... | ......&#10;&#10;step=7, rand=2, actions=&lt;ChangeDir(North()), Step&gt;&#10;Want   | Got ✗ &#10;---------------&#10;OOOOOO | ......&#10;..A... | ......&#10;..^... | ......&#10;&#10;step=8, rand=2, actions=&lt;Step&gt;&#10;Want   | Got ✗ &#10;---------------&#10;OOOOOO | ......&#10;..^A.. | ......&#10;..O... | ......&#10;&#10;step=9, rand=2, actions=&lt;ChangeDir(West()), Step&gt;&#10;Want   | Got ✗ &#10;---------------&#10;OOOOOO | ......&#10;.&lt;OA.. | ......&#10;..O... | ......&#10;&#10;step=10, rand=2, actions=&lt;Step&gt;&#10;Want   | Got ✗ &#10;---------------&#10;OOOOOO | ......&#10;&lt;OOA.. | ......&#10;..O... | ......&#10;&#10;step=11, rand=2, actions=&lt;Step&gt;&#10;Want   | Got ✗ &#10;---------------&#10;OOOOOO | ......&#10;OOOA.&lt; | ......&#10;..O... | ......&#10;&#10;step=12, rand=2, actions=&lt;Step&gt;&#10;Want   | Got ✗ &#10;---------------&#10;OOOOOO | ......&#10;OOOA&lt;O | ......&#10;..O... | ......&#10;&#10;step=13, rand=2, actions=&lt;Step&gt;&#10;Want   | Got ✗ &#10;---------------&#10;OOO.OO | ......&#10;OOO&lt;OO | ......&#10;.AO... | ......&#10;&#10;step=14, rand=2, actions=&lt;ChangeDir(South()), Step&gt;&#10;Want   | Got ✗ &#10;---------------&#10;OOO.OO | ......&#10;OOOOOO | ......&#10;.AOv.. | ......&#10;&#10;step=15, rand=2, actions=&lt;ChangeDir(East()), Step&gt;&#10;Want   | Got ✗ &#10;---------------&#10;OOO.OO | ......&#10;OOOOOO | ......&#10;.AOO&gt;. | ......&#10;&#10;step=16, rand=2, actions=&lt;Step&gt;&#10;Want   | Got ✗ &#10;---------------&#10;OOO.OO | ......&#10;OOOOOO | ......&#10;.AOOO&gt; | ......&#10;&#10;step=17, rand=2, actions=&lt;Step&gt;&#10;Want   | Got ✗ &#10;---------------&#10;OOO..O | ......&#10;OOOOOO | ......&#10;&gt;AOOOO | ......&#10;&#10;step=18, rand=2, actions=&lt;Step&gt;&#10;Want   | Got ✗ &#10;---------------&#10;OOO..A | ......&#10;OOOOOO | ......&#10;O&gt;OOOO | ......&#10;&#10;step=19, rand=2, actions=&lt;Step&gt;&#10;Want              | Got ✗ &#10;--------------------------&#10;GameOverDisplay() | ......&#10;                  | ......&#10;                  | ......&#10;&#10;" type="org.scalatest.exceptions.TestFailedException">org.scalatest.exceptions.TestFailedException: didPass was false
Hint: The game should work at any board size which can hold the initial snake. In this case 6x3.
--------------------------------------------------------------------------------
This is what went wrong:

step=0, rand=2, actions=&lt;&gt;
Want   | Got ✗ 
---------------
OO&gt;..A | ......
...... | ......
...... | ......

step=1, rand=2, actions=&lt;Step&gt;
Want   | Got ✗ 
---------------
.OO&gt;.A | ......
...... | ......
...... | ......

step=2, rand=2, actions=&lt;Step&gt;
Want   | Got ✗ 
---------------
..OO&gt;A | ......
...... | ......
...... | ......

step=3, rand=2, actions=&lt;Step&gt;
Want   | Got ✗ 
---------------
..AOO&gt; | ......
...... | ......
...... | ......

step=4, rand=2, actions=&lt;Step&gt;
Want   | Got ✗ 
---------------
&gt;.AOOO | ......
...... | ......
...... | ......

step=5, rand=2, actions=&lt;Step&gt;
Want   | Got ✗ 
---------------
O&gt;AOOO | ......
...... | ......
...... | ......

step=6, rand=2, actions=&lt;Step&gt;
Want   | Got ✗ 
---------------
OO&gt;OOO | ......
..A... | ......
...... | ......

step=7, rand=2, actions=&lt;ChangeDir(North()), Step&gt;
Want   | Got ✗ 
---------------
OOOOOO | ......
..A... | ......
..^... | ......

step=8, rand=2, actions=&lt;Step&gt;
Want   | Got ✗ 
---------------
OOOOOO | ......
..^A.. | ......
..O... | ......

step=9, rand=2, actions=&lt;ChangeDir(West()), Step&gt;
Want   | Got ✗ 
---------------
OOOOOO | ......
.&lt;OA.. | ......
..O... | ......

step=10, rand=2, actions=&lt;Step&gt;
Want   | Got ✗ 
---------------
OOOOOO | ......
&lt;OOA.. | ......
..O... | ......

step=11, rand=2, actions=&lt;Step&gt;
Want   | Got ✗ 
---------------
OOOOOO | ......
OOOA.&lt; | ......
..O... | ......

step=12, rand=2, actions=&lt;Step&gt;
Want   | Got ✗ 
---------------
OOOOOO | ......
OOOA&lt;O | ......
..O... | ......

step=13, rand=2, actions=&lt;Step&gt;
Want   | Got ✗ 
---------------
OOO.OO | ......
OOO&lt;OO | ......
.AO... | ......

step=14, rand=2, actions=&lt;ChangeDir(South()), Step&gt;
Want   | Got ✗ 
---------------
OOO.OO | ......
OOOOOO | ......
.AOv.. | ......

step=15, rand=2, actions=&lt;ChangeDir(East()), Step&gt;
Want   | Got ✗ 
---------------
OOO.OO | ......
OOOOOO | ......
.AOO&gt;. | ......

step=16, rand=2, actions=&lt;Step&gt;
Want   | Got ✗ 
---------------
OOO.OO | ......
OOOOOO | ......
.AOOO&gt; | ......

step=17, rand=2, actions=&lt;Step&gt;
Want   | Got ✗ 
---------------
OOO..O | ......
OOOOOO | ......
&gt;AOOOO | ......

step=18, rand=2, actions=&lt;Step&gt;
Want   | Got ✗ 
---------------
OOO..A | ......
OOOOOO | ......
O&gt;OOOO | ......

step=19, rand=2, actions=&lt;Step&gt;
Want              | Got ✗ 
--------------------------
GameOverDisplay() | ......
                  | ......
                  | ......


	at app//org.scalatest.Assertions.newAssertionFailedException(Assertions.scala:530)
	at app//org.scalatest.Assertions.newAssertionFailedException$(Assertions.scala:529)
	at app//org.scalatest.FunSuite.newAssertionFailedException(FunSuite.scala:1560)
	at app//org.scalatest.Assertions$AssertionsHelper.macroAssert(Assertions.scala:503)
	at app//generic.GameTestSuite.checkGame(GameTestSuite.scala:298)
	at app//snake.SnakeTestSuiteBase.checkGame(SnakeTestSuiteBase.scala:102)
	at app//snake.basic.FullGameTests.$anonfun$new$3(FullGameTests.scala:308)
	at app//scala.runtime.java8.JFunction0$mcV$sp.apply(JFunction0$mcV$sp.scala:18)
	at app//infrastructure.TestBase.$anonfun$test$1(TestBase.scala:36)
	at app//org.scalatest.OutcomeOf.outcomeOf(OutcomeOf.scala:85)
	at app//org.scalatest.OutcomeOf.outcomeOf$(OutcomeOf.scala:83)
	at app//org.scalatest.OutcomeOf$.outcomeOf(OutcomeOf.scala:104)
	at app//org.scalatest.Transformer.apply(Transformer.scala:22)
	at app//org.scalatest.Transformer.apply(Transformer.scala:20)
	at app//org.scalatest.FunSuiteLike$$anon$1.apply(FunSuiteLike.scala:186)
	at app//org.scalatest.TestSuite.withFixture(TestSuite.scala:196)
	at app//org.scalatest.TestSuite.withFixture$(TestSuite.scala:195)
	at app//infrastructure.TestBase.org$scalatest$concurrent$TimeLimitedTests$$super$withFixture(TestBase.scala:9)
	at app//org.scalatest.concurrent.TimeLimitedTests.$anonfun$withFixture$3(TimeLimitedTests.scala:154)
	at app//org.scalatest.enablers.Timed$$anon$1.timeoutAfter(Timed.scala:127)
	at app//org.scalatest.concurrent.TimeLimits.failAfterImpl(TimeLimits.scala:239)
	at app//org.scalatest.concurrent.TimeLimits.failAfterImpl$(TimeLimits.scala:233)
	at app//org.scalatest.concurrent.TimeLimits$.failAfterImpl(TimeLimits.scala:305)
	at app//org.scalatest.concurrent.TimeLimitedTests.withFixture(TimeLimitedTests.scala:153)
	at app//org.scalatest.concurrent.TimeLimitedTests.withFixture$(TimeLimitedTests.scala:150)
	at app//infrastructure.TestBase.withFixture(TestBase.scala:9)
	at app//org.scalatest.FunSuiteLike.invokeWithFixture$1(FunSuiteLike.scala:184)
	at app//org.scalatest.FunSuiteLike.$anonfun$runTest$1(FunSuiteLike.scala:196)
	at app//org.scalatest.SuperEngine.runTestImpl(Engine.scala:286)
	at app//org.scalatest.FunSuiteLike.runTest(FunSuiteLike.scala:196)
	at app//org.scalatest.FunSuiteLike.runTest$(FunSuiteLike.scala:178)
	at app//org.scalatest.FunSuite.runTest(FunSuite.scala:1560)
	at app//org.scalatest.FunSuiteLike.$anonfun$runTests$1(FunSuiteLike.scala:229)
	at app//org.scalatest.SuperEngine.$anonfun$runTestsInBranch$1(Engine.scala:393)
	at app//scala.collection.immutable.List.foreach(List.scala:333)
	at app//org.scalatest.SuperEngine.traverseSubNodes$1(Engine.scala:381)
	at app//org.scalatest.SuperEngine.runTestsInBranch(Engine.scala:376)
	at app//org.scalatest.SuperEngine.runTestsImpl(Engine.scala:458)
	at app//org.scalatest.FunSuiteLike.runTests(FunSuiteLike.scala:229)
	at app//org.scalatest.FunSuiteLike.runTests$(FunSuiteLike.scala:228)
	at app//org.scalatest.FunSuite.runTests(FunSuite.scala:1560)
	at app//org.scalatest.Suite.run(Suite.scala:1124)
	at app//org.scalatest.Suite.run$(Suite.scala:1106)
	at app//org.scalatest.FunSuite.org$scalatest$FunSuiteLike$$super$run(FunSuite.scala:1560)
	at app//org.scalatest.FunSuiteLike.$anonfun$run$1(FunSuiteLike.scala:233)
	at app//org.scalatest.SuperEngine.runImpl(Engine.scala:518)
	at app//org.scalatest.FunSuiteLike.run(FunSuiteLike.scala:233)
	at app//org.scalatest.FunSuiteLike.run$(FunSuiteLike.scala:232)
	at app//infrastructure.TestBase.run(TestBase.scala:26)
	at app//org.scalatest.Suite.callExecuteOnSuite$1(Suite.scala:1187)
	at app//org.scalatest.Suite.$anonfun$runNestedSuites$1(Suite.scala:1234)
	at app//scala.collection.ArrayOps$.foreach$extension(ArrayOps.scala:1323)
	at app//org.scalatest.Suite.runNestedSuites(Suite.scala:1232)
	at app//org.scalatest.Suite.runNestedSuites$(Suite.scala:1166)
	at app//org.scalatest.Suites.runNestedSuites(Suites.scala:56)
	at app//org.scalatest.Suite.run(Suite.scala:1121)
	at app//org.scalatest.Suite.run$(Suite.scala:1106)
	at app//snake.SnakeTestSuite.runDirect(SnakeTestSuite.scala:24)
	at app//snake.SnakeTestSuite.run(SnakeTestSuite.scala:16)
	at app//org.scalatestplus.junit.JUnitRunner.run(JUnitRunner.scala:99)
	at app//org.junit.runner.JUnitCore.run(JUnitCore.java:137)
	at app//org.junit.runner.JUnitCore.run(JUnitCore.java:115)
	at app//org.junit.vintage.engine.execution.RunnerExecutor.execute(RunnerExecutor.java:42)
	at app//org.junit.vintage.engine.VintageTestEngine.executeAllChildren(VintageTestEngine.java:80)
	at app//org.junit.vintage.engine.VintageTestEngine.execute(VintageTestEngine.java:72)
	at org.junit.platform.launcher.core.EngineExecutionOrchestrator.execute(EngineExecutionOrchestrator.java:107)
	at org.junit.platform.launcher.core.EngineExecutionOrchestrator.execute(EngineExecutionOrchestrator.java:88)
	at org.junit.platform.launcher.core.EngineExecutionOrchestrator.lambda$execute$0(EngineExecutionOrchestrator.java:54)
	at org.junit.platform.launcher.core.EngineExecutionOrchestrator.withInterceptedStreams(EngineExecutionOrchestrator.java:67)
	at org.junit.platform.launcher.core.EngineExecutionOrchestrator.execute(EngineExecutionOrchestrator.java:52)
	at org.junit.platform.launcher.core.DefaultLauncher.execute(DefaultLauncher.java:114)
	at org.junit.platform.launcher.core.DefaultLauncher.execute(DefaultLauncher.java:86)
	at org.junit.platform.launcher.core.DefaultLauncherSession$DelegatingLauncher.execute(DefaultLauncherSession.java:86)
	at org.junit.platform.launcher.core.SessionPerRequestLauncher.execute(SessionPerRequestLauncher.java:53)
	at org.gradle.api.internal.tasks.testing.junitplatform.JUnitPlatformTestClassProcessor$CollectAllTestClassesExecutor.processAllTestClasses(JUnitPlatformTestClassProcessor.java:99)
	at org.gradle.api.internal.tasks.testing.junitplatform.JUnitPlatformTestClassProcessor$CollectAllTestClassesExecutor.access$000(JUnitPlatformTestClassProcessor.java:79)
	at org.gradle.api.internal.tasks.testing.junitplatform.JUnitPlatformTestClassProcessor.stop(JUnitPlatformTestClassProcessor.java:75)
	at org.gradle.api.internal.tasks.testing.SuiteTestClassProcessor.stop(SuiteTestClassProcessor.java:61)
	at java.base@18.0.2.1/jdk.internal.reflect.DirectMethodHandleAccessor.invoke(DirectMethodHandleAccessor.java:104)
	at java.base@18.0.2.1/java.lang.reflect.Method.invoke(Method.java:577)
	at org.gradle.internal.dispatch.ReflectionDispatch.dispatch(ReflectionDispatch.java:36)
	at org.gradle.internal.dispatch.ReflectionDispatch.dispatch(ReflectionDispatch.java:24)
	at org.gradle.internal.dispatch.ContextClassLoaderDispatch.dispatch(ContextClassLoaderDispatch.java:33)
	at org.gradle.internal.dispatch.ProxyDispatchAdapter$DispatchingInvocationHandler.invoke(ProxyDispatchAdapter.java:94)
	at jdk.proxy1/jdk.proxy1.$Proxy2.stop(Unknown Source)
	at org.gradle.api.internal.tasks.testing.worker.TestWorker$3.run(TestWorker.java:193)
	at org.gradle.api.internal.tasks.testing.worker.TestWorker.executeAndMaintainThreadName(TestWorker.java:129)
	at org.gradle.api.internal.tasks.testing.worker.TestWorker.execute(TestWorker.java:100)
	at org.gradle.api.internal.tasks.testing.worker.TestWorker.execute(TestWorker.java:60)
	at org.gradle.process.internal.worker.child.ActionExecutionWorker.execute(ActionExecutionWorker.java:56)
	at org.gradle.process.internal.worker.child.SystemApplicationClassLoaderWorker.call(SystemApplicationClassLoaderWorker.java:133)
	at org.gradle.process.internal.worker.child.SystemApplicationClassLoaderWorker.call(SystemApplicationClassLoaderWorker.java:71)
	at app//worker.org.gradle.process.internal.worker.GradleWorkerMain.run(GradleWorkerMain.java:69)
	at app//worker.org.gradle.process.internal.worker.GradleWorkerMain.main(GradleWorkerMain.java:74)
</failure>
  </testcase>
  <testcase name="testGame10x7" classname="snake.basic.FullGameTests" time="0.036">
    <failure message="org.scalatest.exceptions.TestFailedException: didPass was false&#10;Hint: The game should work at any board size which can hold the initial snake. In this case 10x7.&#10;--------------------------------------------------------------------------------&#10;This is what went wrong:&#10;&#10;step=0, rand=2, actions=&lt;&gt;&#10;Want       | Got ✗     &#10;-----------------------&#10;OO&gt;..A.... | ..........&#10;.......... | ..........&#10;.......... | ..........&#10;.......... | ..........&#10;.......... | ..........&#10;.......... | ..........&#10;.......... | ..........&#10;&#10;step=1, rand=2, actions=&lt;Step&gt;&#10;Want       | Got ✗     &#10;-----------------------&#10;.OO&gt;.A.... | ..........&#10;.......... | ..........&#10;.......... | ..........&#10;.......... | ..........&#10;.......... | ..........&#10;.......... | ..........&#10;.......... | ..........&#10;&#10;step=2, rand=2, actions=&lt;Step&gt;&#10;Want       | Got ✗     &#10;-----------------------&#10;..OO&gt;A.... | ..........&#10;.......... | ..........&#10;.......... | ..........&#10;.......... | ..........&#10;.......... | ..........&#10;.......... | ..........&#10;.......... | ..........&#10;&#10;step=3, rand=2, actions=&lt;Step&gt;&#10;Want       | Got ✗     &#10;-----------------------&#10;..AOO&gt;.... | ..........&#10;.......... | ..........&#10;.......... | ..........&#10;.......... | ..........&#10;.......... | ..........&#10;.......... | ..........&#10;.......... | ..........&#10;&#10;step=4, rand=2, actions=&lt;Step&gt;&#10;Want       | Got ✗     &#10;-----------------------&#10;..AOOO&gt;... | ..........&#10;.......... | ..........&#10;.......... | ..........&#10;.......... | ..........&#10;.......... | ..........&#10;.......... | ..........&#10;.......... | ..........&#10;&#10;step=5, rand=2, actions=&lt;Step&gt;&#10;Want       | Got ✗     &#10;-----------------------&#10;..AOOOO&gt;.. | ..........&#10;.......... | ..........&#10;.......... | ..........&#10;.......... | ..........&#10;.......... | ..........&#10;.......... | ..........&#10;.......... | ..........&#10;&#10;step=6, rand=2, actions=&lt;Step&gt;&#10;Want       | Got ✗     &#10;-----------------------&#10;..AOOOOO&gt;. | ..........&#10;.......... | ..........&#10;.......... | ..........&#10;.......... | ..........&#10;.......... | ..........&#10;.......... | ..........&#10;.......... | ..........&#10;&#10;step=7, rand=2, actions=&lt;Step&gt;&#10;Want       | Got ✗     &#10;-----------------------&#10;..A.OOOOO&gt; | ..........&#10;.......... | ..........&#10;.......... | ..........&#10;.......... | ..........&#10;.......... | ..........&#10;.......... | ..........&#10;.......... | ..........&#10;&#10;step=8, rand=2, actions=&lt;Step&gt;&#10;Want       | Got ✗     &#10;-----------------------&#10;&gt;.A..OOOOO | ..........&#10;.......... | ..........&#10;.......... | ..........&#10;.......... | ..........&#10;.......... | ..........&#10;.......... | ..........&#10;.......... | ..........&#10;&#10;step=9, rand=2, actions=&lt;Step&gt;&#10;Want       | Got ✗     &#10;-----------------------&#10;O&gt;A...OOOO | ..........&#10;.......... | ..........&#10;.......... | ..........&#10;.......... | ..........&#10;.......... | ..........&#10;.......... | ..........&#10;.......... | ..........&#10;&#10;step=10, rand=2, actions=&lt;Step&gt;&#10;Want       | Got ✗     &#10;-----------------------&#10;OO&gt;..A.OOO | ..........&#10;.......... | ..........&#10;.......... | ..........&#10;.......... | ..........&#10;.......... | ..........&#10;.......... | ..........&#10;.......... | ..........&#10;&#10;step=11, rand=2, actions=&lt;Step&gt;&#10;Want       | Got ✗     &#10;-----------------------&#10;OOO&gt;.A.OOO | ..........&#10;.......... | ..........&#10;.......... | ..........&#10;.......... | ..........&#10;.......... | ..........&#10;.......... | ..........&#10;.......... | ..........&#10;&#10;step=12, rand=2, actions=&lt;Step&gt;&#10;Want       | Got ✗     &#10;-----------------------&#10;OOOO&gt;A.OOO | ..........&#10;.......... | ..........&#10;.......... | ..........&#10;.......... | ..........&#10;.......... | ..........&#10;.......... | ..........&#10;.......... | ..........&#10;&#10;step=13, rand=2, actions=&lt;Step&gt;&#10;Want       | Got ✗     &#10;-----------------------&#10;OOOOO&gt;.OOO | ..........&#10;.A........ | ..........&#10;.......... | ..........&#10;.......... | ..........&#10;.......... | ..........&#10;.......... | ..........&#10;.......... | ..........&#10;&#10;step=14, rand=2, actions=&lt;Step&gt;&#10;Want       | Got ✗     &#10;-----------------------&#10;OOOOOO&gt;OOO | ..........&#10;.A........ | ..........&#10;.......... | ..........&#10;.......... | ..........&#10;.......... | ..........&#10;.......... | ..........&#10;.......... | ..........&#10;&#10;step=15, rand=2, actions=&lt;ChangeDir(North()), Step&gt;&#10;Want       | Got ✗     &#10;-----------------------&#10;OOOOOOOOOO | ..........&#10;.A........ | ..........&#10;.......... | ..........&#10;.......... | ..........&#10;.......... | ..........&#10;.......... | ..........&#10;......^... | ..........&#10;&#10;step=16, rand=2, actions=&lt;Step&gt;&#10;Want       | Got ✗     &#10;-----------------------&#10;OOOOOOOOOO | ..........&#10;.A........ | ..........&#10;.......... | ..........&#10;.......... | ..........&#10;.......... | ..........&#10;......^... | ..........&#10;......O... | ..........&#10;&#10;step=17, rand=2, actions=&lt;ChangeDir(East()), Step&gt;&#10;Want       | Got ✗     &#10;-----------------------&#10;OOOOOOO.OO | ..........&#10;.A........ | ..........&#10;.......... | ..........&#10;.......... | ..........&#10;.......... | ..........&#10;......O&gt;.. | ..........&#10;......O... | ..........&#10;&#10;step=18, rand=2, actions=&lt;Step&gt;&#10;Want       | Got ✗     &#10;-----------------------&#10;OOOOOOO..O | ..........&#10;.A........ | ..........&#10;.......... | ..........&#10;.......... | ..........&#10;.......... | ..........&#10;......OO&gt;. | ..........&#10;......O... | ..........&#10;&#10;step=19, rand=2, actions=&lt;Step&gt;&#10;Want       | Got ✗     &#10;-----------------------&#10;OOOOOOO... | ..........&#10;.A........ | ..........&#10;.......... | ..........&#10;.......... | ..........&#10;.......... | ..........&#10;......OOO&gt; | ..........&#10;......O... | ..........&#10;&#10;step=20, rand=2, actions=&lt;Step&gt;&#10;Want       | Got ✗     &#10;-----------------------&#10;.OOOOOO... | ..........&#10;.A........ | ..........&#10;.......... | ..........&#10;.......... | ..........&#10;.......... | ..........&#10;&gt;.....OOOO | ..........&#10;......O... | ..........&#10;&#10;step=21, rand=2, actions=&lt;Step&gt;&#10;Want       | Got ✗     &#10;-----------------------&#10;..OOOOO... | ..........&#10;.A........ | ..........&#10;.......... | ..........&#10;.......... | ..........&#10;.......... | ..........&#10;O&gt;....OOOO | ..........&#10;......O... | ..........&#10;&#10;step=22, rand=2, actions=&lt;Step&gt;&#10;Want       | Got ✗     &#10;-----------------------&#10;...OOOO... | ..........&#10;.A........ | ..........&#10;.......... | ..........&#10;.......... | ..........&#10;.......... | ..........&#10;OO&gt;...OOOO | ..........&#10;......O... | ..........&#10;&#10;step=23, rand=2, actions=&lt;Step&gt;&#10;Want       | Got ✗     &#10;-----------------------&#10;....OOO... | ..........&#10;.A........ | ..........&#10;.......... | ..........&#10;.......... | ..........&#10;.......... | ..........&#10;OOO&gt;..OOOO | ..........&#10;......O... | ..........&#10;&#10;step=24, rand=2, actions=&lt;Step&gt;&#10;Want       | Got ✗     &#10;-----------------------&#10;.....OO... | ..........&#10;.A........ | ..........&#10;.......... | ..........&#10;.......... | ..........&#10;.......... | ..........&#10;OOOO&gt;.OOOO | ..........&#10;......O... | ..........&#10;&#10;step=25, rand=2, actions=&lt;ChangeDir(North()), Step&gt;&#10;Want       | Got ✗     &#10;-----------------------&#10;......O... | ..........&#10;.A........ | ..........&#10;.......... | ..........&#10;.......... | ..........&#10;....^..... | ..........&#10;OOOOO.OOOO | ..........&#10;......O... | ..........&#10;&#10;step=26, rand=2, actions=&lt;Step&gt;&#10;Want       | Got ✗     &#10;-----------------------&#10;.......... | ..........&#10;.A........ | ..........&#10;.......... | ..........&#10;....^..... | ..........&#10;....O..... | ..........&#10;OOOOO.OOOO | ..........&#10;......O... | ..........&#10;&#10;step=27, rand=2, actions=&lt;Step&gt;&#10;Want       | Got ✗     &#10;-----------------------&#10;.......... | ..........&#10;.A........ | ..........&#10;....^..... | ..........&#10;....O..... | ..........&#10;....O..... | ..........&#10;OOOOO.OOOO | ..........&#10;.......... | ..........&#10;&#10;step=28, rand=2, actions=&lt;Step&gt;&#10;Want       | Got ✗     &#10;-----------------------&#10;.......... | ..........&#10;.A..^..... | ..........&#10;....O..... | ..........&#10;....O..... | ..........&#10;....O..... | ..........&#10;OOOOO..OOO | ..........&#10;.......... | ..........&#10;&#10;step=29, rand=2, actions=&lt;ChangeDir(West()), Step&gt;&#10;Want       | Got ✗     &#10;-----------------------&#10;.......... | ..........&#10;.A.&lt;O..... | ..........&#10;....O..... | ..........&#10;....O..... | ..........&#10;....O..... | ..........&#10;OOOOO...OO | ..........&#10;.......... | ..........&#10;&#10;step=30, rand=2, actions=&lt;Step&gt;&#10;Want       | Got ✗     &#10;-----------------------&#10;.......... | ..........&#10;.A&lt;OO..... | ..........&#10;....O..... | ..........&#10;....O..... | ..........&#10;....O..... | ..........&#10;OOOOO....O | ..........&#10;.......... | ..........&#10;&#10;step=31, rand=2, actions=&lt;Step&gt;&#10;Want       | Got ✗     &#10;-----------------------&#10;..A....... | ..........&#10;.&lt;OOO..... | ..........&#10;....O..... | ..........&#10;....O..... | ..........&#10;....O..... | ..........&#10;OOOOO..... | ..........&#10;.......... | ..........&#10;&#10;step=32, rand=2, actions=&lt;Step&gt;&#10;Want       | Got ✗     &#10;-----------------------&#10;..A....... | ..........&#10;&lt;OOOO..... | ..........&#10;....O..... | ..........&#10;....O..... | ..........&#10;....O..... | ..........&#10;OOOOO..... | ..........&#10;.......... | ..........&#10;&#10;step=33, rand=2, actions=&lt;Step&gt;&#10;Want       | Got ✗     &#10;-----------------------&#10;..A....... | ..........&#10;OOOOO....&lt; | ..........&#10;....O..... | ..........&#10;....O..... | ..........&#10;....O..... | ..........&#10;OOOOO..... | ..........&#10;.......... | ..........&#10;&#10;step=34, rand=2, actions=&lt;Step&gt;&#10;Want       | Got ✗     &#10;-----------------------&#10;..A....... | ..........&#10;OOOOO...&lt;O | ..........&#10;....O..... | ..........&#10;....O..... | ..........&#10;....O..... | ..........&#10;OOOOO..... | ..........&#10;.......... | ..........&#10;&#10;step=35, rand=2, actions=&lt;ChangeDir(South()), Step&gt;&#10;Want       | Got ✗     &#10;-----------------------&#10;..A....... | ..........&#10;OOOOO...OO | ..........&#10;....O...v. | ..........&#10;....O..... | ..........&#10;....O..... | ..........&#10;.OOOO..... | ..........&#10;.......... | ..........&#10;&#10;step=36, rand=2, actions=&lt;Step&gt;&#10;Want       | Got ✗     &#10;-----------------------&#10;..A....... | ..........&#10;OOOOO...OO | ..........&#10;....O...O. | ..........&#10;....O...v. | ..........&#10;....O..... | ..........&#10;..OOO..... | ..........&#10;.......... | ..........&#10;&#10;step=37, rand=2, actions=&lt;Step&gt;&#10;Want       | Got ✗     &#10;-----------------------&#10;..A....... | ..........&#10;OOOOO...OO | ..........&#10;....O...O. | ..........&#10;....O...O. | ..........&#10;....O...v. | ..........&#10;...OO..... | ..........&#10;.......... | ..........&#10;&#10;step=38, rand=2, actions=&lt;Step&gt;&#10;Want       | Got ✗     &#10;-----------------------&#10;..A....... | ..........&#10;OOOOO...OO | ..........&#10;....O...O. | ..........&#10;....O...O. | ..........&#10;....O...O. | ..........&#10;....O...v. | ..........&#10;.......... | ..........&#10;&#10;step=39, rand=2, actions=&lt;Step&gt;&#10;Want       | Got ✗     &#10;-----------------------&#10;..A....... | ..........&#10;OOOOO...OO | ..........&#10;....O...O. | ..........&#10;....O...O. | ..........&#10;....O...O. | ..........&#10;........O. | ..........&#10;........v. | ..........&#10;&#10;step=40, rand=2, actions=&lt;Step&gt;&#10;Want       | Got ✗     &#10;-----------------------&#10;..A.....v. | ..........&#10;OOOOO...OO | ..........&#10;....O...O. | ..........&#10;....O...O. | ..........&#10;........O. | ..........&#10;........O. | ..........&#10;........O. | ..........&#10;&#10;step=41, rand=2, actions=&lt;ChangeDir(West()), Step&gt;&#10;Want       | Got ✗     &#10;-----------------------&#10;..A....&lt;O. | ..........&#10;OOOOO...OO | ..........&#10;....O...O. | ..........&#10;........O. | ..........&#10;........O. | ..........&#10;........O. | ..........&#10;........O. | ..........&#10;&#10;step=42, rand=2, actions=&lt;Step&gt;&#10;Want       | Got ✗     &#10;-----------------------&#10;..A...&lt;OO. | ..........&#10;OOOOO...OO | ..........&#10;........O. | ..........&#10;........O. | ..........&#10;........O. | ..........&#10;........O. | ..........&#10;........O. | ..........&#10;&#10;step=43, rand=2, actions=&lt;Step&gt;&#10;Want       | Got ✗     &#10;-----------------------&#10;..A..&lt;OOO. | ..........&#10;OOOO....OO | ..........&#10;........O. | ..........&#10;........O. | ..........&#10;........O. | ..........&#10;........O. | ..........&#10;........O. | ..........&#10;&#10;step=44, rand=2, actions=&lt;Step&gt;&#10;Want       | Got ✗     &#10;-----------------------&#10;..A.&lt;OOOO. | ..........&#10;OOO.....OO | ..........&#10;........O. | ..........&#10;........O. | ..........&#10;........O. | ..........&#10;........O. | ..........&#10;........O. | ..........&#10;&#10;step=45, rand=2, actions=&lt;Step&gt;&#10;Want       | Got ✗     &#10;-----------------------&#10;..A&lt;OOOOO. | ..........&#10;OO......OO | ..........&#10;........O. | ..........&#10;........O. | ..........&#10;........O. | ..........&#10;........O. | ..........&#10;........O. | ..........&#10;&#10;step=46, rand=2, actions=&lt;Step&gt;&#10;Want       | Got ✗     &#10;-----------------------&#10;..&lt;OOOOOOA | ..........&#10;O.......OO | ..........&#10;........O. | ..........&#10;........O. | ..........&#10;........O. | ..........&#10;........O. | ..........&#10;........O. | ..........&#10;&#10;step=47, rand=2, actions=&lt;Step&gt;&#10;Want       | Got ✗     &#10;-----------------------&#10;.&lt;OOOOOOOA | ..........&#10;O.......OO | ..........&#10;........O. | ..........&#10;........O. | ..........&#10;........O. | ..........&#10;........O. | ..........&#10;........O. | ..........&#10;&#10;step=48, rand=2, actions=&lt;ChangeDir(North()), Step&gt;&#10;Want       | Got ✗     &#10;-----------------------&#10;.OOOOOOOOA | ..........&#10;O.......OO | ..........&#10;........O. | ..........&#10;........O. | ..........&#10;........O. | ..........&#10;........O. | ..........&#10;.^......O. | ..........&#10;&#10;step=49, rand=2, actions=&lt;Step&gt;&#10;Want       | Got ✗     &#10;-----------------------&#10;.OOOOOOOOA | ..........&#10;O.......OO | ..........&#10;........O. | ..........&#10;........O. | ..........&#10;........O. | ..........&#10;.^......O. | ..........&#10;.O......O. | ..........&#10;&#10;step=50, rand=2, actions=&lt;Step&gt;&#10;Want       | Got ✗     &#10;-----------------------&#10;.OOOOOOOOA | ..........&#10;........OO | ..........&#10;........O. | ..........&#10;........O. | ..........&#10;.^......O. | ..........&#10;.O......O. | ..........&#10;.O......O. | ..........&#10;&#10;step=51, rand=2, actions=&lt;Step&gt;&#10;Want       | Got ✗     &#10;-----------------------&#10;.OOOOOOOOA | ..........&#10;........O. | ..........&#10;........O. | ..........&#10;.^......O. | ..........&#10;.O......O. | ..........&#10;.O......O. | ..........&#10;.O......O. | ..........&#10;&#10;step=52, rand=2, actions=&lt;Step&gt;&#10;Want       | Got ✗     &#10;-----------------------&#10;.OOOOOOOOA | ..........&#10;.......... | ..........&#10;.^......O. | ..........&#10;.O......O. | ..........&#10;.O......O. | ..........&#10;.O......O. | ..........&#10;.O......O. | ..........&#10;&#10;step=53, rand=2, actions=&lt;Step&gt;&#10;Want       | Got ✗     &#10;-----------------------&#10;.OOOOOOOOA | ..........&#10;.^........ | ..........&#10;.O........ | ..........&#10;.O......O. | ..........&#10;.O......O. | ..........&#10;.O......O. | ..........&#10;.O......O. | ..........&#10;&#10;step=54, rand=2, actions=&lt;Step&gt;&#10;Want              | Got ✗     &#10;------------------------------&#10;GameOverDisplay() | ..........&#10;                  | ..........&#10;                  | ..........&#10;                  | ..........&#10;                  | ..........&#10;                  | ..........&#10;                  | ..........&#10;&#10;" type="org.scalatest.exceptions.TestFailedException">org.scalatest.exceptions.TestFailedException: didPass was false
Hint: The game should work at any board size which can hold the initial snake. In this case 10x7.
--------------------------------------------------------------------------------
This is what went wrong:

step=0, rand=2, actions=&lt;&gt;
Want       | Got ✗     
-----------------------
OO&gt;..A.... | ..........
.......... | ..........
.......... | ..........
.......... | ..........
.......... | ..........
.......... | ..........
.......... | ..........

step=1, rand=2, actions=&lt;Step&gt;
Want       | Got ✗     
-----------------------
.OO&gt;.A.... | ..........
.......... | ..........
.......... | ..........
.......... | ..........
.......... | ..........
.......... | ..........
.......... | ..........

step=2, rand=2, actions=&lt;Step&gt;
Want       | Got ✗     
-----------------------
..OO&gt;A.... | ..........
.......... | ..........
.......... | ..........
.......... | ..........
.......... | ..........
.......... | ..........
.......... | ..........

step=3, rand=2, actions=&lt;Step&gt;
Want       | Got ✗     
-----------------------
..AOO&gt;.... | ..........
.......... | ..........
.......... | ..........
.......... | ..........
.......... | ..........
.......... | ..........
.......... | ..........

step=4, rand=2, actions=&lt;Step&gt;
Want       | Got ✗     
-----------------------
..AOOO&gt;... | ..........
.......... | ..........
.......... | ..........
.......... | ..........
.......... | ..........
.......... | ..........
.......... | ..........

step=5, rand=2, actions=&lt;Step&gt;
Want       | Got ✗     
-----------------------
..AOOOO&gt;.. | ..........
.......... | ..........
.......... | ..........
.......... | ..........
.......... | ..........
.......... | ..........
.......... | ..........

step=6, rand=2, actions=&lt;Step&gt;
Want       | Got ✗     
-----------------------
..AOOOOO&gt;. | ..........
.......... | ..........
.......... | ..........
.......... | ..........
.......... | ..........
.......... | ..........
.......... | ..........

step=7, rand=2, actions=&lt;Step&gt;
Want       | Got ✗     
-----------------------
..A.OOOOO&gt; | ..........
.......... | ..........
.......... | ..........
.......... | ..........
.......... | ..........
.......... | ..........
.......... | ..........

step=8, rand=2, actions=&lt;Step&gt;
Want       | Got ✗     
-----------------------
&gt;.A..OOOOO | ..........
.......... | ..........
.......... | ..........
.......... | ..........
.......... | ..........
.......... | ..........
.......... | ..........

step=9, rand=2, actions=&lt;Step&gt;
Want       | Got ✗     
-----------------------
O&gt;A...OOOO | ..........
.......... | ..........
.......... | ..........
.......... | ..........
.......... | ..........
.......... | ..........
.......... | ..........

step=10, rand=2, actions=&lt;Step&gt;
Want       | Got ✗     
-----------------------
OO&gt;..A.OOO | ..........
.......... | ..........
.......... | ..........
.......... | ..........
.......... | ..........
.......... | ..........
.......... | ..........

step=11, rand=2, actions=&lt;Step&gt;
Want       | Got ✗     
-----------------------
OOO&gt;.A.OOO | ..........
.......... | ..........
.......... | ..........
.......... | ..........
.......... | ..........
.......... | ..........
.......... | ..........

step=12, rand=2, actions=&lt;Step&gt;
Want       | Got ✗     
-----------------------
OOOO&gt;A.OOO | ..........
.......... | ..........
.......... | ..........
.......... | ..........
.......... | ..........
.......... | ..........
.......... | ..........

step=13, rand=2, actions=&lt;Step&gt;
Want       | Got ✗     
-----------------------
OOOOO&gt;.OOO | ..........
.A........ | ..........
.......... | ..........
.......... | ..........
.......... | ..........
.......... | ..........
.......... | ..........

step=14, rand=2, actions=&lt;Step&gt;
Want       | Got ✗     
-----------------------
OOOOOO&gt;OOO | ..........
.A........ | ..........
.......... | ..........
.......... | ..........
.......... | ..........
.......... | ..........
.......... | ..........

step=15, rand=2, actions=&lt;ChangeDir(North()), Step&gt;
Want       | Got ✗     
-----------------------
OOOOOOOOOO | ..........
.A........ | ..........
.......... | ..........
.......... | ..........
.......... | ..........
.......... | ..........
......^... | ..........

step=16, rand=2, actions=&lt;Step&gt;
Want       | Got ✗     
-----------------------
OOOOOOOOOO | ..........
.A........ | ..........
.......... | ..........
.......... | ..........
.......... | ..........
......^... | ..........
......O... | ..........

step=17, rand=2, actions=&lt;ChangeDir(East()), Step&gt;
Want       | Got ✗     
-----------------------
OOOOOOO.OO | ..........
.A........ | ..........
.......... | ..........
.......... | ..........
.......... | ..........
......O&gt;.. | ..........
......O... | ..........

step=18, rand=2, actions=&lt;Step&gt;
Want       | Got ✗     
-----------------------
OOOOOOO..O | ..........
.A........ | ..........
.......... | ..........
.......... | ..........
.......... | ..........
......OO&gt;. | ..........
......O... | ..........

step=19, rand=2, actions=&lt;Step&gt;
Want       | Got ✗     
-----------------------
OOOOOOO... | ..........
.A........ | ..........
.......... | ..........
.......... | ..........
.......... | ..........
......OOO&gt; | ..........
......O... | ..........

step=20, rand=2, actions=&lt;Step&gt;
Want       | Got ✗     
-----------------------
.OOOOOO... | ..........
.A........ | ..........
.......... | ..........
.......... | ..........
.......... | ..........
&gt;.....OOOO | ..........
......O... | ..........

step=21, rand=2, actions=&lt;Step&gt;
Want       | Got ✗     
-----------------------
..OOOOO... | ..........
.A........ | ..........
.......... | ..........
.......... | ..........
.......... | ..........
O&gt;....OOOO | ..........
......O... | ..........

step=22, rand=2, actions=&lt;Step&gt;
Want       | Got ✗     
-----------------------
...OOOO... | ..........
.A........ | ..........
.......... | ..........
.......... | ..........
.......... | ..........
OO&gt;...OOOO | ..........
......O... | ..........

step=23, rand=2, actions=&lt;Step&gt;
Want       | Got ✗     
-----------------------
....OOO... | ..........
.A........ | ..........
.......... | ..........
.......... | ..........
.......... | ..........
OOO&gt;..OOOO | ..........
......O... | ..........

step=24, rand=2, actions=&lt;Step&gt;
Want       | Got ✗     
-----------------------
.....OO... | ..........
.A........ | ..........
.......... | ..........
.......... | ..........
.......... | ..........
OOOO&gt;.OOOO | ..........
......O... | ..........

step=25, rand=2, actions=&lt;ChangeDir(North()), Step&gt;
Want       | Got ✗     
-----------------------
......O... | ..........
.A........ | ..........
.......... | ..........
.......... | ..........
....^..... | ..........
OOOOO.OOOO | ..........
......O... | ..........

step=26, rand=2, actions=&lt;Step&gt;
Want       | Got ✗     
-----------------------
.......... | ..........
.A........ | ..........
.......... | ..........
....^..... | ..........
....O..... | ..........
OOOOO.OOOO | ..........
......O... | ..........

step=27, rand=2, actions=&lt;Step&gt;
Want       | Got ✗     
-----------------------
.......... | ..........
.A........ | ..........
....^..... | ..........
....O..... | ..........
....O..... | ..........
OOOOO.OOOO | ..........
.......... | ..........

step=28, rand=2, actions=&lt;Step&gt;
Want       | Got ✗     
-----------------------
.......... | ..........
.A..^..... | ..........
....O..... | ..........
....O..... | ..........
....O..... | ..........
OOOOO..OOO | ..........
.......... | ..........

step=29, rand=2, actions=&lt;ChangeDir(West()), Step&gt;
Want       | Got ✗     
-----------------------
.......... | ..........
.A.&lt;O..... | ..........
....O..... | ..........
....O..... | ..........
....O..... | ..........
OOOOO...OO | ..........
.......... | ..........

step=30, rand=2, actions=&lt;Step&gt;
Want       | Got ✗     
-----------------------
.......... | ..........
.A&lt;OO..... | ..........
....O..... | ..........
....O..... | ..........
....O..... | ..........
OOOOO....O | ..........
.......... | ..........

step=31, rand=2, actions=&lt;Step&gt;
Want       | Got ✗     
-----------------------
..A....... | ..........
.&lt;OOO..... | ..........
....O..... | ..........
....O..... | ..........
....O..... | ..........
OOOOO..... | ..........
.......... | ..........

step=32, rand=2, actions=&lt;Step&gt;
Want       | Got ✗     
-----------------------
..A....... | ..........
&lt;OOOO..... | ..........
....O..... | ..........
....O..... | ..........
....O..... | ..........
OOOOO..... | ..........
.......... | ..........

step=33, rand=2, actions=&lt;Step&gt;
Want       | Got ✗     
-----------------------
..A....... | ..........
OOOOO....&lt; | ..........
....O..... | ..........
....O..... | ..........
....O..... | ..........
OOOOO..... | ..........
.......... | ..........

step=34, rand=2, actions=&lt;Step&gt;
Want       | Got ✗     
-----------------------
..A....... | ..........
OOOOO...&lt;O | ..........
....O..... | ..........
....O..... | ..........
....O..... | ..........
OOOOO..... | ..........
.......... | ..........

step=35, rand=2, actions=&lt;ChangeDir(South()), Step&gt;
Want       | Got ✗     
-----------------------
..A....... | ..........
OOOOO...OO | ..........
....O...v. | ..........
....O..... | ..........
....O..... | ..........
.OOOO..... | ..........
.......... | ..........

step=36, rand=2, actions=&lt;Step&gt;
Want       | Got ✗     
-----------------------
..A....... | ..........
OOOOO...OO | ..........
....O...O. | ..........
....O...v. | ..........
....O..... | ..........
..OOO..... | ..........
.......... | ..........

step=37, rand=2, actions=&lt;Step&gt;
Want       | Got ✗     
-----------------------
..A....... | ..........
OOOOO...OO | ..........
....O...O. | ..........
....O...O. | ..........
....O...v. | ..........
...OO..... | ..........
.......... | ..........

step=38, rand=2, actions=&lt;Step&gt;
Want       | Got ✗     
-----------------------
..A....... | ..........
OOOOO...OO | ..........
....O...O. | ..........
....O...O. | ..........
....O...O. | ..........
....O...v. | ..........
.......... | ..........

step=39, rand=2, actions=&lt;Step&gt;
Want       | Got ✗     
-----------------------
..A....... | ..........
OOOOO...OO | ..........
....O...O. | ..........
....O...O. | ..........
....O...O. | ..........
........O. | ..........
........v. | ..........

step=40, rand=2, actions=&lt;Step&gt;
Want       | Got ✗     
-----------------------
..A.....v. | ..........
OOOOO...OO | ..........
....O...O. | ..........
....O...O. | ..........
........O. | ..........
........O. | ..........
........O. | ..........

step=41, rand=2, actions=&lt;ChangeDir(West()), Step&gt;
Want       | Got ✗     
-----------------------
..A....&lt;O. | ..........
OOOOO...OO | ..........
....O...O. | ..........
........O. | ..........
........O. | ..........
........O. | ..........
........O. | ..........

step=42, rand=2, actions=&lt;Step&gt;
Want       | Got ✗     
-----------------------
..A...&lt;OO. | ..........
OOOOO...OO | ..........
........O. | ..........
........O. | ..........
........O. | ..........
........O. | ..........
........O. | ..........

step=43, rand=2, actions=&lt;Step&gt;
Want       | Got ✗     
-----------------------
..A..&lt;OOO. | ..........
OOOO....OO | ..........
........O. | ..........
........O. | ..........
........O. | ..........
........O. | ..........
........O. | ..........

step=44, rand=2, actions=&lt;Step&gt;
Want       | Got ✗     
-----------------------
..A.&lt;OOOO. | ..........
OOO.....OO | ..........
........O. | ..........
........O. | ..........
........O. | ..........
........O. | ..........
........O. | ..........

step=45, rand=2, actions=&lt;Step&gt;
Want       | Got ✗     
-----------------------
..A&lt;OOOOO. | ..........
OO......OO | ..........
........O. | ..........
........O. | ..........
........O. | ..........
........O. | ..........
........O. | ..........

step=46, rand=2, actions=&lt;Step&gt;
Want       | Got ✗     
-----------------------
..&lt;OOOOOOA | ..........
O.......OO | ..........
........O. | ..........
........O. | ..........
........O. | ..........
........O. | ..........
........O. | ..........

step=47, rand=2, actions=&lt;Step&gt;
Want       | Got ✗     
-----------------------
.&lt;OOOOOOOA | ..........
O.......OO | ..........
........O. | ..........
........O. | ..........
........O. | ..........
........O. | ..........
........O. | ..........

step=48, rand=2, actions=&lt;ChangeDir(North()), Step&gt;
Want       | Got ✗     
-----------------------
.OOOOOOOOA | ..........
O.......OO | ..........
........O. | ..........
........O. | ..........
........O. | ..........
........O. | ..........
.^......O. | ..........

step=49, rand=2, actions=&lt;Step&gt;
Want       | Got ✗     
-----------------------
.OOOOOOOOA | ..........
O.......OO | ..........
........O. | ..........
........O. | ..........
........O. | ..........
.^......O. | ..........
.O......O. | ..........

step=50, rand=2, actions=&lt;Step&gt;
Want       | Got ✗     
-----------------------
.OOOOOOOOA | ..........
........OO | ..........
........O. | ..........
........O. | ..........
.^......O. | ..........
.O......O. | ..........
.O......O. | ..........

step=51, rand=2, actions=&lt;Step&gt;
Want       | Got ✗     
-----------------------
.OOOOOOOOA | ..........
........O. | ..........
........O. | ..........
.^......O. | ..........
.O......O. | ..........
.O......O. | ..........
.O......O. | ..........

step=52, rand=2, actions=&lt;Step&gt;
Want       | Got ✗     
-----------------------
.OOOOOOOOA | ..........
.......... | ..........
.^......O. | ..........
.O......O. | ..........
.O......O. | ..........
.O......O. | ..........
.O......O. | ..........

step=53, rand=2, actions=&lt;Step&gt;
Want       | Got ✗     
-----------------------
.OOOOOOOOA | ..........
.^........ | ..........
.O........ | ..........
.O......O. | ..........
.O......O. | ..........
.O......O. | ..........
.O......O. | ..........

step=54, rand=2, actions=&lt;Step&gt;
Want              | Got ✗     
------------------------------
GameOverDisplay() | ..........
                  | ..........
                  | ..........
                  | ..........
                  | ..........
                  | ..........
                  | ..........


	at app//org.scalatest.Assertions.newAssertionFailedException(Assertions.scala:530)
	at app//org.scalatest.Assertions.newAssertionFailedException$(Assertions.scala:529)
	at app//org.scalatest.FunSuite.newAssertionFailedException(FunSuite.scala:1560)
	at app//org.scalatest.Assertions$AssertionsHelper.macroAssert(Assertions.scala:503)
	at app//generic.GameTestSuite.checkGame(GameTestSuite.scala:298)
	at app//snake.SnakeTestSuiteBase.checkGame(SnakeTestSuiteBase.scala:102)
	at app//snake.basic.FullGameTests.$anonfun$new$4(FullGameTests.scala:749)
	at app//scala.runtime.java8.JFunction0$mcV$sp.apply(JFunction0$mcV$sp.scala:18)
	at app//infrastructure.TestBase.$anonfun$test$1(TestBase.scala:36)
	at app//org.scalatest.OutcomeOf.outcomeOf(OutcomeOf.scala:85)
	at app//org.scalatest.OutcomeOf.outcomeOf$(OutcomeOf.scala:83)
	at app//org.scalatest.OutcomeOf$.outcomeOf(OutcomeOf.scala:104)
	at app//org.scalatest.Transformer.apply(Transformer.scala:22)
	at app//org.scalatest.Transformer.apply(Transformer.scala:20)
	at app//org.scalatest.FunSuiteLike$$anon$1.apply(FunSuiteLike.scala:186)
	at app//org.scalatest.TestSuite.withFixture(TestSuite.scala:196)
	at app//org.scalatest.TestSuite.withFixture$(TestSuite.scala:195)
	at app//infrastructure.TestBase.org$scalatest$concurrent$TimeLimitedTests$$super$withFixture(TestBase.scala:9)
	at app//org.scalatest.concurrent.TimeLimitedTests.$anonfun$withFixture$3(TimeLimitedTests.scala:154)
	at app//org.scalatest.enablers.Timed$$anon$1.timeoutAfter(Timed.scala:127)
	at app//org.scalatest.concurrent.TimeLimits.failAfterImpl(TimeLimits.scala:239)
	at app//org.scalatest.concurrent.TimeLimits.failAfterImpl$(TimeLimits.scala:233)
	at app//org.scalatest.concurrent.TimeLimits$.failAfterImpl(TimeLimits.scala:305)
	at app//org.scalatest.concurrent.TimeLimitedTests.withFixture(TimeLimitedTests.scala:153)
	at app//org.scalatest.concurrent.TimeLimitedTests.withFixture$(TimeLimitedTests.scala:150)
	at app//infrastructure.TestBase.withFixture(TestBase.scala:9)
	at app//org.scalatest.FunSuiteLike.invokeWithFixture$1(FunSuiteLike.scala:184)
	at app//org.scalatest.FunSuiteLike.$anonfun$runTest$1(FunSuiteLike.scala:196)
	at app//org.scalatest.SuperEngine.runTestImpl(Engine.scala:286)
	at app//org.scalatest.FunSuiteLike.runTest(FunSuiteLike.scala:196)
	at app//org.scalatest.FunSuiteLike.runTest$(FunSuiteLike.scala:178)
	at app//org.scalatest.FunSuite.runTest(FunSuite.scala:1560)
	at app//org.scalatest.FunSuiteLike.$anonfun$runTests$1(FunSuiteLike.scala:229)
	at app//org.scalatest.SuperEngine.$anonfun$runTestsInBranch$1(Engine.scala:393)
	at app//scala.collection.immutable.List.foreach(List.scala:333)
	at app//org.scalatest.SuperEngine.traverseSubNodes$1(Engine.scala:381)
	at app//org.scalatest.SuperEngine.runTestsInBranch(Engine.scala:376)
	at app//org.scalatest.SuperEngine.runTestsImpl(Engine.scala:458)
	at app//org.scalatest.FunSuiteLike.runTests(FunSuiteLike.scala:229)
	at app//org.scalatest.FunSuiteLike.runTests$(FunSuiteLike.scala:228)
	at app//org.scalatest.FunSuite.runTests(FunSuite.scala:1560)
	at app//org.scalatest.Suite.run(Suite.scala:1124)
	at app//org.scalatest.Suite.run$(Suite.scala:1106)
	at app//org.scalatest.FunSuite.org$scalatest$FunSuiteLike$$super$run(FunSuite.scala:1560)
	at app//org.scalatest.FunSuiteLike.$anonfun$run$1(FunSuiteLike.scala:233)
	at app//org.scalatest.SuperEngine.runImpl(Engine.scala:518)
	at app//org.scalatest.FunSuiteLike.run(FunSuiteLike.scala:233)
	at app//org.scalatest.FunSuiteLike.run$(FunSuiteLike.scala:232)
	at app//infrastructure.TestBase.run(TestBase.scala:26)
	at app//org.scalatest.Suite.callExecuteOnSuite$1(Suite.scala:1187)
	at app//org.scalatest.Suite.$anonfun$runNestedSuites$1(Suite.scala:1234)
	at app//scala.collection.ArrayOps$.foreach$extension(ArrayOps.scala:1323)
	at app//org.scalatest.Suite.runNestedSuites(Suite.scala:1232)
	at app//org.scalatest.Suite.runNestedSuites$(Suite.scala:1166)
	at app//org.scalatest.Suites.runNestedSuites(Suites.scala:56)
	at app//org.scalatest.Suite.run(Suite.scala:1121)
	at app//org.scalatest.Suite.run$(Suite.scala:1106)
	at app//snake.SnakeTestSuite.runDirect(SnakeTestSuite.scala:24)
	at app//snake.SnakeTestSuite.run(SnakeTestSuite.scala:16)
	at app//org.scalatestplus.junit.JUnitRunner.run(JUnitRunner.scala:99)
[...]
	at org.gradle.process.internal.worker.child.SystemApplicationClassLoaderWorker.call(SystemApplicationClassLoaderWorker.java:71)
	at app//worker.org.gradle.process.internal.worker.GradleWorkerMain.run(GradleWorkerMain.java:69)
	at app//worker.org.gradle.process.internal.worker.GradleWorkerMain.main(GradleWorkerMain.java:74)
</failure>
  </testcase>
  <testcase name="testInterleave6x6and10x7" classname="snake.basic.FullGameTests" time="0.007">
    <failure message="org.scalatest.exceptions.TestFailedException: didPass was false&#10; Hint: It should be possible to “run” multiple games simultaneously, i.e., it should not be a problem to have multiple instances of SnakeLogic which act independently. To test this, we perform “interleave tests”: we instantiate two SnakeLogic objects with different board sizes and alternate between performing a step on one and a step on the other. If all is correct, the two games should progress exactly as they would if they were the only snake games being run. If this is not true, then there is likely some global state through which one game influences the other.   Hence if you fail this test but you passed the other full game test, then you have some global state. Running two instances of SnakeLogic/and alternately doing steps between them results in some interference.   " type="org.scalatest.exceptions.TestFailedException">org.scalatest.exceptions.TestFailedException: didPass was false
 Hint: It should be possible to “run” multiple games simultaneously, i.e., it should not be a problem to have multiple instances of SnakeLogic which act independently. To test this, we perform “interleave tests”: we instantiate two SnakeLogic objects with different board sizes and alternate between performing a step on one and a step on the other. If all is correct, the two games should progress exactly as they would if they were the only snake games being run. If this is not true, then there is likely some global state through which one game influences the other.   Hence if you fail this test but you passed the other full game test, then you have some global state. Running two instances of SnakeLogic/and alternately doing steps between them results in some interference.   
	at app//org.scalatest.Assertions.newAssertionFailedException(Assertions.scala:530)
	at app//org.scalatest.Assertions.newAssertionFailedException$(Assertions.scala:529)
	at app//org.scalatest.FunSuite.newAssertionFailedException(FunSuite.scala:1560)
	at app//org.scalatest.Assertions$AssertionsHelper.macroAssert(Assertions.scala:503)
	at app//generic.GameTestSuite.checkInterleave(GameTestSuite.scala:303)
	at app//snake.SnakeTestSuiteBase.checkInterleave(SnakeTestSuiteBase.scala:107)
	at app//snake.basic.FullGameTests.$anonfun$new$6(FullGameTests.scala:757)
	at app//scala.runtime.java8.JFunction0$mcV$sp.apply(JFunction0$mcV$sp.scala:18)
	at app//infrastructure.TestBase.$anonfun$test$1(TestBase.scala:36)
	at app//org.scalatest.OutcomeOf.outcomeOf(OutcomeOf.scala:85)
	at app//org.scalatest.OutcomeOf.outcomeOf$(OutcomeOf.scala:83)
	at app//org.scalatest.OutcomeOf$.outcomeOf(OutcomeOf.scala:104)
	at app//org.scalatest.Transformer.apply(Transformer.scala:22)
	at app//org.scalatest.Transformer.apply(Transformer.scala:20)
	at app//org.scalatest.FunSuiteLike$$anon$1.apply(FunSuiteLike.scala:186)
	at app//org.scalatest.TestSuite.withFixture(TestSuite.scala:196)
	at app//org.scalatest.TestSuite.withFixture$(TestSuite.scala:195)
	at app//infrastructure.TestBase.org$scalatest$concurrent$TimeLimitedTests$$super$withFixture(TestBase.scala:9)
	at app//org.scalatest.concurrent.TimeLimitedTests.$anonfun$withFixture$3(TimeLimitedTests.scala:154)
	at app//org.scalatest.enablers.Timed$$anon$1.timeoutAfter(Timed.scala:127)
	at app//org.scalatest.concurrent.TimeLimits.failAfterImpl(TimeLimits.scala:239)
	at app//org.scalatest.concurrent.TimeLimits.failAfterImpl$(TimeLimits.scala:233)
	at app//org.scalatest.concurrent.TimeLimits$.failAfterImpl(TimeLimits.scala:305)
	at app//org.scalatest.concurrent.TimeLimitedTests.withFixture(TimeLimitedTests.scala:153)
	at app//org.scalatest.concurrent.TimeLimitedTests.withFixture$(TimeLimitedTests.scala:150)
	at app//infrastructure.TestBase.withFixture(TestBase.scala:9)
	at app//org.scalatest.FunSuiteLike.invokeWithFixture$1(FunSuiteLike.scala:184)
	at app//org.scalatest.FunSuiteLike.$anonfun$runTest$1(FunSuiteLike.scala:196)
	at app//org.scalatest.SuperEngine.runTestImpl(Engine.scala:286)
	at app//org.scalatest.FunSuiteLike.runTest(FunSuiteLike.scala:196)
	at app//org.scalatest.FunSuiteLike.runTest$(FunSuiteLike.scala:178)
	at app//org.scalatest.FunSuite.runTest(FunSuite.scala:1560)
	at app//org.scalatest.FunSuiteLike.$anonfun$runTests$1(FunSuiteLike.scala:229)
	at app//org.scalatest.SuperEngine.$anonfun$runTestsInBranch$1(Engine.scala:393)
	at app//scala.collection.immutable.List.foreach(List.scala:333)
	at app//org.scalatest.SuperEngine.traverseSubNodes$1(Engine.scala:381)
	at app//org.scalatest.SuperEngine.runTestsInBranch(Engine.scala:376)
	at app//org.scalatest.SuperEngine.runTestsImpl(Engine.scala:458)
	at app//org.scalatest.FunSuiteLike.runTests(FunSuiteLike.scala:229)
	at app//org.scalatest.FunSuiteLike.runTests$(FunSuiteLike.scala:228)
	at app//org.scalatest.FunSuite.runTests(FunSuite.scala:1560)
	at app//org.scalatest.Suite.run(Suite.scala:1124)
	at app//org.scalatest.Suite.run$(Suite.scala:1106)
	at app//org.scalatest.FunSuite.org$scalatest$FunSuiteLike$$super$run(FunSuite.scala:1560)
	at app//org.scalatest.FunSuiteLike.$anonfun$run$1(FunSuiteLike.scala:233)
	at app//org.scalatest.SuperEngine.runImpl(Engine.scala:518)
	at app//org.scalatest.FunSuiteLike.run(FunSuiteLike.scala:233)
	at app//org.scalatest.FunSuiteLike.run$(FunSuiteLike.scala:232)
	at app//infrastructure.TestBase.run(TestBase.scala:26)
	at app//org.scalatest.Suite.callExecuteOnSuite$1(Suite.scala:1187)
	at app//org.scalatest.Suite.$anonfun$runNestedSuites$1(Suite.scala:1234)
	at app//scala.collection.ArrayOps$.foreach$extension(ArrayOps.scala:1323)
	at app//org.scalatest.Suite.runNestedSuites(Suite.scala:1232)
	at app//org.scalatest.Suite.runNestedSuites$(Suite.scala:1166)
	at app//org.scalatest.Suites.runNestedSuites(Suites.scala:56)
	at app//org.scalatest.Suite.run(Suite.scala:1121)
	at app//org.scalatest.Suite.run$(Suite.scala:1106)
	at app//snake.SnakeTestSuite.runDirect(SnakeTestSuite.scala:24)
	at app//snake.SnakeTestSuite.run(SnakeTestSuite.scala:16)
	at app//org.scalatestplus.junit.JUnitRunner.run(JUnitRunner.scala:99)
	at app//org.junit.runner.JUnitCore.run(JUnitCore.java:137)
	at app//org.junit.runner.JUnitCore.run(JUnitCore.java:115)
	at app//org.junit.vintage.engine.execution.RunnerExecutor.execute(RunnerExecutor.java:42)
	at app//org.junit.vintage.engine.VintageTestEngine.executeAllChildren(VintageTestEngine.java:80)
	at app//org.junit.vintage.engine.VintageTestEngine.execute(VintageTestEngine.java:72)
	at org.junit.platform.launcher.core.EngineExecutionOrchestrator.execute(EngineExecutionOrchestrator.java:107)
	at org.junit.platform.launcher.core.EngineExecutionOrchestrator.execute(EngineExecutionOrchestrator.java:88)
	at org.junit.platform.launcher.core.EngineExecutionOrchestrator.lambda$execute$0(EngineExecutionOrchestrator.java:54)
	at org.junit.platform.launcher.core.EngineExecutionOrchestrator.withInterceptedStreams(EngineExecutionOrchestrator.java:67)
	at org.junit.platform.launcher.core.EngineExecutionOrchestrator.execute(EngineExecutionOrchestrator.java:52)
	at org.junit.platform.launcher.core.DefaultLauncher.execute(DefaultLauncher.java:114)
	at org.junit.platform.launcher.core.DefaultLauncher.execute(DefaultLauncher.java:86)
	at org.junit.platform.launcher.core.DefaultLauncherSession$DelegatingLauncher.execute(DefaultLauncherSession.java:86)
	at org.junit.platform.launcher.core.SessionPerRequestLauncher.execute(SessionPerRequestLauncher.java:53)
	at org.gradle.api.internal.tasks.testing.junitplatform.JUnitPlatformTestClassProcessor$CollectAllTestClassesExecutor.processAllTestClasses(JUnitPlatformTestClassProcessor.java:99)
	at org.gradle.api.internal.tasks.testing.junitplatform.JUnitPlatformTestClassProcessor$CollectAllTestClassesExecutor.access$000(JUnitPlatformTestClassProcessor.java:79)
	at org.gradle.api.internal.tasks.testing.junitplatform.JUnitPlatformTestClassProcessor.stop(JUnitPlatformTestClassProcessor.java:75)
	at org.gradle.api.internal.tasks.testing.SuiteTestClassProcessor.stop(SuiteTestClassProcessor.java:61)
	at java.base@18.0.2.1/jdk.internal.reflect.DirectMethodHandleAccessor.invoke(DirectMethodHandleAccessor.java:104)
	at java.base@18.0.2.1/java.lang.reflect.Method.invoke(Method.java:577)
	at org.gradle.internal.dispatch.ReflectionDispatch.dispatch(ReflectionDispatch.java:36)
	at org.gradle.internal.dispatch.ReflectionDispatch.dispatch(ReflectionDispatch.java:24)
	at org.gradle.internal.dispatch.ContextClassLoaderDispatch.dispatch(ContextClassLoaderDispatch.java:33)
	at org.gradle.internal.dispatch.ProxyDispatchAdapter$DispatchingInvocationHandler.invoke(ProxyDispatchAdapter.java:94)
	at jdk.proxy1/jdk.proxy1.$Proxy2.stop(Unknown Source)
	at org.gradle.api.internal.tasks.testing.worker.TestWorker$3.run(TestWorker.java:193)
	at org.gradle.api.internal.tasks.testing.worker.TestWorker.executeAndMaintainThreadName(TestWorker.java:129)
	at org.gradle.api.internal.tasks.testing.worker.TestWorker.execute(TestWorker.java:100)
	at org.gradle.api.internal.tasks.testing.worker.TestWorker.execute(TestWorker.java:60)
	at org.gradle.process.internal.worker.child.ActionExecutionWorker.execute(ActionExecutionWorker.java:56)
	at org.gradle.process.internal.worker.child.SystemApplicationClassLoaderWorker.call(SystemApplicationClassLoaderWorker.java:133)
	at org.gradle.process.internal.worker.child.SystemApplicationClassLoaderWorker.call(SystemApplicationClassLoaderWorker.java:71)
	at app//worker.org.gradle.process.internal.worker.GradleWorkerMain.run(GradleWorkerMain.java:69)
	at app//worker.org.gradle.process.internal.worker.GradleWorkerMain.main(GradleWorkerMain.java:74)
</failure>
  </testcase>
  <testcase name="testInterleave6x3and6x6" classname="snake.basic.FullGameTests" time="0.007">
    <failure message="org.scalatest.exceptions.TestFailedException: didPass was false&#10; Hint: It should be possible to “run” multiple games simultaneously, i.e., it should not be a problem to have multiple instances of SnakeLogic which act independently. To test this, we perform “interleave tests”: we instantiate two SnakeLogic objects with different board sizes and alternate between performing a step on one and a step on the other. If all is correct, the two games should progress exactly as they would if they were the only snake games being run. If this is not true, then there is likely some global state through which one game influences the other.   Hence if you fail this test but you passed the other full game test, then you have some global state. Running two instances of SnakeLogic/and alternately doing steps between them results in some interference.   " type="org.scalatest.exceptions.TestFailedException">org.scalatest.exceptions.TestFailedException: didPass was false
 Hint: It should be possible to “run” multiple games simultaneously, i.e., it should not be a problem to have multiple instances of SnakeLogic which act independently. To test this, we perform “interleave tests”: we instantiate two SnakeLogic objects with different board sizes and alternate between performing a step on one and a step on the other. If all is correct, the two games should progress exactly as they would if they were the only snake games being run. If this is not true, then there is likely some global state through which one game influences the other.   Hence if you fail this test but you passed the other full game test, then you have some global state. Running two instances of SnakeLogic/and alternately doing steps between them results in some interference.   
	at app//org.scalatest.Assertions.newAssertionFailedException(Assertions.scala:530)
	at app//org.scalatest.Assertions.newAssertionFailedException$(Assertions.scala:529)
	at app//org.scalatest.FunSuite.newAssertionFailedException(FunSuite.scala:1560)
	at app//org.scalatest.Assertions$AssertionsHelper.macroAssert(Assertions.scala:503)
	at app//generic.GameTestSuite.checkInterleave(GameTestSuite.scala:303)
	at app//snake.SnakeTestSuiteBase.checkInterleave(SnakeTestSuiteBase.scala:107)
	at app//snake.basic.FullGameTests.$anonfun$new$7(FullGameTests.scala:762)
	at app//scala.runtime.java8.JFunction0$mcV$sp.apply(JFunction0$mcV$sp.scala:18)
	at app//infrastructure.TestBase.$anonfun$test$1(TestBase.scala:36)
	at app//org.scalatest.OutcomeOf.outcomeOf(OutcomeOf.scala:85)
	at app//org.scalatest.OutcomeOf.outcomeOf$(OutcomeOf.scala:83)
	at app//org.scalatest.OutcomeOf$.outcomeOf(OutcomeOf.scala:104)
	at app//org.scalatest.Transformer.apply(Transformer.scala:22)
	at app//org.scalatest.Transformer.apply(Transformer.scala:20)
	at app//org.scalatest.FunSuiteLike$$anon$1.apply(FunSuiteLike.scala:186)
	at app//org.scalatest.TestSuite.withFixture(TestSuite.scala:196)
	at app//org.scalatest.TestSuite.withFixture$(TestSuite.scala:195)
	at app//infrastructure.TestBase.org$scalatest$concurrent$TimeLimitedTests$$super$withFixture(TestBase.scala:9)
	at app//org.scalatest.concurrent.TimeLimitedTests.$anonfun$withFixture$3(TimeLimitedTests.scala:154)
	at app//org.scalatest.enablers.Timed$$anon$1.timeoutAfter(Timed.scala:127)
	at app//org.scalatest.concurrent.TimeLimits.failAfterImpl(TimeLimits.scala:239)
	at app//org.scalatest.concurrent.TimeLimits.failAfterImpl$(TimeLimits.scala:233)
	at app//org.scalatest.concurrent.TimeLimits$.failAfterImpl(TimeLimits.scala:305)
	at app//org.scalatest.concurrent.TimeLimitedTests.withFixture(TimeLimitedTests.scala:153)
	at app//org.scalatest.concurrent.TimeLimitedTests.withFixture$(TimeLimitedTests.scala:150)
	at app//infrastructure.TestBase.withFixture(TestBase.scala:9)
	at app//org.scalatest.FunSuiteLike.invokeWithFixture$1(FunSuiteLike.scala:184)
	at app//org.scalatest.FunSuiteLike.$anonfun$runTest$1(FunSuiteLike.scala:196)
	at app//org.scalatest.SuperEngine.runTestImpl(Engine.scala:286)
	at app//org.scalatest.FunSuiteLike.runTest(FunSuiteLike.scala:196)
	at app//org.scalatest.FunSuiteLike.runTest$(FunSuiteLike.scala:178)
	at app//org.scalatest.FunSuite.runTest(FunSuite.scala:1560)
	at app//org.scalatest.FunSuiteLike.$anonfun$runTests$1(FunSuiteLike.scala:229)
	at app//org.scalatest.SuperEngine.$anonfun$runTestsInBranch$1(Engine.scala:393)
	at app//scala.collection.immutable.List.foreach(List.scala:333)
	at app//org.scalatest.SuperEngine.traverseSubNodes$1(Engine.scala:381)
	at app//org.scalatest.SuperEngine.runTestsInBranch(Engine.scala:376)
	at app//org.scalatest.SuperEngine.runTestsImpl(Engine.scala:458)
	at app//org.scalatest.FunSuiteLike.runTests(FunSuiteLike.scala:229)
	at app//org.scalatest.FunSuiteLike.runTests$(FunSuiteLike.scala:228)
	at app//org.scalatest.FunSuite.runTests(FunSuite.scala:1560)
	at app//org.scalatest.Suite.run(Suite.scala:1124)
	at app//org.scalatest.Suite.run$(Suite.scala:1106)
	at app//org.scalatest.FunSuite.org$scalatest$FunSuiteLike$$super$run(FunSuite.scala:1560)
	at app//org.scalatest.FunSuiteLike.$anonfun$run$1(FunSuiteLike.scala:233)
	at app//org.scalatest.SuperEngine.runImpl(Engine.scala:518)
	at app//org.scalatest.FunSuiteLike.run(FunSuiteLike.scala:233)
	at app//org.scalatest.FunSuiteLike.run$(FunSuiteLike.scala:232)
	at app//infrastructure.TestBase.run(TestBase.scala:26)
	at app//org.scalatest.Suite.callExecuteOnSuite$1(Suite.scala:1187)
	at app//org.scalatest.Suite.$anonfun$runNestedSuites$1(Suite.scala:1234)
	at app//scala.collection.ArrayOps$.foreach$extension(ArrayOps.scala:1323)
	at app//org.scalatest.Suite.runNestedSuites(Suite.scala:1232)
	at app//org.scalatest.Suite.runNestedSuites$(Suite.scala:1166)
	at app//org.scalatest.Suites.runNestedSuites(Suites.scala:56)
	at app//org.scalatest.Suite.run(Suite.scala:1121)
	at app//org.scalatest.Suite.run$(Suite.scala:1106)
	at app//snake.SnakeTestSuite.runDirect(SnakeTestSuite.scala:24)
	at app//snake.SnakeTestSuite.run(SnakeTestSuite.scala:16)
	at app//org.scalatestplus.junit.JUnitRunner.run(JUnitRunner.scala:99)
	at app//org.junit.runner.JUnitCore.run(JUnitCore.java:137)
	at app//org.junit.runner.JUnitCore.run(JUnitCore.java:115)
	at app//org.junit.vintage.engine.execution.RunnerExecutor.execute(RunnerExecutor.java:42)
	at app//org.junit.vintage.engine.VintageTestEngine.executeAllChildren(VintageTestEngine.java:80)
	at app//org.junit.vintage.engine.VintageTestEngine.execute(VintageTestEngine.java:72)
	at org.junit.platform.launcher.core.EngineExecutionOrchestrator.execute(EngineExecutionOrchestrator.java:107)
	at org.junit.platform.launcher.core.EngineExecutionOrchestrator.execute(EngineExecutionOrchestrator.java:88)
	at org.junit.platform.launcher.core.EngineExecutionOrchestrator.lambda$execute$0(EngineExecutionOrchestrator.java:54)
	at org.junit.platform.launcher.core.EngineExecutionOrchestrator.withInterceptedStreams(EngineExecutionOrchestrator.java:67)
	at org.junit.platform.launcher.core.EngineExecutionOrchestrator.execute(EngineExecutionOrchestrator.java:52)
	at org.junit.platform.launcher.core.DefaultLauncher.execute(DefaultLauncher.java:114)
	at org.junit.platform.launcher.core.DefaultLauncher.execute(DefaultLauncher.java:86)
	at org.junit.platform.launcher.core.DefaultLauncherSession$DelegatingLauncher.execute(DefaultLauncherSession.java:86)
	at org.junit.platform.launcher.core.SessionPerRequestLauncher.execute(SessionPerRequestLauncher.java:53)
	at org.gradle.api.internal.tasks.testing.junitplatform.JUnitPlatformTestClassProcessor$CollectAllTestClassesExecutor.processAllTestClasses(JUnitPlatformTestClassProcessor.java:99)
	at org.gradle.api.internal.tasks.testing.junitplatform.JUnitPlatformTestClassProcessor$CollectAllTestClassesExecutor.access$000(JUnitPlatformTestClassProcessor.java:79)
	at org.gradle.api.internal.tasks.testing.junitplatform.JUnitPlatformTestClassProcessor.stop(JUnitPlatformTestClassProcessor.java:75)
	at org.gradle.api.internal.tasks.testing.SuiteTestClassProcessor.stop(SuiteTestClassProcessor.java:61)
	at java.base@18.0.2.1/jdk.internal.reflect.DirectMethodHandleAccessor.invoke(DirectMethodHandleAccessor.java:104)
	at java.base@18.0.2.1/java.lang.reflect.Method.invoke(Method.java:577)
	at org.gradle.internal.dispatch.ReflectionDispatch.dispatch(ReflectionDispatch.java:36)
	at org.gradle.internal.dispatch.ReflectionDispatch.dispatch(ReflectionDispatch.java:24)
	at org.gradle.internal.dispatch.ContextClassLoaderDispatch.dispatch(ContextClassLoaderDispatch.java:33)
	at org.gradle.internal.dispatch.ProxyDispatchAdapter$DispatchingInvocationHandler.invoke(ProxyDispatchAdapter.java:94)
	at jdk.proxy1/jdk.proxy1.$Proxy2.stop(Unknown Source)
	at org.gradle.api.internal.tasks.testing.worker.TestWorker$3.run(TestWorker.java:193)
	at org.gradle.api.internal.tasks.testing.worker.TestWorker.executeAndMaintainThreadName(TestWorker.java:129)
	at org.gradle.api.internal.tasks.testing.worker.TestWorker.execute(TestWorker.java:100)
	at org.gradle.api.internal.tasks.testing.worker.TestWorker.execute(TestWorker.java:60)
	at org.gradle.process.internal.worker.child.ActionExecutionWorker.execute(ActionExecutionWorker.java:56)
	at org.gradle.process.internal.worker.child.SystemApplicationClassLoaderWorker.call(SystemApplicationClassLoaderWorker.java:133)
	at org.gradle.process.internal.worker.child.SystemApplicationClassLoaderWorker.call(SystemApplicationClassLoaderWorker.java:71)
	at app//worker.org.gradle.process.internal.worker.GradleWorkerMain.run(GradleWorkerMain.java:69)
	at app//worker.org.gradle.process.internal.worker.GradleWorkerMain.main(GradleWorkerMain.java:74)
</failure>
  </testcase>
  <system-out><![CDATA[]]></system-out>
  <system-err><![CDATA[]]></system-err>
</testsuite>
