<?xml version="1.0" encoding="UTF-8"?>
<testsuite name="snake.basic.FullGameTests" tests="7" skipped="0" failures="7" errors="0" timestamp="2023-09-13T10:20:51" hostname="Jays-MacBook-Pro-2.local" time="0.161">
  <properties/>
  <testcase name="testGame3x1" classname="snake.basic.FullGameTests" time="0.008">
    <failure message="org.scalatest.exceptions.TestFailedException: didPass was false&#10;Hint: The game should work at any board size which can hold the initial snake. In this case 3x1.&#10;--------------------------------------------------------------------------------&#10;This is what went wrong:&#10;&#10;step=0, rand=0, actions=&lt;&gt;&#10;Want | Got ✗                                                                                                                                                                               &#10;-------------------------------------------------------------------------------------------------------------------------------------------------------------------------------------------&#10;OO&gt;  | LogicFailed(java.lang.ArithmeticException: / by zero                                                                                                                                &#10;     | &#9;at generic.TestRandomGen.randomInt(TestRandomGen.scala:17)                                                                                                                         &#10;     | &#9;at snake.logic.GameLogic.&lt;init&gt;(GameLogic.scala:12)                                                                                                                                &#10;     | &#9;at snake.SnakeTestSuiteBase.makeGame(SnakeTestSuiteBase.scala:69)                                                                                                                  &#10;     | &#9;at snake.SnakeTestSuiteBase.makeGame(SnakeTestSuiteBase.scala:64)                                                                                                                  &#10;     | &#9;at generic.GameTestSuite$TestRecording.liftedTree1$1(GameTestSuite.scala:188)                                                                                                      &#10;     | &#9;at generic.GameTestSuite$TestRecording.implementationDisplays$lzycompute(GameTestSuite.scala:187)                                                                                  &#10;     | &#9;at generic.GameTestSuite$TestRecording.implementationDisplays(GameTestSuite.scala:178)                                                                                             &#10;     | &#9;at generic.GameTestSuite$TestRecording.passes$lzycompute(GameTestSuite.scala:208)                                                                                                  &#10;     | &#9;at generic.GameTestSuite$TestRecording.passes(GameTestSuite.scala:207)                                                                                                             &#10;     | &#9;at generic.GameTestSuite.checkGame(GameTestSuite.scala:290)                                                                                                                        &#10;     | &#9;at snake.SnakeTestSuiteBase.checkGame(SnakeTestSuiteBase.scala:102)                                                                                                                &#10;     | &#9;at snake.basic.FullGameTests.$anonfun$new$1(FullGameTests.scala:24)                                                                                                                &#10;     | &#9;at scala.runtime.java8.JFunction0$mcV$sp.apply(JFunction0$mcV$sp.scala:18)                                                                                                         &#10;     | &#9;at infrastructure.TestBase.$anonfun$test$1(TestBase.scala:36)                                                                                                                      &#10;     | &#9;at org.scalatest.OutcomeOf.outcomeOf(OutcomeOf.scala:85)                                                                                                                           &#10;     | &#9;at org.scalatest.OutcomeOf.outcomeOf$(OutcomeOf.scala:83)                                                                                                                          &#10;     | &#9;at org.scalatest.OutcomeOf$.outcomeOf(OutcomeOf.scala:104)                                                                                                                         &#10;     | &#9;at org.scalatest.Transformer.apply(Transformer.scala:22)                                                                                                                           &#10;     | &#9;at org.scalatest.Transformer.apply(Transformer.scala:20)                                                                                                                           &#10;     | &#9;at org.scalatest.FunSuiteLike$$anon$1.apply(FunSuiteLike.scala:186)                                                                                                                &#10;     | &#9;at org.scalatest.TestSuite.withFixture(TestSuite.scala:196)                                                                                                                        &#10;     | &#9;at org.scalatest.TestSuite.withFixture$(TestSuite.scala:195)                                                                                                                       &#10;     | &#9;at infrastructure.TestBase.org$scalatest$concurrent$TimeLimitedTests$$super$withFixture(TestBase.scala:9)                                                                          &#10;     | &#9;at org.scalatest.concurrent.TimeLimitedTests.$anonfun$withFixture$3(TimeLimitedTests.scala:154)                                                                                    &#10;     | &#9;at org.scalatest.enablers.Timed$$anon$1.timeoutAfter(Timed.scala:127)                                                                                                              &#10;     | &#9;at org.scalatest.concurrent.TimeLimits.failAfterImpl(TimeLimits.scala:239)                                                                                                         &#10;     | &#9;at org.scalatest.concurrent.TimeLimits.failAfterImpl$(TimeLimits.scala:233)                                                                                                        &#10;     | &#9;at org.scalatest.concurrent.TimeLimits$.failAfterImpl(TimeLimits.scala:305)                                                                                                        &#10;     | &#9;at org.scalatest.concurrent.TimeLimitedTests.withFixture(TimeLimitedTests.scala:153)                                                                                               &#10;     | &#9;at org.scalatest.concurrent.TimeLimitedTests.withFixture$(TimeLimitedTests.scala:150)                                                                                              &#10;     | &#9;at infrastructure.TestBase.withFixture(TestBase.scala:9)                                                                                                                           &#10;     | &#9;at org.scalatest.FunSuiteLike.invokeWithFixture$1(FunSuiteLike.scala:184)                                                                                                          &#10;     | &#9;at org.scalatest.FunSuiteLike.$anonfun$runTest$1(FunSuiteLike.scala:196)                                                                                                           &#10;     | &#9;at org.scalatest.SuperEngine.runTestImpl(Engine.scala:286)                                                                                                                         &#10;     | &#9;at org.scalatest.FunSuiteLike.runTest(FunSuiteLike.scala:196)                                                                                                                      &#10;     | &#9;at org.scalatest.FunSuiteLike.runTest$(FunSuiteLike.scala:178)                                                                                                                     &#10;     | &#9;at org.scalatest.FunSuite.runTest(FunSuite.scala:1560)                                                                                                                             &#10;     | &#9;at org.scalatest.FunSuiteLike.$anonfun$runTests$1(FunSuiteLike.scala:229)                                                                                                          &#10;     | &#9;at org.scalatest.SuperEngine.$anonfun$runTestsInBranch$1(Engine.scala:393)                                                                                                         &#10;     | &#9;at scala.collection.immutable.List.foreach(List.scala:333)                                                                                                                         &#10;     | &#9;at org.scalatest.SuperEngine.traverseSubNodes$1(Engine.scala:381)                                                                                                                  &#10;     | &#9;at org.scalatest.SuperEngine.runTestsInBranch(Engine.scala:376)                                                                                                                    &#10;     | &#9;at org.scalatest.SuperEngine.runTestsImpl(Engine.scala:458)                                                                                                                        &#10;     | &#9;at org.scalatest.FunSuiteLike.runTests(FunSuiteLike.scala:229)                                                                                                                     &#10;     | &#9;at org.scalatest.FunSuiteLike.runTests$(FunSuiteLike.scala:228)                                                                                                                    &#10;     | &#9;at org.scalatest.FunSuite.runTests(FunSuite.scala:1560)                                                                                                                            &#10;     | &#9;at org.scalatest.Suite.run(Suite.scala:1124)                                                                                                                                       &#10;     | &#9;at org.scalatest.Suite.run$(Suite.scala:1106)                                                                                                                                      &#10;     | &#9;at org.scalatest.FunSuite.org$scalatest$FunSuiteLike$$super$run(FunSuite.scala:1560)                                                                                               &#10;     | &#9;at org.scalatest.FunSuiteLike.$anonfun$run$1(FunSuiteLike.scala:233)                                                                                                               &#10;     | &#9;at org.scalatest.SuperEngine.runImpl(Engine.scala:518)                                                                                                                             &#10;     | &#9;at org.scalatest.FunSuiteLike.run(FunSuiteLike.scala:233)                                                                                                                          &#10;     | &#9;at org.scalatest.FunSuiteLike.run$(FunSuiteLike.scala:232)                                                                                                                         &#10;     | &#9;at infrastructure.TestBase.run(TestBase.scala:26)                                                                                                                                  &#10;     | &#9;at org.scalatest.Suite.callExecuteOnSuite$1(Suite.scala:1187)                                                                                                                      &#10;     | &#9;at org.scalatest.Suite.$anonfun$runNestedSuites$1(Suite.scala:1234)                                                                                                                &#10;     | &#9;at scala.collection.ArrayOps$.foreach$extension(ArrayOps.scala:1323)                                                                                                               &#10;     | &#9;at org.scalatest.Suite.runNestedSuites(Suite.scala:1232)                                                                                                                           &#10;     | &#9;at org.scalatest.Suite.runNestedSuites$(Suite.scala:1166)                                                                                                                          &#10;     | &#9;at org.scalatest.Suites.runNestedSuites(Suites.scala:56)                                                                                                                           &#10;     | &#9;at org.scalatest.Suite.run(Suite.scala:1121)                                                                                                                                       &#10;     | &#9;at org.scalatest.Suite.run$(Suite.scala:1106)                                                                                                                                      &#10;     | &#9;at snake.SnakeTestSuite.runDirect(SnakeTestSuite.scala:24)                                                                                                                         &#10;     | &#9;at snake.SnakeTestSuite.run(SnakeTestSuite.scala:16)                                                                                                                               &#10;     | &#9;at org.scalatestplus.junit.JUnitRunner.run(JUnitRunner.scala:99)                                                                                                                   &#10;     | &#9;at org.junit.runner.JUnitCore.run(JUnitCore.java:137)                                                                                                                              &#10;     | &#9;at org.junit.runner.JUnitCore.run(JUnitCore.java:115)                                                                                                                              &#10;     | &#9;at org.junit.vintage.engine.execution.RunnerExecutor.execute(RunnerExecutor.java:42)                                                                                               &#10;     | &#9;at org.junit.vintage.engine.VintageTestEngine.executeAllChildren(VintageTestEngine.java:80)                                                                                        &#10;     | &#9;at org.junit.vintage.engine.VintageTestEngine.execute(VintageTestEngine.java:72)                                                                                                   &#10;     | &#9;at org.junit.platform.launcher.core.EngineExecutionOrchestrator.execute(EngineExecutionOrchestrator.java:107)                                                                      &#10;     | &#9;at org.junit.platform.launcher.core.EngineExecutionOrchestrator.execute(EngineExecutionOrchestrator.java:88)                                                                       &#10;     | &#9;at org.junit.platform.launcher.core.EngineExecutionOrchestrator.lambda$execute$0(EngineExecutionOrchestrator.java:54)                                                              &#10;     | &#9;at org.junit.platform.launcher.core.EngineExecutionOrchestrator.withInterceptedStreams(EngineExecutionOrchestrator.java:67)                                                        &#10;     | &#9;at org.junit.platform.launcher.core.EngineExecutionOrchestrator.execute(EngineExecutionOrchestrator.java:52)                                                                       &#10;     | &#9;at org.junit.platform.launcher.core.DefaultLauncher.execute(DefaultLauncher.java:114)                                                                                              &#10;     | &#9;at org.junit.platform.launcher.core.DefaultLauncher.execute(DefaultLauncher.java:86)                                                                                               &#10;     | &#9;at org.junit.platform.launcher.core.DefaultLauncherSession$DelegatingLauncher.execute(DefaultLauncherSession.java:86)                                                              &#10;     | &#9;at org.junit.platform.launcher.core.SessionPerRequestLauncher.execute(SessionPerRequestLauncher.java:53)                                                                           &#10;     | &#9;at org.gradle.api.internal.tasks.testing.junitplatform.JUnitPlatformTestClassProcessor$CollectAllTestClassesExecutor.processAllTestClasses(JUnitPlatformTestClassProcessor.java:99)&#10;     | &#9;at org.gradle.api.internal.tasks.testing.junitplatform.JUnitPlatformTestClassProcessor$CollectAllTestClassesExecutor.access$000(JUnitPlatformTestClassProcessor.java:79)           &#10;     | &#9;at org.gradle.api.internal.tasks.testing.junitplatform.JUnitPlatformTestClassProcessor.stop(JUnitPlatformTestClassProcessor.java:75)                                               &#10;     | &#9;at org.gradle.api.internal.tasks.testing.SuiteTestClassProcessor.stop(SuiteTestClassProcessor.java:61)                                                                             &#10;     | &#9;at java.base/jdk.internal.reflect.DirectMethodHandleAccessor.invoke(DirectMethodHandleAccessor.java:104)                                                                           &#10;     | &#9;at java.base/java.lang.reflect.Method.invoke(Method.java:577)                                                                                                                      &#10;     | &#9;at org.gradle.internal.dispatch.ReflectionDispatch.dispatch(ReflectionDispatch.java:36)                                                                                            &#10;     | &#9;at org.gradle.internal.dispatch.ReflectionDispatch.dispatch(ReflectionDispatch.java:24)                                                                                            &#10;     | &#9;at org.gradle.internal.dispatch.ContextClassLoaderDispatch.dispatch(ContextClassLoaderDispatch.java:33)                                                                            &#10;     | &#9;at org.gradle.internal.dispatch.ProxyDispatchAdapter$DispatchingInvocationHandler.invoke(ProxyDispatchAdapter.java:94)                                                             &#10;     | &#9;at jdk.proxy1/jdk.proxy1.$Proxy2.stop(Unknown Source)                                                                                                                              &#10;     | &#9;at org.gradle.api.internal.tasks.testing.worker.TestWorker$3.run(TestWorker.java:193)                                                                                              &#10;     | &#9;at org.gradle.api.internal.tasks.testing.worker.TestWorker.executeAndMaintainThreadName(TestWorker.java:129)                                                                       &#10;     | &#9;at org.gradle.api.internal.tasks.testing.worker.TestWorker.execute(TestWorker.java:100)                                                                                            &#10;     | &#9;at org.gradle.api.internal.tasks.testing.worker.TestWorker.execute(TestWorker.java:60)                                                                                             &#10;     | &#9;at org.gradle.process.internal.worker.child.ActionExecutionWorker.execute(ActionExecutionWorker.java:56)                                                                           &#10;     | &#9;at org.gradle.process.internal.worker.child.SystemApplicationClassLoaderWorker.call(SystemApplicationClassLoaderWorker.java:133)                                                   &#10;     | &#9;at org.gradle.process.internal.worker.child.SystemApplicationClassLoaderWorker.call(SystemApplicationClassLoaderWorker.java:71)                                                    &#10;     | &#9;at worker.org.gradle.process.internal.worker.GradleWorkerMain.run(GradleWorkerMain.java:69)                                                                                        &#10;     | &#9;at worker.org.gradle.process.internal.worker.GradleWorkerMain.main(GradleWorkerMain.java:74)                                                                                       &#10;     | )                                                                                                                                                                                   &#10;&#10;" type="org.scalatest.exceptions.TestFailedException">org.scalatest.exceptions.TestFailedException: didPass was false
Hint: The game should work at any board size which can hold the initial snake. In this case 3x1.
--------------------------------------------------------------------------------
This is what went wrong:

step=0, rand=0, actions=&lt;&gt;
Want | Got ✗                                                                                                                                                                               
-------------------------------------------------------------------------------------------------------------------------------------------------------------------------------------------
OO&gt;  | LogicFailed(java.lang.ArithmeticException: / by zero                                                                                                                                
     | 	at generic.TestRandomGen.randomInt(TestRandomGen.scala:17)                                                                                                                         
     | 	at snake.logic.GameLogic.&lt;init&gt;(GameLogic.scala:12)                                                                                                                                
     | 	at snake.SnakeTestSuiteBase.makeGame(SnakeTestSuiteBase.scala:69)                                                                                                                  
     | 	at snake.SnakeTestSuiteBase.makeGame(SnakeTestSuiteBase.scala:64)                                                                                                                  
     | 	at generic.GameTestSuite$TestRecording.liftedTree1$1(GameTestSuite.scala:188)                                                                                                      
     | 	at generic.GameTestSuite$TestRecording.implementationDisplays$lzycompute(GameTestSuite.scala:187)                                                                                  
     | 	at generic.GameTestSuite$TestRecording.implementationDisplays(GameTestSuite.scala:178)                                                                                             
     | 	at generic.GameTestSuite$TestRecording.passes$lzycompute(GameTestSuite.scala:208)                                                                                                  
     | 	at generic.GameTestSuite$TestRecording.passes(GameTestSuite.scala:207)                                                                                                             
     | 	at generic.GameTestSuite.checkGame(GameTestSuite.scala:290)                                                                                                                        
     | 	at snake.SnakeTestSuiteBase.checkGame(SnakeTestSuiteBase.scala:102)                                                                                                                
     | 	at snake.basic.FullGameTests.$anonfun$new$1(FullGameTests.scala:24)                                                                                                                
     | 	at scala.runtime.java8.JFunction0$mcV$sp.apply(JFunction0$mcV$sp.scala:18)                                                                                                         
     | 	at infrastructure.TestBase.$anonfun$test$1(TestBase.scala:36)                                                                                                                      
     | 	at org.scalatest.OutcomeOf.outcomeOf(OutcomeOf.scala:85)                                                                                                                           
     | 	at org.scalatest.OutcomeOf.outcomeOf$(OutcomeOf.scala:83)                                                                                                                          
     | 	at org.scalatest.OutcomeOf$.outcomeOf(OutcomeOf.scala:104)                                                                                                                         
     | 	at org.scalatest.Transformer.apply(Transformer.scala:22)                                                                                                                           
     | 	at org.scalatest.Transformer.apply(Transformer.scala:20)                                                                                                                           
     | 	at org.scalatest.FunSuiteLike$$anon$1.apply(FunSuiteLike.scala:186)                                                                                                                
     | 	at org.scalatest.TestSuite.withFixture(TestSuite.scala:196)                                                                                                                        
     | 	at org.scalatest.TestSuite.withFixture$(TestSuite.scala:195)                                                                                                                       
     | 	at infrastructure.TestBase.org$scalatest$concurrent$TimeLimitedTests$$super$withFixture(TestBase.scala:9)                                                                          
     | 	at org.scalatest.concurrent.TimeLimitedTests.$anonfun$withFixture$3(TimeLimitedTests.scala:154)                                                                                    
     | 	at org.scalatest.enablers.Timed$$anon$1.timeoutAfter(Timed.scala:127)                                                                                                              
     | 	at org.scalatest.concurrent.TimeLimits.failAfterImpl(TimeLimits.scala:239)                                                                                                         
     | 	at org.scalatest.concurrent.TimeLimits.failAfterImpl$(TimeLimits.scala:233)                                                                                                        
     | 	at org.scalatest.concurrent.TimeLimits$.failAfterImpl(TimeLimits.scala:305)                                                                                                        
     | 	at org.scalatest.concurrent.TimeLimitedTests.withFixture(TimeLimitedTests.scala:153)                                                                                               
     | 	at org.scalatest.concurrent.TimeLimitedTests.withFixture$(TimeLimitedTests.scala:150)                                                                                              
     | 	at infrastructure.TestBase.withFixture(TestBase.scala:9)                                                                                                                           
     | 	at org.scalatest.FunSuiteLike.invokeWithFixture$1(FunSuiteLike.scala:184)                                                                                                          
     | 	at org.scalatest.FunSuiteLike.$anonfun$runTest$1(FunSuiteLike.scala:196)                                                                                                           
     | 	at org.scalatest.SuperEngine.runTestImpl(Engine.scala:286)                                                                                                                         
     | 	at org.scalatest.FunSuiteLike.runTest(FunSuiteLike.scala:196)                                                                                                                      
     | 	at org.scalatest.FunSuiteLike.runTest$(FunSuiteLike.scala:178)                                                                                                                     
     | 	at org.scalatest.FunSuite.runTest(FunSuite.scala:1560)                                                                                                                             
     | 	at org.scalatest.FunSuiteLike.$anonfun$runTests$1(FunSuiteLike.scala:229)                                                                                                          
     | 	at org.scalatest.SuperEngine.$anonfun$runTestsInBranch$1(Engine.scala:393)                                                                                                         
     | 	at scala.collection.immutable.List.foreach(List.scala:333)                                                                                                                         
     | 	at org.scalatest.SuperEngine.traverseSubNodes$1(Engine.scala:381)                                                                                                                  
     | 	at org.scalatest.SuperEngine.runTestsInBranch(Engine.scala:376)                                                                                                                    
     | 	at org.scalatest.SuperEngine.runTestsImpl(Engine.scala:458)                                                                                                                        
     | 	at org.scalatest.FunSuiteLike.runTests(FunSuiteLike.scala:229)                                                                                                                     
     | 	at org.scalatest.FunSuiteLike.runTests$(FunSuiteLike.scala:228)                                                                                                                    
     | 	at org.scalatest.FunSuite.runTests(FunSuite.scala:1560)                                                                                                                            
     | 	at org.scalatest.Suite.run(Suite.scala:1124)                                                                                                                                       
     | 	at org.scalatest.Suite.run$(Suite.scala:1106)                                                                                                                                      
     | 	at org.scalatest.FunSuite.org$scalatest$FunSuiteLike$$super$run(FunSuite.scala:1560)                                                                                               
     | 	at org.scalatest.FunSuiteLike.$anonfun$run$1(FunSuiteLike.scala:233)                                                                                                               
     | 	at org.scalatest.SuperEngine.runImpl(Engine.scala:518)                                                                                                                             
     | 	at org.scalatest.FunSuiteLike.run(FunSuiteLike.scala:233)                                                                                                                          
     | 	at org.scalatest.FunSuiteLike.run$(FunSuiteLike.scala:232)                                                                                                                         
     | 	at infrastructure.TestBase.run(TestBase.scala:26)                                                                                                                                  
     | 	at org.scalatest.Suite.callExecuteOnSuite$1(Suite.scala:1187)                                                                                                                      
     | 	at org.scalatest.Suite.$anonfun$runNestedSuites$1(Suite.scala:1234)                                                                                                                
     | 	at scala.collection.ArrayOps$.foreach$extension(ArrayOps.scala:1323)                                                                                                               
     | 	at org.scalatest.Suite.runNestedSuites(Suite.scala:1232)                                                                                                                           
     | 	at org.scalatest.Suite.runNestedSuites$(Suite.scala:1166)                                                                                                                          
     | 	at org.scalatest.Suites.runNestedSuites(Suites.scala:56)                                                                                                                           
     | 	at org.scalatest.Suite.run(Suite.scala:1121)                                                                                                                                       
     | 	at org.scalatest.Suite.run$(Suite.scala:1106)                                                                                                                                      
     | 	at snake.SnakeTestSuite.runDirect(SnakeTestSuite.scala:24)                                                                                                                         
     | 	at snake.SnakeTestSuite.run(SnakeTestSuite.scala:16)                                                                                                                               
     | 	at org.scalatestplus.junit.JUnitRunner.run(JUnitRunner.scala:99)                                                                                                                   
     | 	at org.junit.runner.JUnitCore.run(JUnitCore.java:137)                                                                                                                              
     | 	at org.junit.runner.JUnitCore.run(JUnitCore.java:115)                                                                                                                              
     | 	at org.junit.vintage.engine.execution.RunnerExecutor.execute(RunnerExecutor.java:42)                                                                                               
     | 	at org.junit.vintage.engine.VintageTestEngine.executeAllChildren(VintageTestEngine.java:80)                                                                                        
     | 	at org.junit.vintage.engine.VintageTestEngine.execute(VintageTestEngine.java:72)                                                                                                   
     | 	at org.junit.platform.launcher.core.EngineExecutionOrchestrator.execute(EngineExecutionOrchestrator.java:107)                                                                      
     | 	at org.junit.platform.launcher.core.EngineExecutionOrchestrator.execute(EngineExecutionOrchestrator.java:88)                                                                       
     | 	at org.junit.platform.launcher.core.EngineExecutionOrchestrator.lambda$execute$0(EngineExecutionOrchestrator.java:54)                                                              
     | 	at org.junit.platform.launcher.core.EngineExecutionOrchestrator.withInterceptedStreams(EngineExecutionOrchestrator.java:67)                                                        
     | 	at org.junit.platform.launcher.core.EngineExecutionOrchestrator.execute(EngineExecutionOrchestrator.java:52)                                                                       
     | 	at org.junit.platform.launcher.core.DefaultLauncher.execute(DefaultLauncher.java:114)                                                                                              
     | 	at org.junit.platform.launcher.core.DefaultLauncher.execute(DefaultLauncher.java:86)                                                                                               
     | 	at org.junit.platform.launcher.core.DefaultLauncherSession$DelegatingLauncher.execute(DefaultLauncherSession.java:86)                                                              
     | 	at org.junit.platform.launcher.core.SessionPerRequestLauncher.execute(SessionPerRequestLauncher.java:53)                                                                           
     | 	at org.gradle.api.internal.tasks.testing.junitplatform.JUnitPlatformTestClassProcessor$CollectAllTestClassesExecutor.processAllTestClasses(JUnitPlatformTestClassProcessor.java:99)
     | 	at org.gradle.api.internal.tasks.testing.junitplatform.JUnitPlatformTestClassProcessor$CollectAllTestClassesExecutor.access$000(JUnitPlatformTestClassProcessor.java:79)           
     | 	at org.gradle.api.internal.tasks.testing.junitplatform.JUnitPlatformTestClassProcessor.stop(JUnitPlatformTestClassProcessor.java:75)                                               
     | 	at org.gradle.api.internal.tasks.testing.SuiteTestClassProcessor.stop(SuiteTestClassProcessor.java:61)                                                                             
     | 	at java.base/jdk.internal.reflect.DirectMethodHandleAccessor.invoke(DirectMethodHandleAccessor.java:104)                                                                           
     | 	at java.base/java.lang.reflect.Method.invoke(Method.java:577)                                                                                                                      
     | 	at org.gradle.internal.dispatch.ReflectionDispatch.dispatch(ReflectionDispatch.java:36)                                                                                            
     | 	at org.gradle.internal.dispatch.ReflectionDispatch.dispatch(ReflectionDispatch.java:24)                                                                                            
     | 	at org.gradle.internal.dispatch.ContextClassLoaderDispatch.dispatch(ContextClassLoaderDispatch.java:33)                                                                            
     | 	at org.gradle.internal.dispatch.ProxyDispatchAdapter$DispatchingInvocationHandler.invoke(ProxyDispatchAdapter.java:94)                                                             
     | 	at jdk.proxy1/jdk.proxy1.$Proxy2.stop(Unknown Source)                                                                                                                              
     | 	at org.gradle.api.internal.tasks.testing.worker.TestWorker$3.run(TestWorker.java:193)                                                                                              
     | 	at org.gradle.api.internal.tasks.testing.worker.TestWorker.executeAndMaintainThreadName(TestWorker.java:129)                                                                       
     | 	at org.gradle.api.internal.tasks.testing.worker.TestWorker.execute(TestWorker.java:100)                                                                                            
     | 	at org.gradle.api.internal.tasks.testing.worker.TestWorker.execute(TestWorker.java:60)                                                                                             
     | 	at org.gradle.process.internal.worker.child.ActionExecutionWorker.execute(ActionExecutionWorker.java:56)                                                                           
     | 	at org.gradle.process.internal.worker.child.SystemApplicationClassLoaderWorker.call(SystemApplicationClassLoaderWorker.java:133)                                                   
     | 	at org.gradle.process.internal.worker.child.SystemApplicationClassLoaderWorker.call(SystemApplicationClassLoaderWorker.java:71)                                                    
     | 	at worker.org.gradle.process.internal.worker.GradleWorkerMain.run(GradleWorkerMain.java:69)                                                                                        
     | 	at worker.org.gradle.process.internal.worker.GradleWorkerMain.main(GradleWorkerMain.java:74)                                                                                       
     | )                                                                                                                                                                                   


	at app//org.scalatest.Assertions.newAssertionFailedException(Assertions.scala:530)
	at app//org.scalatest.Assertions.newAssertionFailedException$(Assertions.scala:529)
	at app//org.scalatest.FunSuite.newAssertionFailedException(FunSuite.scala:1560)
	at app//org.scalatest.Assertions$AssertionsHelper.macroAssert(Assertions.scala:503)
	at app//generic.GameTestSuite.checkGame(GameTestSuite.scala:298)
	at app//snake.SnakeTestSuiteBase.checkGame(SnakeTestSuiteBase.scala:102)
	at app//snake.basic.FullGameTests.$anonfun$new$1(FullGameTests.scala:24)
	at app//scala.runtime.java8.JFunction0$mcV$sp.apply(JFunction0$mcV$sp.scala:18)
	at app//infrastructure.TestBase.$anonfun$test$1(TestBase.scala:36)
	at app//org.scalatest.OutcomeOf.outcomeOf(OutcomeOf.scala:85)
	at app//org.scalatest.OutcomeOf.outcomeOf$(OutcomeOf.scala:83)
	at app//org.scalatest.OutcomeOf$.outcomeOf(OutcomeOf.scala:104)
	at app//org.scalatest.Transformer.apply(Transformer.scala:22)
	at app//org.scalatest.Transformer.apply(Transformer.scala:20)
	at app//org.scalatest.FunSuiteLike$$anon$1.apply(FunSuiteLike.scala:186)
	at app//org.scalatest.TestSuite.withFixture(TestSuite.scala:196)
	at app//org.scalatest.TestSuite.withFixture$(TestSuite.scala:195)
	at app//infrastructure.TestBase.org$scalatest$concurrent$TimeLimitedTests$$super$withFixture(TestBase.scala:9)
	at app//org.scalatest.concurrent.TimeLimitedTests.$anonfun$withFixture$3(TimeLimitedTests.scala:154)
	at app//org.scalatest.enablers.Timed$$anon$1.timeoutAfter(Timed.scala:127)
	at app//org.scalatest.concurrent.TimeLimits.failAfterImpl(TimeLimits.scala:239)
	at app//org.scalatest.concurrent.TimeLimits.failAfterImpl$(TimeLimits.scala:233)
	at app//org.scalatest.concurrent.TimeLimits$.failAfterImpl(TimeLimits.scala:305)
	at app//org.scalatest.concurrent.TimeLimitedTests.withFixture(TimeLimitedTests.scala:153)
	at app//org.scalatest.concurrent.TimeLimitedTests.withFixture$(TimeLimitedTests.scala:150)
	at app//infrastructure.TestBase.withFixture(TestBase.scala:9)
	at app//org.scalatest.FunSuiteLike.invokeWithFixture$1(FunSuiteLike.scala:184)
	at app//org.scalatest.FunSuiteLike.$anonfun$runTest$1(FunSuiteLike.scala:196)
	at app//org.scalatest.SuperEngine.runTestImpl(Engine.scala:286)
	at app//org.scalatest.FunSuiteLike.runTest(FunSuiteLike.scala:196)
	at app//org.scalatest.FunSuiteLike.runTest$(FunSuiteLike.scala:178)
	at app//org.scalatest.FunSuite.runTest(FunSuite.scala:1560)
	at app//org.scalatest.FunSuiteLike.$anonfun$runTests$1(FunSuiteLike.scala:229)
	at app//org.scalatest.SuperEngine.$anonfun$runTestsInBranch$1(Engine.scala:393)
	at app//scala.collection.immutable.List.foreach(List.scala:333)
	at app//org.scalatest.SuperEngine.traverseSubNodes$1(Engine.scala:381)
	at app//org.scalatest.SuperEngine.runTestsInBranch(Engine.scala:376)
	at app//org.scalatest.SuperEngine.runTestsImpl(Engine.scala:458)
	at app//org.scalatest.FunSuiteLike.runTests(FunSuiteLike.scala:229)
	at app//org.scalatest.FunSuiteLike.runTests$(FunSuiteLike.scala:228)
	at app//org.scalatest.FunSuite.runTests(FunSuite.scala:1560)
	at app//org.scalatest.Suite.run(Suite.scala:1124)
	at app//org.scalatest.Suite.run$(Suite.scala:1106)
	at app//org.scalatest.FunSuite.org$scalatest$FunSuiteLike$$super$run(FunSuite.scala:1560)
	at app//org.scalatest.FunSuiteLike.$anonfun$run$1(FunSuiteLike.scala:233)
	at app//org.scalatest.SuperEngine.runImpl(Engine.scala:518)
	at app//org.scalatest.FunSuiteLike.run(FunSuiteLike.scala:233)
	at app//org.scalatest.FunSuiteLike.run$(FunSuiteLike.scala:232)
	at app//infrastructure.TestBase.run(TestBase.scala:26)
	at app//org.scalatest.Suite.callExecuteOnSuite$1(Suite.scala:1187)
	at app//org.scalatest.Suite.$anonfun$runNestedSuites$1(Suite.scala:1234)
	at app//scala.collection.ArrayOps$.foreach$extension(ArrayOps.scala:1323)
	at app//org.scalatest.Suite.runNestedSuites(Suite.scala:1232)
	at app//org.scalatest.Suite.runNestedSuites$(Suite.scala:1166)
	at app//org.scalatest.Suites.runNestedSuites(Suites.scala:56)
	at app//org.scalatest.Suite.run(Suite.scala:1121)
	at app//org.scalatest.Suite.run$(Suite.scala:1106)
	at app//snake.SnakeTestSuite.runDirect(SnakeTestSuite.scala:24)
	at app//snake.SnakeTestSuite.run(SnakeTestSuite.scala:16)
	at app//org.scalatestplus.junit.JUnitRunner.run(JUnitRunner.scala:99)
	at app//org.junit.runner.JUnitCore.run(JUnitCore.java:137)
	at app//org.junit.runner.JUnitCore.run(JUnitCore.java:115)
	at app//org.junit.vintage.engine.execution.RunnerExecutor.execute(RunnerExecutor.java:42)
	at app//org.junit.vintage.engine.VintageTestEngine.executeAllChildren(VintageTestEngine.java:80)
	at app//org.junit.vintage.engine.VintageTestEngine.execute(VintageTestEngine.java:72)
	at org.junit.platform.launcher.core.EngineExecutionOrchestrator.execute(EngineExecutionOrchestrator.java:107)
	at org.junit.platform.launcher.core.EngineExecutionOrchestrator.execute(EngineExecutionOrchestrator.java:88)
	at org.junit.platform.launcher.core.EngineExecutionOrchestrator.lambda$execute$0(EngineExecutionOrchestrator.java:54)
	at org.junit.platform.launcher.core.EngineExecutionOrchestrator.withInterceptedStreams(EngineExecutionOrchestrator.java:67)
	at org.junit.platform.launcher.core.EngineExecutionOrchestrator.execute(EngineExecutionOrchestrator.java:52)
	at org.junit.platform.launcher.core.DefaultLauncher.execute(DefaultLauncher.java:114)
	at org.junit.platform.launcher.core.DefaultLauncher.execute(DefaultLauncher.java:86)
	at org.junit.platform.launcher.core.DefaultLauncherSession$DelegatingLauncher.execute(DefaultLauncherSession.java:86)
	at org.junit.platform.launcher.core.SessionPerRequestLauncher.execute(SessionPerRequestLauncher.java:53)
	at org.gradle.api.internal.tasks.testing.junitplatform.JUnitPlatformTestClassProcessor$CollectAllTestClassesExecutor.processAllTestClasses(JUnitPlatformTestClassProcessor.java:99)
	at org.gradle.api.internal.tasks.testing.junitplatform.JUnitPlatformTestClassProcessor$CollectAllTestClassesExecutor.access$000(JUnitPlatformTestClassProcessor.java:79)
	at org.gradle.api.internal.tasks.testing.junitplatform.JUnitPlatformTestClassProcessor.stop(JUnitPlatformTestClassProcessor.java:75)
	at org.gradle.api.internal.tasks.testing.SuiteTestClassProcessor.stop(SuiteTestClassProcessor.java:61)
	at java.base@18.0.2.1/jdk.internal.reflect.DirectMethodHandleAccessor.invoke(DirectMethodHandleAccessor.java:104)
	at java.base@18.0.2.1/java.lang.reflect.Method.invoke(Method.java:577)
	at org.gradle.internal.dispatch.ReflectionDispatch.dispatch(ReflectionDispatch.java:36)
	at org.gradle.internal.dispatch.ReflectionDispatch.dispatch(ReflectionDispatch.java:24)
	at org.gradle.internal.dispatch.ContextClassLoaderDispatch.dispatch(ContextClassLoaderDispatch.java:33)
	at org.gradle.internal.dispatch.ProxyDispatchAdapter$DispatchingInvocationHandler.invoke(ProxyDispatchAdapter.java:94)
	at jdk.proxy1/jdk.proxy1.$Proxy2.stop(Unknown Source)
	at org.gradle.api.internal.tasks.testing.worker.TestWorker$3.run(TestWorker.java:193)
	at org.gradle.api.internal.tasks.testing.worker.TestWorker.executeAndMaintainThreadName(TestWorker.java:129)
	at org.gradle.api.internal.tasks.testing.worker.TestWorker.execute(TestWorker.java:100)
	at org.gradle.api.internal.tasks.testing.worker.TestWorker.execute(TestWorker.java:60)
	at org.gradle.process.internal.worker.child.ActionExecutionWorker.execute(ActionExecutionWorker.java:56)
	at org.gradle.process.internal.worker.child.SystemApplicationClassLoaderWorker.call(SystemApplicationClassLoaderWorker.java:133)
	at org.gradle.process.internal.worker.child.SystemApplicationClassLoaderWorker.call(SystemApplicationClassLoaderWorker.java:71)
	at app//worker.org.gradle.process.internal.worker.GradleWorkerMain.run(GradleWorkerMain.java:69)
	at app//worker.org.gradle.process.internal.worker.GradleWorkerMain.main(GradleWorkerMain.java:74)
</failure>
  </testcase>
  <testcase name="testGame6x6" classname="snake.basic.FullGameTests" time="0.027">
    <failure message="org.scalatest.exceptions.TestFailedException: didPass was false&#10;Hint: The game should work at any board size which can hold the initial snake. In this case 6x6.&#10;--------------------------------------------------------------------------------&#10;This is what went wrong:&#10;&#10;step=0, rand=2, actions=&lt;&gt;&#10;Want   | Got ✗ &#10;---------------&#10;OO&gt;..A | ......&#10;...... | ......&#10;...... | ..A...&#10;...... | ...OO&gt;&#10;...... | ......&#10;...... | ......&#10;&#10;step=1, rand=2, actions=&lt;Step&gt;&#10;Want   | Got ✗ &#10;---------------&#10;.OO&gt;.A | ......&#10;...... | ......&#10;...... | ..A...&#10;...... | &gt;...OO&#10;...... | ......&#10;...... | ......&#10;&#10;step=2, rand=2, actions=&lt;Step&gt;&#10;Want   | Got ✗ &#10;---------------&#10;..OO&gt;A | ......&#10;...... | ......&#10;...... | ..A...&#10;...... | O&gt;...O&#10;...... | ......&#10;...... | ......&#10;&#10;step=3, rand=2, actions=&lt;Step&gt;&#10;Want   | Got ✗ &#10;---------------&#10;..AOO&gt; | ......&#10;...... | ......&#10;...... | ..A...&#10;...... | OO&gt;...&#10;...... | ......&#10;...... | ......&#10;&#10;step=4, rand=2, actions=&lt;Step&gt;&#10;Want   | Got ✗ &#10;---------------&#10;&gt;.AOOO | ......&#10;...... | ......&#10;...... | ..A...&#10;...... | .OO&gt;..&#10;...... | ......&#10;...... | ......&#10;&#10;step=5, rand=2, actions=&lt;Step&gt;&#10;Want   | Got ✗ &#10;---------------&#10;O&gt;AOOO | ......&#10;...... | ......&#10;...... | ..A...&#10;...... | ..OO&gt;.&#10;...... | ......&#10;...... | ......&#10;&#10;step=6, rand=2, actions=&lt;Step&gt;&#10;Want   | Got ✗ &#10;---------------&#10;OO&gt;OOO | ......&#10;..A... | ......&#10;...... | ..A...&#10;...... | ...OO&gt;&#10;...... | ......&#10;...... | ......&#10;&#10;step=7, rand=2, actions=&lt;ChangeDir(South()), Step&gt;&#10;Want   | Got ✗ &#10;---------------&#10;OOOOOO | ......&#10;..vA.. | ......&#10;...... | ..A...&#10;...... | ....OO&#10;...... | .....v&#10;...... | ......&#10;&#10;step=8, rand=2, actions=&lt;Step&gt;&#10;Want   | Got ✗ &#10;---------------&#10;OOOOOO | ......&#10;..OA.. | ......&#10;..v... | ..A...&#10;...... | .....O&#10;...... | .....O&#10;...... | .....v&#10;&#10;step=9, rand=2, actions=&lt;ChangeDir(West()), Step&gt;&#10;Want   | Got ✗ &#10;---------------&#10;OOOOOO | ......&#10;..OA.. | ......&#10;.&lt;O... | ..A...&#10;...... | ......&#10;...... | .....O&#10;...... | ....&lt;O&#10;&#10;step=10, rand=2, actions=&lt;ChangeDir(North()), Step&gt;&#10;Want   | Got ✗ &#10;---------------&#10;OOOOOO | ......&#10;.^OA.. | ......&#10;.OO... | ..A...&#10;...... | ......&#10;...... | ....^.&#10;...... | ....OO&#10;&#10;step=11, rand=2, actions=&lt;ChangeDir(West()), Step&gt;&#10;Want   | Got ✗ &#10;---------------&#10;OOOOOO | ......&#10;&lt;OOA.. | ......&#10;.OO... | ..A...&#10;...... | ......&#10;...... | ...&lt;O.&#10;...... | ....O.&#10;&#10;step=12, rand=2, actions=&lt;Step&gt;&#10;Want   | Got ✗ &#10;---------------&#10;OOOOOO | ......&#10;OOOA.&lt; | ......&#10;.OO... | ..A...&#10;...... | ......&#10;...... | ..&lt;OO.&#10;...... | ......&#10;&#10;step=13, rand=2, actions=&lt;Step&gt;&#10;Want   | Got ✗ &#10;---------------&#10;OOO.OO | ......&#10;OOOA&lt;O | ......&#10;.OO... | ..A...&#10;...... | ......&#10;...... | .&lt;OO..&#10;...... | ......&#10;&#10;step=14, rand=2, actions=&lt;Step&gt;&#10;Want   | Got ✗ &#10;---------------&#10;OOO..O | ......&#10;OOO&lt;OO | ......&#10;AOO... | ..A...&#10;...... | ......&#10;...... | &lt;OO...&#10;...... | ......&#10;&#10;step=15, rand=2, actions=&lt;ChangeDir(North()), Step&gt;&#10;Want   | Got ✗ &#10;---------------&#10;OOO^.O | ......&#10;OOOOOO | ......&#10;AOO... | ..A...&#10;...... | ^.....&#10;...... | OO....&#10;...... | ......&#10;&#10;step=16, rand=2, actions=&lt;Step&gt;&#10;Want   | Got ✗ &#10;---------------&#10;OOOO.O | ......&#10;OOOOOO | ......&#10;AOO... | ^.A...&#10;...... | O.....&#10;...... | O.....&#10;...^.. | ......&#10;&#10;step=17, rand=2, actions=&lt;Step&gt;&#10;Want   | Got ✗ &#10;---------------&#10;OOOO.O | ......&#10;OOOOOO | ^.....&#10;AOO... | O.A...&#10;...... | O.....&#10;...^.. | ......&#10;...O.. | ......&#10;&#10;step=18, rand=2, actions=&lt;ChangeDir(West()), Step&gt;&#10;Want   | Got ✗ &#10;---------------&#10;OOOO.. | ......&#10;OOOOOO | O....&lt;&#10;AOO... | O.A...&#10;...... | ......&#10;..&lt;O.. | ......&#10;...O.. | ......&#10;&#10;step=19, rand=2, actions=&lt;Step&gt;&#10;Want   | Got ✗ &#10;---------------&#10;.OOO.. | ......&#10;OOOOOO | O...&lt;O&#10;AOO... | ..A...&#10;...... | ......&#10;.&lt;OO.. | ......&#10;...O.. | ......&#10;&#10;step=20, rand=2, actions=&lt;Step&gt;&#10;Want   | Got ✗ &#10;---------------&#10;..OO.. | ......&#10;OOOOOO | ...&lt;OO&#10;AOO... | ..A...&#10;...... | ......&#10;&lt;OOO.. | ......&#10;...O.. | ......&#10;&#10;step=21, rand=2, actions=&lt;ChangeDir(North()), Step&gt;&#10;Want   | Got ✗ &#10;---------------&#10;...O.. | ...^..&#10;OOOOOO | ...OO.&#10;AOO... | ..A...&#10;^..... | ......&#10;OOOO.. | ......&#10;...O.. | ......&#10;&#10;step=22, rand=2, actions=&lt;Step&gt;&#10;Want   | Got ✗ &#10;---------------&#10;..AO.. | ...O..&#10;OO.OOO | ...O..&#10;^OO... | ..A...&#10;O..... | ......&#10;OOOO.. | ......&#10;...O.. | ...^..&#10;&#10;step=23, rand=2, actions=&lt;ChangeDir(West()), Step&gt;&#10;Want   | Got ✗ &#10;---------------&#10;..AO.. | ...O..&#10;OO.OOO | ......&#10;OOO..&lt; | ..A...&#10;O..... | ......&#10;OOOO.. | ......&#10;...O.. | ..&lt;O..&#10;&#10;step=24, rand=2, actions=&lt;Step&gt;&#10;Want   | Got ✗ &#10;---------------&#10;..AO.. | ......&#10;OO.OOO | ......&#10;OOO.&lt;O | ..A...&#10;O..... | ......&#10;OOOO.. | ......&#10;...O.. | .&lt;OO..&#10;&#10;step=25, rand=2, actions=&lt;ChangeDir(South()), Step&gt;&#10;Want   | Got ✗ &#10;---------------&#10;..AO.. | .v....&#10;OO.OOO | ......&#10;OOO.OO | ..A...&#10;O...v. | ......&#10;OOOO.. | ......&#10;...O.. | .OO...&#10;&#10;step=26, rand=2, actions=&lt;ChangeDir(East()), Step&gt;&#10;Want   | Got ✗ &#10;---------------&#10;..AO.. | .O&gt;...&#10;OO.OOO | ......&#10;OO..OO | ..A...&#10;O...O&gt; | ......&#10;OOOO.. | ......&#10;...O.. | .O....&#10;&#10;step=27, rand=2, actions=&lt;Step&gt;&#10;Want              | Got ✗ &#10;--------------------------&#10;GameOverDisplay() | .OO&gt;..&#10;                  | ......&#10;                  | ..A...&#10;                  | ......&#10;                  | ......&#10;                  | ......&#10;&#10;" type="org.scalatest.exceptions.TestFailedException">org.scalatest.exceptions.TestFailedException: didPass was false
Hint: The game should work at any board size which can hold the initial snake. In this case 6x6.
--------------------------------------------------------------------------------
This is what went wrong:

step=0, rand=2, actions=&lt;&gt;
Want   | Got ✗ 
---------------
OO&gt;..A | ......
...... | ......
...... | ..A...
...... | ...OO&gt;
...... | ......
...... | ......

step=1, rand=2, actions=&lt;Step&gt;
Want   | Got ✗ 
---------------
.OO&gt;.A | ......
...... | ......
...... | ..A...
...... | &gt;...OO
...... | ......
...... | ......

step=2, rand=2, actions=&lt;Step&gt;
Want   | Got ✗ 
---------------
..OO&gt;A | ......
...... | ......
...... | ..A...
...... | O&gt;...O
...... | ......
...... | ......

step=3, rand=2, actions=&lt;Step&gt;
Want   | Got ✗ 
---------------
..AOO&gt; | ......
...... | ......
...... | ..A...
...... | OO&gt;...
...... | ......
...... | ......

step=4, rand=2, actions=&lt;Step&gt;
Want   | Got ✗ 
---------------
&gt;.AOOO | ......
...... | ......
...... | ..A...
...... | .OO&gt;..
...... | ......
...... | ......

step=5, rand=2, actions=&lt;Step&gt;
Want   | Got ✗ 
---------------
O&gt;AOOO | ......
...... | ......
...... | ..A...
...... | ..OO&gt;.
...... | ......
...... | ......

step=6, rand=2, actions=&lt;Step&gt;
Want   | Got ✗ 
---------------
OO&gt;OOO | ......
..A... | ......
...... | ..A...
...... | ...OO&gt;
...... | ......
...... | ......

step=7, rand=2, actions=&lt;ChangeDir(South()), Step&gt;
Want   | Got ✗ 
---------------
OOOOOO | ......
..vA.. | ......
...... | ..A...
...... | ....OO
...... | .....v
...... | ......

step=8, rand=2, actions=&lt;Step&gt;
Want   | Got ✗ 
---------------
OOOOOO | ......
..OA.. | ......
..v... | ..A...
...... | .....O
...... | .....O
...... | .....v

step=9, rand=2, actions=&lt;ChangeDir(West()), Step&gt;
Want   | Got ✗ 
---------------
OOOOOO | ......
..OA.. | ......
.&lt;O... | ..A...
...... | ......
...... | .....O
...... | ....&lt;O

step=10, rand=2, actions=&lt;ChangeDir(North()), Step&gt;
Want   | Got ✗ 
---------------
OOOOOO | ......
.^OA.. | ......
.OO... | ..A...
...... | ......
...... | ....^.
...... | ....OO

step=11, rand=2, actions=&lt;ChangeDir(West()), Step&gt;
Want   | Got ✗ 
---------------
OOOOOO | ......
&lt;OOA.. | ......
.OO... | ..A...
...... | ......
...... | ...&lt;O.
...... | ....O.

step=12, rand=2, actions=&lt;Step&gt;
Want   | Got ✗ 
---------------
OOOOOO | ......
OOOA.&lt; | ......
.OO... | ..A...
...... | ......
...... | ..&lt;OO.
...... | ......

step=13, rand=2, actions=&lt;Step&gt;
Want   | Got ✗ 
---------------
OOO.OO | ......
OOOA&lt;O | ......
.OO... | ..A...
...... | ......
...... | .&lt;OO..
...... | ......

step=14, rand=2, actions=&lt;Step&gt;
Want   | Got ✗ 
---------------
OOO..O | ......
OOO&lt;OO | ......
AOO... | ..A...
...... | ......
...... | &lt;OO...
...... | ......

step=15, rand=2, actions=&lt;ChangeDir(North()), Step&gt;
Want   | Got ✗ 
---------------
OOO^.O | ......
OOOOOO | ......
AOO... | ..A...
...... | ^.....
...... | OO....
...... | ......

step=16, rand=2, actions=&lt;Step&gt;
Want   | Got ✗ 
---------------
OOOO.O | ......
OOOOOO | ......
AOO... | ^.A...
...... | O.....
...... | O.....
...^.. | ......

step=17, rand=2, actions=&lt;Step&gt;
Want   | Got ✗ 
---------------
OOOO.O | ......
OOOOOO | ^.....
AOO... | O.A...
...... | O.....
...^.. | ......
...O.. | ......

step=18, rand=2, actions=&lt;ChangeDir(West()), Step&gt;
Want   | Got ✗ 
---------------
OOOO.. | ......
OOOOOO | O....&lt;
AOO... | O.A...
...... | ......
..&lt;O.. | ......
...O.. | ......

step=19, rand=2, actions=&lt;Step&gt;
Want   | Got ✗ 
---------------
.OOO.. | ......
OOOOOO | O...&lt;O
AOO... | ..A...
...... | ......
.&lt;OO.. | ......
...O.. | ......

step=20, rand=2, actions=&lt;Step&gt;
Want   | Got ✗ 
---------------
..OO.. | ......
OOOOOO | ...&lt;OO
AOO... | ..A...
...... | ......
&lt;OOO.. | ......
...O.. | ......

step=21, rand=2, actions=&lt;ChangeDir(North()), Step&gt;
Want   | Got ✗ 
---------------
...O.. | ...^..
OOOOOO | ...OO.
AOO... | ..A...
^..... | ......
OOOO.. | ......
...O.. | ......

step=22, rand=2, actions=&lt;Step&gt;
Want   | Got ✗ 
---------------
..AO.. | ...O..
OO.OOO | ...O..
^OO... | ..A...
O..... | ......
OOOO.. | ......
...O.. | ...^..

step=23, rand=2, actions=&lt;ChangeDir(West()), Step&gt;
Want   | Got ✗ 
---------------
..AO.. | ...O..
OO.OOO | ......
OOO..&lt; | ..A...
O..... | ......
OOOO.. | ......
...O.. | ..&lt;O..

step=24, rand=2, actions=&lt;Step&gt;
Want   | Got ✗ 
---------------
..AO.. | ......
OO.OOO | ......
OOO.&lt;O | ..A...
O..... | ......
OOOO.. | ......
...O.. | .&lt;OO..

step=25, rand=2, actions=&lt;ChangeDir(South()), Step&gt;
Want   | Got ✗ 
---------------
..AO.. | .v....
OO.OOO | ......
OOO.OO | ..A...
O...v. | ......
OOOO.. | ......
...O.. | .OO...

step=26, rand=2, actions=&lt;ChangeDir(East()), Step&gt;
Want   | Got ✗ 
---------------
..AO.. | .O&gt;...
OO.OOO | ......
OO..OO | ..A...
O...O&gt; | ......
OOOO.. | ......
...O.. | .O....

step=27, rand=2, actions=&lt;Step&gt;
Want              | Got ✗ 
--------------------------
GameOverDisplay() | .OO&gt;..
                  | ......
                  | ..A...
                  | ......
                  | ......
                  | ......


	at app//org.scalatest.Assertions.newAssertionFailedException(Assertions.scala:530)
	at app//org.scalatest.Assertions.newAssertionFailedException$(Assertions.scala:529)
	at app//org.scalatest.FunSuite.newAssertionFailedException(FunSuite.scala:1560)
	at app//org.scalatest.Assertions$AssertionsHelper.macroAssert(Assertions.scala:503)
	at app//generic.GameTestSuite.checkGame(GameTestSuite.scala:298)
	at app//snake.SnakeTestSuiteBase.checkGame(SnakeTestSuiteBase.scala:102)
	at app//snake.basic.FullGameTests.$anonfun$new$2(FullGameTests.scala:223)
	at app//scala.runtime.java8.JFunction0$mcV$sp.apply(JFunction0$mcV$sp.scala:18)
	at app//infrastructure.TestBase.$anonfun$test$1(TestBase.scala:36)
	at app//org.scalatest.OutcomeOf.outcomeOf(OutcomeOf.scala:85)
	at app//org.scalatest.OutcomeOf.outcomeOf$(OutcomeOf.scala:83)
	at app//org.scalatest.OutcomeOf$.outcomeOf(OutcomeOf.scala:104)
	at app//org.scalatest.Transformer.apply(Transformer.scala:22)
	at app//org.scalatest.Transformer.apply(Transformer.scala:20)
	at app//org.scalatest.FunSuiteLike$$anon$1.apply(FunSuiteLike.scala:186)
	at app//org.scalatest.TestSuite.withFixture(TestSuite.scala:196)
	at app//org.scalatest.TestSuite.withFixture$(TestSuite.scala:195)
	at app//infrastructure.TestBase.org$scalatest$concurrent$TimeLimitedTests$$super$withFixture(TestBase.scala:9)
	at app//org.scalatest.concurrent.TimeLimitedTests.$anonfun$withFixture$3(TimeLimitedTests.scala:154)
	at app//org.scalatest.enablers.Timed$$anon$1.timeoutAfter(Timed.scala:127)
	at app//org.scalatest.concurrent.TimeLimits.failAfterImpl(TimeLimits.scala:239)
	at app//org.scalatest.concurrent.TimeLimits.failAfterImpl$(TimeLimits.scala:233)
	at app//org.scalatest.concurrent.TimeLimits$.failAfterImpl(TimeLimits.scala:305)
	at app//org.scalatest.concurrent.TimeLimitedTests.withFixture(TimeLimitedTests.scala:153)
	at app//org.scalatest.concurrent.TimeLimitedTests.withFixture$(TimeLimitedTests.scala:150)
	at app//infrastructure.TestBase.withFixture(TestBase.scala:9)
	at app//org.scalatest.FunSuiteLike.invokeWithFixture$1(FunSuiteLike.scala:184)
	at app//org.scalatest.FunSuiteLike.$anonfun$runTest$1(FunSuiteLike.scala:196)
	at app//org.scalatest.SuperEngine.runTestImpl(Engine.scala:286)
	at app//org.scalatest.FunSuiteLike.runTest(FunSuiteLike.scala:196)
	at app//org.scalatest.FunSuiteLike.runTest$(FunSuiteLike.scala:178)
	at app//org.scalatest.FunSuite.runTest(FunSuite.scala:1560)
	at app//org.scalatest.FunSuiteLike.$anonfun$runTests$1(FunSuiteLike.scala:229)
	at app//org.scalatest.SuperEngine.$anonfun$runTestsInBranch$1(Engine.scala:393)
	at app//scala.collection.immutable.List.foreach(List.scala:333)
	at app//org.scalatest.SuperEngine.traverseSubNodes$1(Engine.scala:381)
	at app//org.scalatest.SuperEngine.runTestsInBranch(Engine.scala:376)
	at app//org.scalatest.SuperEngine.runTestsImpl(Engine.scala:458)
	at app//org.scalatest.FunSuiteLike.runTests(FunSuiteLike.scala:229)
	at app//org.scalatest.FunSuiteLike.runTests$(FunSuiteLike.scala:228)
	at app//org.scalatest.FunSuite.runTests(FunSuite.scala:1560)
	at app//org.scalatest.Suite.run(Suite.scala:1124)
	at app//org.scalatest.Suite.run$(Suite.scala:1106)
	at app//org.scalatest.FunSuite.org$scalatest$FunSuiteLike$$super$run(FunSuite.scala:1560)
	at app//org.scalatest.FunSuiteLike.$anonfun$run$1(FunSuiteLike.scala:233)
	at app//org.scalatest.SuperEngine.runImpl(Engine.scala:518)
	at app//org.scalatest.FunSuiteLike.run(FunSuiteLike.scala:233)
	at app//org.scalatest.FunSuiteLike.run$(FunSuiteLike.scala:232)
	at app//infrastructure.TestBase.run(TestBase.scala:26)
	at app//org.scalatest.Suite.callExecuteOnSuite$1(Suite.scala:1187)
	at app//org.scalatest.Suite.$anonfun$runNestedSuites$1(Suite.scala:1234)
	at app//scala.collection.ArrayOps$.foreach$extension(ArrayOps.scala:1323)
	at app//org.scalatest.Suite.runNestedSuites(Suite.scala:1232)
	at app//org.scalatest.Suite.runNestedSuites$(Suite.scala:1166)
	at app//org.scalatest.Suites.runNestedSuites(Suites.scala:56)
	at app//org.scalatest.Suite.run(Suite.scala:1121)
	at app//org.scalatest.Suite.run$(Suite.scala:1106)
	at app//snake.SnakeTestSuite.runDirect(SnakeTestSuite.scala:24)
	at app//snake.SnakeTestSuite.run(SnakeTestSuite.scala:16)
	at app//org.scalatestplus.junit.JUnitRunner.run(JUnitRunner.scala:99)
	at app//org.junit.runner.JUnitCore.run(JUnitCore.java:137)
	at app//org.junit.runner.JUnitCore.run(JUnitCore.java:115)
	at app//org.junit.vintage.engine.execution.RunnerExecutor.execute(RunnerExecutor.java:42)
	at app//org.junit.vintage.engine.VintageTestEngine.executeAllChildren(VintageTestEngine.java:80)
	at app//org.junit.vintage.engine.VintageTestEngine.execute(VintageTestEngine.java:72)
	at org.junit.platform.launcher.core.EngineExecutionOrchestrator.execute(EngineExecutionOrchestrator.java:107)
	at org.junit.platform.launcher.core.EngineExecutionOrchestrator.execute(EngineExecutionOrchestrator.java:88)
	at org.junit.platform.launcher.core.EngineExecutionOrchestrator.lambda$execute$0(EngineExecutionOrchestrator.java:54)
	at org.junit.platform.launcher.core.EngineExecutionOrchestrator.withInterceptedStreams(EngineExecutionOrchestrator.java:67)
	at org.junit.platform.launcher.core.EngineExecutionOrchestrator.execute(EngineExecutionOrchestrator.java:52)
	at org.junit.platform.launcher.core.DefaultLauncher.execute(DefaultLauncher.java:114)
	at org.junit.platform.launcher.core.DefaultLauncher.execute(DefaultLauncher.java:86)
	at org.junit.platform.launcher.core.DefaultLauncherSession$DelegatingLauncher.execute(DefaultLauncherSession.java:86)
	at org.junit.platform.launcher.core.SessionPerRequestLauncher.execute(SessionPerRequestLauncher.java:53)
	at org.gradle.api.internal.tasks.testing.junitplatform.JUnitPlatformTestClassProcessor$CollectAllTestClassesExecutor.processAllTestClasses(JUnitPlatformTestClassProcessor.java:99)
	at org.gradle.api.internal.tasks.testing.junitplatform.JUnitPlatformTestClassProcessor$CollectAllTestClassesExecutor.access$000(JUnitPlatformTestClassProcessor.java:79)
	at org.gradle.api.internal.tasks.testing.junitplatform.JUnitPlatformTestClassProcessor.stop(JUnitPlatformTestClassProcessor.java:75)
	at org.gradle.api.internal.tasks.testing.SuiteTestClassProcessor.stop(SuiteTestClassProcessor.java:61)
	at java.base@18.0.2.1/jdk.internal.reflect.DirectMethodHandleAccessor.invoke(DirectMethodHandleAccessor.java:104)
	at java.base@18.0.2.1/java.lang.reflect.Method.invoke(Method.java:577)
	at org.gradle.internal.dispatch.ReflectionDispatch.dispatch(ReflectionDispatch.java:36)
	at org.gradle.internal.dispatch.ReflectionDispatch.dispatch(ReflectionDispatch.java:24)
	at org.gradle.internal.dispatch.ContextClassLoaderDispatch.dispatch(ContextClassLoaderDispatch.java:33)
	at org.gradle.internal.dispatch.ProxyDispatchAdapter$DispatchingInvocationHandler.invoke(ProxyDispatchAdapter.java:94)
	at jdk.proxy1/jdk.proxy1.$Proxy2.stop(Unknown Source)
	at org.gradle.api.internal.tasks.testing.worker.TestWorker$3.run(TestWorker.java:193)
	at org.gradle.api.internal.tasks.testing.worker.TestWorker.executeAndMaintainThreadName(TestWorker.java:129)
	at org.gradle.api.internal.tasks.testing.worker.TestWorker.execute(TestWorker.java:100)
	at org.gradle.api.internal.tasks.testing.worker.TestWorker.execute(TestWorker.java:60)
	at org.gradle.process.internal.worker.child.ActionExecutionWorker.execute(ActionExecutionWorker.java:56)
	at org.gradle.process.internal.worker.child.SystemApplicationClassLoaderWorker.call(SystemApplicationClassLoaderWorker.java:133)
	at org.gradle.process.internal.worker.child.SystemApplicationClassLoaderWorker.call(SystemApplicationClassLoaderWorker.java:71)
	at app//worker.org.gradle.process.internal.worker.GradleWorkerMain.run(GradleWorkerMain.java:69)
	at app//worker.org.gradle.process.internal.worker.GradleWorkerMain.main(GradleWorkerMain.java:74)
</failure>
  </testcase>
  <testcase name="testGame6x3" classname="snake.basic.FullGameTests" time="0.028">
    <failure message="org.scalatest.exceptions.TestFailedException: didPass was false&#10;Hint: The game should work at any board size which can hold the initial snake. In this case 6x3.&#10;--------------------------------------------------------------------------------&#10;This is what went wrong:&#10;&#10;step=0, rand=2, actions=&lt;&gt;&#10;Want   | Got ✗ &#10;---------------&#10;OO&gt;..A | ..A...&#10;...... | ......&#10;...... | ......&#10;&#10;step=1, rand=2, actions=&lt;Step&gt;&#10;Want   | Got ✗ &#10;---------------&#10;.OO&gt;.A | ..A...&#10;...... | ......&#10;...... | ......&#10;&#10;step=2, rand=2, actions=&lt;Step&gt;&#10;Want   | Got ✗ &#10;---------------&#10;..OO&gt;A | ..A...&#10;...... | ......&#10;...... | ......&#10;&#10;step=3, rand=2, actions=&lt;Step&gt;&#10;Want   | Got ✗ &#10;---------------&#10;..AOO&gt; | ..A...&#10;...... | ......&#10;...... | ......&#10;&#10;step=4, rand=2, actions=&lt;Step&gt;&#10;Want   | Got ✗ &#10;---------------&#10;&gt;.AOOO | ..A...&#10;...... | ......&#10;...... | ......&#10;&#10;step=5, rand=2, actions=&lt;Step&gt;&#10;Want   | Got ✗ &#10;---------------&#10;O&gt;AOOO | ..A...&#10;...... | ......&#10;...... | ......&#10;&#10;step=6, rand=2, actions=&lt;Step&gt;&#10;Want   | Got ✗ &#10;---------------&#10;OO&gt;OOO | ..A...&#10;..A... | ......&#10;...... | ......&#10;&#10;step=7, rand=2, actions=&lt;ChangeDir(North()), Step&gt;&#10;Want   | Got ✗ &#10;---------------&#10;OOOOOO | ..A...&#10;..A... | ......&#10;..^... | .....^&#10;&#10;step=8, rand=2, actions=&lt;Step&gt;&#10;Want   | Got ✗ &#10;---------------&#10;OOOOOO | ..A...&#10;..^A.. | .....^&#10;..O... | .....O&#10;&#10;step=9, rand=2, actions=&lt;ChangeDir(West()), Step&gt;&#10;Want   | Got ✗ &#10;---------------&#10;OOOOOO | ..A...&#10;.&lt;OA.. | ....&lt;O&#10;..O... | .....O&#10;&#10;step=10, rand=2, actions=&lt;Step&gt;&#10;Want   | Got ✗ &#10;---------------&#10;OOOOOO | ..A...&#10;&lt;OOA.. | ...&lt;OO&#10;..O... | ......&#10;&#10;step=11, rand=2, actions=&lt;Step&gt;&#10;Want   | Got ✗ &#10;---------------&#10;OOOOOO | ..A...&#10;OOOA.&lt; | ..&lt;OO.&#10;..O... | ......&#10;&#10;step=12, rand=2, actions=&lt;Step&gt;&#10;Want   | Got ✗ &#10;---------------&#10;OOOOOO | ..A...&#10;OOOA&lt;O | .&lt;OO..&#10;..O... | ......&#10;&#10;step=13, rand=2, actions=&lt;Step&gt;&#10;Want   | Got ✗ &#10;---------------&#10;OOO.OO | ..A...&#10;OOO&lt;OO | &lt;OO...&#10;.AO... | ......&#10;&#10;step=14, rand=2, actions=&lt;ChangeDir(South()), Step&gt;&#10;Want   | Got ✗ &#10;---------------&#10;OOO.OO | ..A...&#10;OOOOOO | OO....&#10;.AOv.. | v.....&#10;&#10;step=15, rand=2, actions=&lt;ChangeDir(East()), Step&gt;&#10;Want   | Got ✗ &#10;---------------&#10;OOO.OO | ..A...&#10;OOOOOO | O.....&#10;.AOO&gt;. | O&gt;....&#10;&#10;step=16, rand=2, actions=&lt;Step&gt;&#10;Want   | Got ✗ &#10;---------------&#10;OOO.OO | ..A...&#10;OOOOOO | ......&#10;.AOOO&gt; | OO&gt;...&#10;&#10;step=17, rand=2, actions=&lt;Step&gt;&#10;Want   | Got ✗ &#10;---------------&#10;OOO..O | ..A...&#10;OOOOOO | ......&#10;&gt;AOOOO | .OO&gt;..&#10;&#10;step=18, rand=2, actions=&lt;Step&gt;&#10;Want   | Got ✗ &#10;---------------&#10;OOO..A | ..A...&#10;OOOOOO | ......&#10;O&gt;OOOO | ..OO&gt;.&#10;&#10;step=19, rand=2, actions=&lt;Step&gt;&#10;Want              | Got ✗ &#10;--------------------------&#10;GameOverDisplay() | ..A...&#10;                  | ......&#10;                  | ...OO&gt;&#10;&#10;" type="org.scalatest.exceptions.TestFailedException">org.scalatest.exceptions.TestFailedException: didPass was false
Hint: The game should work at any board size which can hold the initial snake. In this case 6x3.
--------------------------------------------------------------------------------
This is what went wrong:

step=0, rand=2, actions=&lt;&gt;
Want   | Got ✗ 
---------------
OO&gt;..A | ..A...
...... | ......
...... | ......

step=1, rand=2, actions=&lt;Step&gt;
Want   | Got ✗ 
---------------
.OO&gt;.A | ..A...
...... | ......
...... | ......

step=2, rand=2, actions=&lt;Step&gt;
Want   | Got ✗ 
---------------
..OO&gt;A | ..A...
...... | ......
...... | ......

step=3, rand=2, actions=&lt;Step&gt;
Want   | Got ✗ 
---------------
..AOO&gt; | ..A...
...... | ......
...... | ......

step=4, rand=2, actions=&lt;Step&gt;
Want   | Got ✗ 
---------------
&gt;.AOOO | ..A...
...... | ......
...... | ......

step=5, rand=2, actions=&lt;Step&gt;
Want   | Got ✗ 
---------------
O&gt;AOOO | ..A...
...... | ......
...... | ......

step=6, rand=2, actions=&lt;Step&gt;
Want   | Got ✗ 
---------------
OO&gt;OOO | ..A...
..A... | ......
...... | ......

step=7, rand=2, actions=&lt;ChangeDir(North()), Step&gt;
Want   | Got ✗ 
---------------
OOOOOO | ..A...
..A... | ......
..^... | .....^

step=8, rand=2, actions=&lt;Step&gt;
Want   | Got ✗ 
---------------
OOOOOO | ..A...
..^A.. | .....^
..O... | .....O

step=9, rand=2, actions=&lt;ChangeDir(West()), Step&gt;
Want   | Got ✗ 
---------------
OOOOOO | ..A...
.&lt;OA.. | ....&lt;O
..O... | .....O

step=10, rand=2, actions=&lt;Step&gt;
Want   | Got ✗ 
---------------
OOOOOO | ..A...
&lt;OOA.. | ...&lt;OO
..O... | ......

step=11, rand=2, actions=&lt;Step&gt;
Want   | Got ✗ 
---------------
OOOOOO | ..A...
OOOA.&lt; | ..&lt;OO.
..O... | ......

step=12, rand=2, actions=&lt;Step&gt;
Want   | Got ✗ 
---------------
OOOOOO | ..A...
OOOA&lt;O | .&lt;OO..
..O... | ......

step=13, rand=2, actions=&lt;Step&gt;
Want   | Got ✗ 
---------------
OOO.OO | ..A...
OOO&lt;OO | &lt;OO...
.AO... | ......

step=14, rand=2, actions=&lt;ChangeDir(South()), Step&gt;
Want   | Got ✗ 
---------------
OOO.OO | ..A...
OOOOOO | OO....
.AOv.. | v.....

step=15, rand=2, actions=&lt;ChangeDir(East()), Step&gt;
Want   | Got ✗ 
---------------
OOO.OO | ..A...
OOOOOO | O.....
.AOO&gt;. | O&gt;....

step=16, rand=2, actions=&lt;Step&gt;
Want   | Got ✗ 
---------------
OOO.OO | ..A...
OOOOOO | ......
.AOOO&gt; | OO&gt;...

step=17, rand=2, actions=&lt;Step&gt;
Want   | Got ✗ 
---------------
OOO..O | ..A...
OOOOOO | ......
&gt;AOOOO | .OO&gt;..

step=18, rand=2, actions=&lt;Step&gt;
Want   | Got ✗ 
---------------
OOO..A | ..A...
OOOOOO | ......
O&gt;OOOO | ..OO&gt;.

step=19, rand=2, actions=&lt;Step&gt;
Want              | Got ✗ 
--------------------------
GameOverDisplay() | ..A...
                  | ......
                  | ...OO&gt;


	at app//org.scalatest.Assertions.newAssertionFailedException(Assertions.scala:530)
	at app//org.scalatest.Assertions.newAssertionFailedException$(Assertions.scala:529)
	at app//org.scalatest.FunSuite.newAssertionFailedException(FunSuite.scala:1560)
	at app//org.scalatest.Assertions$AssertionsHelper.macroAssert(Assertions.scala:503)
	at app//generic.GameTestSuite.checkGame(GameTestSuite.scala:298)
	at app//snake.SnakeTestSuiteBase.checkGame(SnakeTestSuiteBase.scala:102)
	at app//snake.basic.FullGameTests.$anonfun$new$3(FullGameTests.scala:308)
	at app//scala.runtime.java8.JFunction0$mcV$sp.apply(JFunction0$mcV$sp.scala:18)
	at app//infrastructure.TestBase.$anonfun$test$1(TestBase.scala:36)
	at app//org.scalatest.OutcomeOf.outcomeOf(OutcomeOf.scala:85)
	at app//org.scalatest.OutcomeOf.outcomeOf$(OutcomeOf.scala:83)
	at app//org.scalatest.OutcomeOf$.outcomeOf(OutcomeOf.scala:104)
	at app//org.scalatest.Transformer.apply(Transformer.scala:22)
	at app//org.scalatest.Transformer.apply(Transformer.scala:20)
	at app//org.scalatest.FunSuiteLike$$anon$1.apply(FunSuiteLike.scala:186)
	at app//org.scalatest.TestSuite.withFixture(TestSuite.scala:196)
	at app//org.scalatest.TestSuite.withFixture$(TestSuite.scala:195)
	at app//infrastructure.TestBase.org$scalatest$concurrent$TimeLimitedTests$$super$withFixture(TestBase.scala:9)
	at app//org.scalatest.concurrent.TimeLimitedTests.$anonfun$withFixture$3(TimeLimitedTests.scala:154)
	at app//org.scalatest.enablers.Timed$$anon$1.timeoutAfter(Timed.scala:127)
	at app//org.scalatest.concurrent.TimeLimits.failAfterImpl(TimeLimits.scala:239)
	at app//org.scalatest.concurrent.TimeLimits.failAfterImpl$(TimeLimits.scala:233)
	at app//org.scalatest.concurrent.TimeLimits$.failAfterImpl(TimeLimits.scala:305)
	at app//org.scalatest.concurrent.TimeLimitedTests.withFixture(TimeLimitedTests.scala:153)
	at app//org.scalatest.concurrent.TimeLimitedTests.withFixture$(TimeLimitedTests.scala:150)
	at app//infrastructure.TestBase.withFixture(TestBase.scala:9)
	at app//org.scalatest.FunSuiteLike.invokeWithFixture$1(FunSuiteLike.scala:184)
	at app//org.scalatest.FunSuiteLike.$anonfun$runTest$1(FunSuiteLike.scala:196)
	at app//org.scalatest.SuperEngine.runTestImpl(Engine.scala:286)
	at app//org.scalatest.FunSuiteLike.runTest(FunSuiteLike.scala:196)
	at app//org.scalatest.FunSuiteLike.runTest$(FunSuiteLike.scala:178)
	at app//org.scalatest.FunSuite.runTest(FunSuite.scala:1560)
	at app//org.scalatest.FunSuiteLike.$anonfun$runTests$1(FunSuiteLike.scala:229)
	at app//org.scalatest.SuperEngine.$anonfun$runTestsInBranch$1(Engine.scala:393)
	at app//scala.collection.immutable.List.foreach(List.scala:333)
	at app//org.scalatest.SuperEngine.traverseSubNodes$1(Engine.scala:381)
	at app//org.scalatest.SuperEngine.runTestsInBranch(Engine.scala:376)
	at app//org.scalatest.SuperEngine.runTestsImpl(Engine.scala:458)
	at app//org.scalatest.FunSuiteLike.runTests(FunSuiteLike.scala:229)
	at app//org.scalatest.FunSuiteLike.runTests$(FunSuiteLike.scala:228)
	at app//org.scalatest.FunSuite.runTests(FunSuite.scala:1560)
	at app//org.scalatest.Suite.run(Suite.scala:1124)
	at app//org.scalatest.Suite.run$(Suite.scala:1106)
	at app//org.scalatest.FunSuite.org$scalatest$FunSuiteLike$$super$run(FunSuite.scala:1560)
	at app//org.scalatest.FunSuiteLike.$anonfun$run$1(FunSuiteLike.scala:233)
	at app//org.scalatest.SuperEngine.runImpl(Engine.scala:518)
	at app//org.scalatest.FunSuiteLike.run(FunSuiteLike.scala:233)
	at app//org.scalatest.FunSuiteLike.run$(FunSuiteLike.scala:232)
	at app//infrastructure.TestBase.run(TestBase.scala:26)
	at app//org.scalatest.Suite.callExecuteOnSuite$1(Suite.scala:1187)
	at app//org.scalatest.Suite.$anonfun$runNestedSuites$1(Suite.scala:1234)
	at app//scala.collection.ArrayOps$.foreach$extension(ArrayOps.scala:1323)
	at app//org.scalatest.Suite.runNestedSuites(Suite.scala:1232)
	at app//org.scalatest.Suite.runNestedSuites$(Suite.scala:1166)
	at app//org.scalatest.Suites.runNestedSuites(Suites.scala:56)
	at app//org.scalatest.Suite.run(Suite.scala:1121)
	at app//org.scalatest.Suite.run$(Suite.scala:1106)
	at app//snake.SnakeTestSuite.runDirect(SnakeTestSuite.scala:24)
	at app//snake.SnakeTestSuite.run(SnakeTestSuite.scala:16)
	at app//org.scalatestplus.junit.JUnitRunner.run(JUnitRunner.scala:99)
	at app//org.junit.runner.JUnitCore.run(JUnitCore.java:137)
	at app//org.junit.runner.JUnitCore.run(JUnitCore.java:115)
	at app//org.junit.vintage.engine.execution.RunnerExecutor.execute(RunnerExecutor.java:42)
	at app//org.junit.vintage.engine.VintageTestEngine.executeAllChildren(VintageTestEngine.java:80)
	at app//org.junit.vintage.engine.VintageTestEngine.execute(VintageTestEngine.java:72)
	at org.junit.platform.launcher.core.EngineExecutionOrchestrator.execute(EngineExecutionOrchestrator.java:107)
	at org.junit.platform.launcher.core.EngineExecutionOrchestrator.execute(EngineExecutionOrchestrator.java:88)
	at org.junit.platform.launcher.core.EngineExecutionOrchestrator.lambda$execute$0(EngineExecutionOrchestrator.java:54)
	at org.junit.platform.launcher.core.EngineExecutionOrchestrator.withInterceptedStreams(EngineExecutionOrchestrator.java:67)
	at org.junit.platform.launcher.core.EngineExecutionOrchestrator.execute(EngineExecutionOrchestrator.java:52)
	at org.junit.platform.launcher.core.DefaultLauncher.execute(DefaultLauncher.java:114)
	at org.junit.platform.launcher.core.DefaultLauncher.execute(DefaultLauncher.java:86)
	at org.junit.platform.launcher.core.DefaultLauncherSession$DelegatingLauncher.execute(DefaultLauncherSession.java:86)
	at org.junit.platform.launcher.core.SessionPerRequestLauncher.execute(SessionPerRequestLauncher.java:53)
	at org.gradle.api.internal.tasks.testing.junitplatform.JUnitPlatformTestClassProcessor$CollectAllTestClassesExecutor.processAllTestClasses(JUnitPlatformTestClassProcessor.java:99)
	at org.gradle.api.internal.tasks.testing.junitplatform.JUnitPlatformTestClassProcessor$CollectAllTestClassesExecutor.access$000(JUnitPlatformTestClassProcessor.java:79)
	at org.gradle.api.internal.tasks.testing.junitplatform.JUnitPlatformTestClassProcessor.stop(JUnitPlatformTestClassProcessor.java:75)
	at org.gradle.api.internal.tasks.testing.SuiteTestClassProcessor.stop(SuiteTestClassProcessor.java:61)
	at java.base@18.0.2.1/jdk.internal.reflect.DirectMethodHandleAccessor.invoke(DirectMethodHandleAccessor.java:104)
	at java.base@18.0.2.1/java.lang.reflect.Method.invoke(Method.java:577)
	at org.gradle.internal.dispatch.ReflectionDispatch.dispatch(ReflectionDispatch.java:36)
	at org.gradle.internal.dispatch.ReflectionDispatch.dispatch(ReflectionDispatch.java:24)
	at org.gradle.internal.dispatch.ContextClassLoaderDispatch.dispatch(ContextClassLoaderDispatch.java:33)
	at org.gradle.internal.dispatch.ProxyDispatchAdapter$DispatchingInvocationHandler.invoke(ProxyDispatchAdapter.java:94)
	at jdk.proxy1/jdk.proxy1.$Proxy2.stop(Unknown Source)
	at org.gradle.api.internal.tasks.testing.worker.TestWorker$3.run(TestWorker.java:193)
	at org.gradle.api.internal.tasks.testing.worker.TestWorker.executeAndMaintainThreadName(TestWorker.java:129)
	at org.gradle.api.internal.tasks.testing.worker.TestWorker.execute(TestWorker.java:100)
	at org.gradle.api.internal.tasks.testing.worker.TestWorker.execute(TestWorker.java:60)
	at org.gradle.process.internal.worker.child.ActionExecutionWorker.execute(ActionExecutionWorker.java:56)
	at org.gradle.process.internal.worker.child.SystemApplicationClassLoaderWorker.call(SystemApplicationClassLoaderWorker.java:133)
	at org.gradle.process.internal.worker.child.SystemApplicationClassLoaderWorker.call(SystemApplicationClassLoaderWorker.java:71)
	at app//worker.org.gradle.process.internal.worker.GradleWorkerMain.run(GradleWorkerMain.java:69)
	at app//worker.org.gradle.process.internal.worker.GradleWorkerMain.main(GradleWorkerMain.java:74)
</failure>
  </testcase>
  <testcase name="testGame10x7" classname="snake.basic.FullGameTests" time="0.058">
    <failure message="org.scalatest.exceptions.TestFailedException: didPass was false&#10;Hint: The game should work at any board size which can hold the initial snake. In this case 10x7.&#10;--------------------------------------------------------------------------------&#10;This is what went wrong:&#10;&#10;step=0, rand=2, actions=&lt;&gt;&#10;Want       | Got ✗     &#10;-----------------------&#10;OO&gt;..A.... | ..........&#10;.......... | ..........&#10;.......... | ..A.......&#10;.......... | ...OO&gt;....&#10;.......... | ..........&#10;.......... | ..........&#10;.......... | ..........&#10;&#10;step=1, rand=2, actions=&lt;Step&gt;&#10;Want       | Got ✗     &#10;-----------------------&#10;.OO&gt;.A.... | ..........&#10;.......... | ..........&#10;.......... | ..A.......&#10;.......... | ....OO&gt;...&#10;.......... | ..........&#10;.......... | ..........&#10;.......... | ..........&#10;&#10;step=2, rand=2, actions=&lt;Step&gt;&#10;Want       | Got ✗     &#10;-----------------------&#10;..OO&gt;A.... | ..........&#10;.......... | ..........&#10;.......... | ..A.......&#10;.......... | .....OO&gt;..&#10;.......... | ..........&#10;.......... | ..........&#10;.......... | ..........&#10;&#10;step=3, rand=2, actions=&lt;Step&gt;&#10;Want       | Got ✗     &#10;-----------------------&#10;..AOO&gt;.... | ..........&#10;.......... | ..........&#10;.......... | ..A.......&#10;.......... | ......OO&gt;.&#10;.......... | ..........&#10;.......... | ..........&#10;.......... | ..........&#10;&#10;step=4, rand=2, actions=&lt;Step&gt;&#10;Want       | Got ✗     &#10;-----------------------&#10;..AOOO&gt;... | ..........&#10;.......... | ..........&#10;.......... | ..A.......&#10;.......... | .......OO&gt;&#10;.......... | ..........&#10;.......... | ..........&#10;.......... | ..........&#10;&#10;step=5, rand=2, actions=&lt;Step&gt;&#10;Want       | Got ✗     &#10;-----------------------&#10;..AOOOO&gt;.. | ..........&#10;.......... | ..........&#10;.......... | ..A.......&#10;.......... | &gt;.......OO&#10;.......... | ..........&#10;.......... | ..........&#10;.......... | ..........&#10;&#10;step=6, rand=2, actions=&lt;Step&gt;&#10;Want       | Got ✗     &#10;-----------------------&#10;..AOOOOO&gt;. | ..........&#10;.......... | ..........&#10;.......... | ..A.......&#10;.......... | O&gt;.......O&#10;.......... | ..........&#10;.......... | ..........&#10;.......... | ..........&#10;&#10;step=7, rand=2, actions=&lt;Step&gt;&#10;Want       | Got ✗     &#10;-----------------------&#10;..A.OOOOO&gt; | ..........&#10;.......... | ..........&#10;.......... | ..A.......&#10;.......... | OO&gt;.......&#10;.......... | ..........&#10;.......... | ..........&#10;.......... | ..........&#10;&#10;step=8, rand=2, actions=&lt;Step&gt;&#10;Want       | Got ✗     &#10;-----------------------&#10;&gt;.A..OOOOO | ..........&#10;.......... | ..........&#10;.......... | ..A.......&#10;.......... | .OO&gt;......&#10;.......... | ..........&#10;.......... | ..........&#10;.......... | ..........&#10;&#10;step=9, rand=2, actions=&lt;Step&gt;&#10;Want       | Got ✗     &#10;-----------------------&#10;O&gt;A...OOOO | ..........&#10;.......... | ..........&#10;.......... | ..A.......&#10;.......... | ..OO&gt;.....&#10;.......... | ..........&#10;.......... | ..........&#10;.......... | ..........&#10;&#10;step=10, rand=2, actions=&lt;Step&gt;&#10;Want       | Got ✗     &#10;-----------------------&#10;OO&gt;..A.OOO | ..........&#10;.......... | ..........&#10;.......... | ..A.......&#10;.......... | ...OO&gt;....&#10;.......... | ..........&#10;.......... | ..........&#10;.......... | ..........&#10;&#10;step=11, rand=2, actions=&lt;Step&gt;&#10;Want       | Got ✗     &#10;-----------------------&#10;OOO&gt;.A.OOO | ..........&#10;.......... | ..........&#10;.......... | ..A.......&#10;.......... | ....OO&gt;...&#10;.......... | ..........&#10;.......... | ..........&#10;.......... | ..........&#10;&#10;step=12, rand=2, actions=&lt;Step&gt;&#10;Want       | Got ✗     &#10;-----------------------&#10;OOOO&gt;A.OOO | ..........&#10;.......... | ..........&#10;.......... | ..A.......&#10;.......... | .....OO&gt;..&#10;.......... | ..........&#10;.......... | ..........&#10;.......... | ..........&#10;&#10;step=13, rand=2, actions=&lt;Step&gt;&#10;Want       | Got ✗     &#10;-----------------------&#10;OOOOO&gt;.OOO | ..........&#10;.A........ | ..........&#10;.......... | ..A.......&#10;.......... | ......OO&gt;.&#10;.......... | ..........&#10;.......... | ..........&#10;.......... | ..........&#10;&#10;step=14, rand=2, actions=&lt;Step&gt;&#10;Want       | Got ✗     &#10;-----------------------&#10;OOOOOO&gt;OOO | ..........&#10;.A........ | ..........&#10;.......... | ..A.......&#10;.......... | .......OO&gt;&#10;.......... | ..........&#10;.......... | ..........&#10;.......... | ..........&#10;&#10;step=15, rand=2, actions=&lt;ChangeDir(North()), Step&gt;&#10;Want       | Got ✗     &#10;-----------------------&#10;OOOOOOOOOO | ..........&#10;.A........ | ..........&#10;.......... | ..A......^&#10;.......... | ........OO&#10;.......... | ..........&#10;.......... | ..........&#10;......^... | ..........&#10;&#10;step=16, rand=2, actions=&lt;Step&gt;&#10;Want       | Got ✗     &#10;-----------------------&#10;OOOOOOOOOO | ..........&#10;.A........ | .........^&#10;.......... | ..A......O&#10;.......... | .........O&#10;.......... | ..........&#10;......^... | ..........&#10;......O... | ..........&#10;&#10;step=17, rand=2, actions=&lt;ChangeDir(East()), Step&gt;&#10;Want       | Got ✗     &#10;-----------------------&#10;OOOOOOO.OO | ..........&#10;.A........ | &gt;........O&#10;.......... | ..A......O&#10;.......... | ..........&#10;.......... | ..........&#10;......O&gt;.. | ..........&#10;......O... | ..........&#10;&#10;step=18, rand=2, actions=&lt;Step&gt;&#10;Want       | Got ✗     &#10;-----------------------&#10;OOOOOOO..O | ..........&#10;.A........ | O&gt;.......O&#10;.......... | ..A.......&#10;.......... | ..........&#10;.......... | ..........&#10;......OO&gt;. | ..........&#10;......O... | ..........&#10;&#10;step=19, rand=2, actions=&lt;Step&gt;&#10;Want       | Got ✗     &#10;-----------------------&#10;OOOOOOO... | ..........&#10;.A........ | OO&gt;.......&#10;.......... | ..A.......&#10;.......... | ..........&#10;.......... | ..........&#10;......OOO&gt; | ..........&#10;......O... | ..........&#10;&#10;step=20, rand=2, actions=&lt;Step&gt;&#10;Want       | Got ✗     &#10;-----------------------&#10;.OOOOOO... | ..........&#10;.A........ | .OO&gt;......&#10;.......... | ..A.......&#10;.......... | ..........&#10;.......... | ..........&#10;&gt;.....OOOO | ..........&#10;......O... | ..........&#10;&#10;step=21, rand=2, actions=&lt;Step&gt;&#10;Want       | Got ✗     &#10;-----------------------&#10;..OOOOO... | ..........&#10;.A........ | ..OO&gt;.....&#10;.......... | ..A.......&#10;.......... | ..........&#10;.......... | ..........&#10;O&gt;....OOOO | ..........&#10;......O... | ..........&#10;&#10;step=22, rand=2, actions=&lt;Step&gt;&#10;Want       | Got ✗     &#10;-----------------------&#10;...OOOO... | ..........&#10;.A........ | ...OO&gt;....&#10;.......... | ..A.......&#10;.......... | ..........&#10;.......... | ..........&#10;OO&gt;...OOOO | ..........&#10;......O... | ..........&#10;&#10;step=23, rand=2, actions=&lt;Step&gt;&#10;Want       | Got ✗     &#10;-----------------------&#10;....OOO... | ..........&#10;.A........ | ....OO&gt;...&#10;.......... | ..A.......&#10;.......... | ..........&#10;.......... | ..........&#10;OOO&gt;..OOOO | ..........&#10;......O... | ..........&#10;&#10;step=24, rand=2, actions=&lt;Step&gt;&#10;Want       | Got ✗     &#10;-----------------------&#10;.....OO... | ..........&#10;.A........ | .....OO&gt;..&#10;.......... | ..A.......&#10;.......... | ..........&#10;.......... | ..........&#10;OOOO&gt;.OOOO | ..........&#10;......O... | ..........&#10;&#10;step=25, rand=2, actions=&lt;ChangeDir(North()), Step&gt;&#10;Want       | Got ✗     &#10;-----------------------&#10;......O... | .......^..&#10;.A........ | ......OO..&#10;.......... | ..A.......&#10;.......... | ..........&#10;....^..... | ..........&#10;OOOOO.OOOO | ..........&#10;......O... | ..........&#10;&#10;step=26, rand=2, actions=&lt;Step&gt;&#10;Want       | Got ✗     &#10;-----------------------&#10;.......... | .......O..&#10;.A........ | .......O..&#10;.......... | ..A.......&#10;....^..... | ..........&#10;....O..... | ..........&#10;OOOOO.OOOO | ..........&#10;......O... | .......^..&#10;&#10;step=27, rand=2, actions=&lt;Step&gt;&#10;Want       | Got ✗     &#10;-----------------------&#10;.......... | .......O..&#10;.A........ | ..........&#10;....^..... | ..A.......&#10;....O..... | ..........&#10;....O..... | ..........&#10;OOOOO.OOOO | .......^..&#10;.......... | .......O..&#10;&#10;step=28, rand=2, actions=&lt;Step&gt;&#10;Want       | Got ✗     &#10;-----------------------&#10;.......... | ..........&#10;.A..^..... | ..........&#10;....O..... | ..A.......&#10;....O..... | ..........&#10;....O..... | .......^..&#10;OOOOO..OOO | .......O..&#10;.......... | .......O..&#10;&#10;step=29, rand=2, actions=&lt;ChangeDir(West()), Step&gt;&#10;Want       | Got ✗     &#10;-----------------------&#10;.......... | ..........&#10;.A.&lt;O..... | ..........&#10;....O..... | ..A.......&#10;....O..... | ..........&#10;....O..... | ......&lt;O..&#10;OOOOO...OO | .......O..&#10;.......... | ..........&#10;&#10;step=30, rand=2, actions=&lt;Step&gt;&#10;Want       | Got ✗     &#10;-----------------------&#10;.......... | ..........&#10;.A&lt;OO..... | ..........&#10;....O..... | ..A.......&#10;....O..... | ..........&#10;....O..... | .....&lt;OO..&#10;OOOOO....O | ..........&#10;.......... | ..........&#10;&#10;step=31, rand=2, actions=&lt;Step&gt;&#10;Want       | Got ✗     &#10;-----------------------&#10;..A....... | ..........&#10;.&lt;OOO..... | ..........&#10;....O..... | ..A.......&#10;....O..... | ..........&#10;....O..... | ....&lt;OO...&#10;OOOOO..... | ..........&#10;.......... | ..........&#10;&#10;step=32, rand=2, actions=&lt;Step&gt;&#10;Want       | Got ✗     &#10;-----------------------&#10;..A....... | ..........&#10;&lt;OOOO..... | ..........&#10;....O..... | ..A.......&#10;....O..... | ..........&#10;....O..... | ...&lt;OO....&#10;OOOOO..... | ..........&#10;.......... | ..........&#10;&#10;step=33, rand=2, actions=&lt;Step&gt;&#10;Want       | Got ✗     &#10;-----------------------&#10;..A....... | ..........&#10;OOOOO....&lt; | ..........&#10;....O..... | ..A.......&#10;....O..... | ..........&#10;....O..... | ..&lt;OO.....&#10;OOOOO..... | ..........&#10;.......... | ..........&#10;&#10;step=34, rand=2, actions=&lt;Step&gt;&#10;Want       | Got ✗     &#10;-----------------------&#10;..A....... | ..........&#10;OOOOO...&lt;O | ..........&#10;....O..... | ..A.......&#10;....O..... | ..........&#10;....O..... | .&lt;OO......&#10;OOOOO..... | ..........&#10;.......... | ..........&#10;&#10;step=35, rand=2, actions=&lt;ChangeDir(South()), Step&gt;&#10;Want       | Got ✗     &#10;-----------------------&#10;..A....... | ..........&#10;OOOOO...OO | ..........&#10;....O...v. | ..A.......&#10;....O..... | ..........&#10;....O..... | .OO.......&#10;.OOOO..... | .v........&#10;.......... | ..........&#10;&#10;step=36, rand=2, actions=&lt;Step&gt;&#10;Want       | Got ✗     &#10;-----------------------&#10;..A....... | ..........&#10;OOOOO...OO | ..........&#10;....O...O. | ..A.......&#10;....O...v. | ..........&#10;....O..... | .O........&#10;..OOO..... | .O........&#10;.......... | .v........&#10;&#10;step=37, rand=2, actions=&lt;Step&gt;&#10;Want       | Got ✗     &#10;-----------------------&#10;..A....... | .v........&#10;OOOOO...OO | ..........&#10;....O...O. | ..A.......&#10;....O...O. | ..........&#10;....O...v. | ..........&#10;...OO..... | .O........&#10;.......... | .O........&#10;&#10;step=38, rand=2, actions=&lt;Step&gt;&#10;Want       | Got ✗     &#10;-----------------------&#10;..A....... | .O........&#10;OOOOO...OO | .v........&#10;....O...O. | ..A.......&#10;....O...O. | ..........&#10;....O...O. | ..........&#10;....O...v. | ..........&#10;.......... | .O........&#10;&#10;step=39, rand=2, actions=&lt;Step&gt;&#10;Want       | Got ✗     &#10;-----------------------&#10;..A....... | .O........&#10;OOOOO...OO | .O........&#10;....O...O. | .vA.......&#10;....O...O. | ..........&#10;....O...O. | ..........&#10;........O. | ..........&#10;........v. | ..........&#10;&#10;step=40, rand=2, actions=&lt;Step&gt;&#10;Want       | Got ✗     &#10;-----------------------&#10;..A.....v. | ..........&#10;OOOOO...OO | .O........&#10;....O...O. | .OA.......&#10;....O...O. | .v........&#10;........O. | ..........&#10;........O. | ..........&#10;........O. | ..........&#10;&#10;step=41, rand=2, actions=&lt;ChangeDir(West()), Step&gt;&#10;Want       | Got ✗     &#10;-----------------------&#10;..A....&lt;O. | ..........&#10;OOOOO...OO | ..........&#10;....O...O. | .OA.......&#10;........O. | &lt;O........&#10;........O. | ..........&#10;........O. | ..........&#10;........O. | ..........&#10;&#10;step=42, rand=2, actions=&lt;Step&gt;&#10;Want       | Got ✗     &#10;-----------------------&#10;..A...&lt;OO. | ..........&#10;OOOOO...OO | ..........&#10;........O. | ..A.......&#10;........O. | OO.......&lt;&#10;........O. | ..........&#10;........O. | ..........&#10;........O. | ..........&#10;&#10;step=43, rand=2, actions=&lt;Step&gt;&#10;Want       | Got ✗     &#10;-----------------------&#10;..A..&lt;OOO. | ..........&#10;OOOO....OO | ..........&#10;........O. | ..A.......&#10;........O. | O.......&lt;O&#10;........O. | ..........&#10;........O. | ..........&#10;........O. | ..........&#10;&#10;step=44, rand=2, actions=&lt;Step&gt;&#10;Want       | Got ✗     &#10;-----------------------&#10;..A.&lt;OOOO. | ..........&#10;OOO.....OO | ..........&#10;........O. | ..A.......&#10;........O. | .......&lt;OO&#10;........O. | ..........&#10;........O. | ..........&#10;........O. | ..........&#10;&#10;step=45, rand=2, actions=&lt;Step&gt;&#10;Want       | Got ✗     &#10;-----------------------&#10;..A&lt;OOOOO. | ..........&#10;OO......OO | ..........&#10;........O. | ..A.......&#10;........O. | ......&lt;OO.&#10;........O. | ..........&#10;........O. | ..........&#10;........O. | ..........&#10;&#10;step=46, rand=2, actions=&lt;Step&gt;&#10;Want       | Got ✗     &#10;-----------------------&#10;..&lt;OOOOOOA | ..........&#10;O.......OO | ..........&#10;........O. | ..A.......&#10;........O. | .....&lt;OO..&#10;........O. | ..........&#10;........O. | ..........&#10;........O. | ..........&#10;&#10;step=47, rand=2, actions=&lt;Step&gt;&#10;Want       | Got ✗     &#10;-----------------------&#10;.&lt;OOOOOOOA | ..........&#10;O.......OO | ..........&#10;........O. | ..A.......&#10;........O. | ....&lt;OO...&#10;........O. | ..........&#10;........O. | ..........&#10;........O. | ..........&#10;&#10;step=48, rand=2, actions=&lt;ChangeDir(North()), Step&gt;&#10;Want       | Got ✗     &#10;-----------------------&#10;.OOOOOOOOA | ..........&#10;O.......OO | ..........&#10;........O. | ..A.^.....&#10;........O. | ....OO....&#10;........O. | ..........&#10;........O. | ..........&#10;.^......O. | ..........&#10;&#10;step=49, rand=2, actions=&lt;Step&gt;&#10;Want       | Got ✗     &#10;-----------------------&#10;.OOOOOOOOA | ..........&#10;O.......OO | ....^.....&#10;........O. | ..A.O.....&#10;........O. | ....O.....&#10;........O. | ..........&#10;.^......O. | ..........&#10;.O......O. | ..........&#10;&#10;step=50, rand=2, actions=&lt;Step&gt;&#10;Want       | Got ✗     &#10;-----------------------&#10;.OOOOOOOOA | ....^.....&#10;........OO | ....O.....&#10;........O. | ..A.O.....&#10;........O. | ..........&#10;.^......O. | ..........&#10;.O......O. | ..........&#10;.O......O. | ..........&#10;&#10;step=51, rand=2, actions=&lt;Step&gt;&#10;Want       | Got ✗     &#10;-----------------------&#10;.OOOOOOOOA | ....O.....&#10;........O. | ....O.....&#10;........O. | ..A.......&#10;.^......O. | ..........&#10;.O......O. | ..........&#10;.O......O. | ..........&#10;.O......O. | ....^.....&#10;&#10;step=52, rand=2, actions=&lt;Step&gt;&#10;Want       | Got ✗     &#10;-----------------------&#10;.OOOOOOOOA | ....O.....&#10;.......... | ..........&#10;.^......O. | ..A.......&#10;.O......O. | ..........&#10;.O......O. | ..........&#10;.O......O. | ....^.....&#10;.O......O. | ....O.....&#10;&#10;step=53, rand=2, actions=&lt;Step&gt;&#10;Want       | Got ✗     &#10;-----------------------&#10;.OOOOOOOOA | ..........&#10;.^........ | ..........&#10;.O........ | ..A.......&#10;.O......O. | ..........&#10;.O......O. | ....^.....&#10;.O......O. | ....O.....&#10;.O......O. | ....O.....&#10;&#10;step=54, rand=2, actions=&lt;Step&gt;&#10;Want              | Got ✗     &#10;------------------------------&#10;GameOverDisplay() | ..........&#10;                  | ..........&#10;                  | ..A.......&#10;                  | ....^.....&#10;                  | ....O.....&#10;                  | ....O.....&#10;                  | ..........&#10;&#10;" type="org.scalatest.exceptions.TestFailedException">org.scalatest.exceptions.TestFailedException: didPass was false
Hint: The game should work at any board size which can hold the initial snake. In this case 10x7.
--------------------------------------------------------------------------------
This is what went wrong:

step=0, rand=2, actions=&lt;&gt;
Want       | Got ✗     
-----------------------
OO&gt;..A.... | ..........
.......... | ..........
.......... | ..A.......
.......... | ...OO&gt;....
.......... | ..........
.......... | ..........
.......... | ..........

step=1, rand=2, actions=&lt;Step&gt;
Want       | Got ✗     
-----------------------
.OO&gt;.A.... | ..........
.......... | ..........
.......... | ..A.......
.......... | ....OO&gt;...
.......... | ..........
.......... | ..........
.......... | ..........

step=2, rand=2, actions=&lt;Step&gt;
Want       | Got ✗     
-----------------------
..OO&gt;A.... | ..........
.......... | ..........
.......... | ..A.......
.......... | .....OO&gt;..
.......... | ..........
.......... | ..........
.......... | ..........

step=3, rand=2, actions=&lt;Step&gt;
Want       | Got ✗     
-----------------------
..AOO&gt;.... | ..........
.......... | ..........
.......... | ..A.......
.......... | ......OO&gt;.
.......... | ..........
.......... | ..........
.......... | ..........

step=4, rand=2, actions=&lt;Step&gt;
Want       | Got ✗     
-----------------------
..AOOO&gt;... | ..........
.......... | ..........
.......... | ..A.......
.......... | .......OO&gt;
.......... | ..........
.......... | ..........
.......... | ..........

step=5, rand=2, actions=&lt;Step&gt;
Want       | Got ✗     
-----------------------
..AOOOO&gt;.. | ..........
.......... | ..........
.......... | ..A.......
.......... | &gt;.......OO
.......... | ..........
.......... | ..........
.......... | ..........

step=6, rand=2, actions=&lt;Step&gt;
Want       | Got ✗     
-----------------------
..AOOOOO&gt;. | ..........
.......... | ..........
.......... | ..A.......
.......... | O&gt;.......O
.......... | ..........
.......... | ..........
.......... | ..........

step=7, rand=2, actions=&lt;Step&gt;
Want       | Got ✗     
-----------------------
..A.OOOOO&gt; | ..........
.......... | ..........
.......... | ..A.......
.......... | OO&gt;.......
.......... | ..........
.......... | ..........
.......... | ..........

step=8, rand=2, actions=&lt;Step&gt;
Want       | Got ✗     
-----------------------
&gt;.A..OOOOO | ..........
.......... | ..........
.......... | ..A.......
.......... | .OO&gt;......
.......... | ..........
.......... | ..........
.......... | ..........

step=9, rand=2, actions=&lt;Step&gt;
Want       | Got ✗     
-----------------------
O&gt;A...OOOO | ..........
.......... | ..........
.......... | ..A.......
.......... | ..OO&gt;.....
.......... | ..........
.......... | ..........
.......... | ..........

step=10, rand=2, actions=&lt;Step&gt;
Want       | Got ✗     
-----------------------
OO&gt;..A.OOO | ..........
.......... | ..........
.......... | ..A.......
.......... | ...OO&gt;....
.......... | ..........
.......... | ..........
.......... | ..........

step=11, rand=2, actions=&lt;Step&gt;
Want       | Got ✗     
-----------------------
OOO&gt;.A.OOO | ..........
.......... | ..........
.......... | ..A.......
.......... | ....OO&gt;...
.......... | ..........
.......... | ..........
.......... | ..........

step=12, rand=2, actions=&lt;Step&gt;
Want       | Got ✗     
-----------------------
OOOO&gt;A.OOO | ..........
.......... | ..........
.......... | ..A.......
.......... | .....OO&gt;..
.......... | ..........
.......... | ..........
.......... | ..........

step=13, rand=2, actions=&lt;Step&gt;
Want       | Got ✗     
-----------------------
OOOOO&gt;.OOO | ..........
.A........ | ..........
.......... | ..A.......
.......... | ......OO&gt;.
.......... | ..........
.......... | ..........
.......... | ..........

step=14, rand=2, actions=&lt;Step&gt;
Want       | Got ✗     
-----------------------
OOOOOO&gt;OOO | ..........
.A........ | ..........
.......... | ..A.......
.......... | .......OO&gt;
.......... | ..........
.......... | ..........
.......... | ..........

step=15, rand=2, actions=&lt;ChangeDir(North()), Step&gt;
Want       | Got ✗     
-----------------------
OOOOOOOOOO | ..........
.A........ | ..........
.......... | ..A......^
.......... | ........OO
.......... | ..........
.......... | ..........
......^... | ..........

step=16, rand=2, actions=&lt;Step&gt;
Want       | Got ✗     
-----------------------
OOOOOOOOOO | ..........
.A........ | .........^
.......... | ..A......O
.......... | .........O
.......... | ..........
......^... | ..........
......O... | ..........

step=17, rand=2, actions=&lt;ChangeDir(East()), Step&gt;
Want       | Got ✗     
-----------------------
OOOOOOO.OO | ..........
.A........ | &gt;........O
.......... | ..A......O
.......... | ..........
.......... | ..........
......O&gt;.. | ..........
......O... | ..........

step=18, rand=2, actions=&lt;Step&gt;
Want       | Got ✗     
-----------------------
OOOOOOO..O | ..........
.A........ | O&gt;.......O
.......... | ..A.......
.......... | ..........
.......... | ..........
......OO&gt;. | ..........
......O... | ..........

step=19, rand=2, actions=&lt;Step&gt;
Want       | Got ✗     
-----------------------
OOOOOOO... | ..........
.A........ | OO&gt;.......
.......... | ..A.......
.......... | ..........
.......... | ..........
......OOO&gt; | ..........
......O... | ..........

step=20, rand=2, actions=&lt;Step&gt;
Want       | Got ✗     
-----------------------
.OOOOOO... | ..........
.A........ | .OO&gt;......
.......... | ..A.......
.......... | ..........
.......... | ..........
&gt;.....OOOO | ..........
......O... | ..........

step=21, rand=2, actions=&lt;Step&gt;
Want       | Got ✗     
-----------------------
..OOOOO... | ..........
.A........ | ..OO&gt;.....
.......... | ..A.......
.......... | ..........
.......... | ..........
O&gt;....OOOO | ..........
......O... | ..........

step=22, rand=2, actions=&lt;Step&gt;
Want       | Got ✗     
-----------------------
...OOOO... | ..........
.A........ | ...OO&gt;....
.......... | ..A.......
.......... | ..........
.......... | ..........
OO&gt;...OOOO | ..........
......O... | ..........

step=23, rand=2, actions=&lt;Step&gt;
Want       | Got ✗     
-----------------------
....OOO... | ..........
.A........ | ....OO&gt;...
.......... | ..A.......
.......... | ..........
.......... | ..........
OOO&gt;..OOOO | ..........
......O... | ..........

step=24, rand=2, actions=&lt;Step&gt;
Want       | Got ✗     
-----------------------
.....OO... | ..........
.A........ | .....OO&gt;..
.......... | ..A.......
.......... | ..........
.......... | ..........
OOOO&gt;.OOOO | ..........
......O... | ..........

step=25, rand=2, actions=&lt;ChangeDir(North()), Step&gt;
Want       | Got ✗     
-----------------------
......O... | .......^..
.A........ | ......OO..
.......... | ..A.......
.......... | ..........
....^..... | ..........
OOOOO.OOOO | ..........
......O... | ..........

step=26, rand=2, actions=&lt;Step&gt;
Want       | Got ✗     
-----------------------
.......... | .......O..
.A........ | .......O..
.......... | ..A.......
....^..... | ..........
....O..... | ..........
OOOOO.OOOO | ..........
......O... | .......^..

step=27, rand=2, actions=&lt;Step&gt;
Want       | Got ✗     
-----------------------
.......... | .......O..
.A........ | ..........
....^..... | ..A.......
....O..... | ..........
....O..... | ..........
OOOOO.OOOO | .......^..
.......... | .......O..

step=28, rand=2, actions=&lt;Step&gt;
Want       | Got ✗     
-----------------------
.......... | ..........
.A..^..... | ..........
....O..... | ..A.......
....O..... | ..........
....O..... | .......^..
OOOOO..OOO | .......O..
.......... | .......O..

step=29, rand=2, actions=&lt;ChangeDir(West()), Step&gt;
Want       | Got ✗     
-----------------------
.......... | ..........
.A.&lt;O..... | ..........
....O..... | ..A.......
....O..... | ..........
....O..... | ......&lt;O..
OOOOO...OO | .......O..
.......... | ..........

step=30, rand=2, actions=&lt;Step&gt;
Want       | Got ✗     
-----------------------
.......... | ..........
.A&lt;OO..... | ..........
....O..... | ..A.......
....O..... | ..........
....O..... | .....&lt;OO..
OOOOO....O | ..........
.......... | ..........

step=31, rand=2, actions=&lt;Step&gt;
Want       | Got ✗     
-----------------------
..A....... | ..........
.&lt;OOO..... | ..........
....O..... | ..A.......
....O..... | ..........
....O..... | ....&lt;OO...
OOOOO..... | ..........
.......... | ..........

step=32, rand=2, actions=&lt;Step&gt;
Want       | Got ✗     
-----------------------
..A....... | ..........
&lt;OOOO..... | ..........
....O..... | ..A.......
....O..... | ..........
....O..... | ...&lt;OO....
OOOOO..... | ..........
.......... | ..........

step=33, rand=2, actions=&lt;Step&gt;
Want       | Got ✗     
-----------------------
..A....... | ..........
OOOOO....&lt; | ..........
....O..... | ..A.......
....O..... | ..........
....O..... | ..&lt;OO.....
OOOOO..... | ..........
.......... | ..........

step=34, rand=2, actions=&lt;Step&gt;
Want       | Got ✗     
-----------------------
..A....... | ..........
OOOOO...&lt;O | ..........
....O..... | ..A.......
....O..... | ..........
....O..... | .&lt;OO......
OOOOO..... | ..........
.......... | ..........

step=35, rand=2, actions=&lt;ChangeDir(South()), Step&gt;
Want       | Got ✗     
-----------------------
..A....... | ..........
OOOOO...OO | ..........
....O...v. | ..A.......
....O..... | ..........
....O..... | .OO.......
.OOOO..... | .v........
.......... | ..........

step=36, rand=2, actions=&lt;Step&gt;
Want       | Got ✗     
-----------------------
..A....... | ..........
OOOOO...OO | ..........
....O...O. | ..A.......
....O...v. | ..........
....O..... | .O........
..OOO..... | .O........
.......... | .v........

step=37, rand=2, actions=&lt;Step&gt;
Want       | Got ✗     
-----------------------
..A....... | .v........
OOOOO...OO | ..........
....O...O. | ..A.......
....O...O. | ..........
....O...v. | ..........
...OO..... | .O........
.......... | .O........

step=38, rand=2, actions=&lt;Step&gt;
Want       | Got ✗     
-----------------------
..A....... | .O........
OOOOO...OO | .v........
....O...O. | ..A.......
....O...O. | ..........
....O...O. | ..........
....O...v. | ..........
.......... | .O........

step=39, rand=2, actions=&lt;Step&gt;
Want       | Got ✗     
-----------------------
..A....... | .O........
OOOOO...OO | .O........
....O...O. | .vA.......
....O...O. | ..........
....O...O. | ..........
........O. | ..........
........v. | ..........

step=40, rand=2, actions=&lt;Step&gt;
Want       | Got ✗     
-----------------------
..A.....v. | ..........
OOOOO...OO | .O........
....O...O. | .OA.......
....O...O. | .v........
........O. | ..........
........O. | ..........
........O. | ..........

step=41, rand=2, actions=&lt;ChangeDir(West()), Step&gt;
Want       | Got ✗     
-----------------------
..A....&lt;O. | ..........
OOOOO...OO | ..........
....O...O. | .OA.......
........O. | &lt;O........
........O. | ..........
........O. | ..........
........O. | ..........

step=42, rand=2, actions=&lt;Step&gt;
Want       | Got ✗     
-----------------------
..A...&lt;OO. | ..........
OOOOO...OO | ..........
........O. | ..A.......
........O. | OO.......&lt;
........O. | ..........
........O. | ..........
........O. | ..........

step=43, rand=2, actions=&lt;Step&gt;
Want       | Got ✗     
-----------------------
..A..&lt;OOO. | ..........
OOOO....OO | ..........
........O. | ..A.......
........O. | O.......&lt;O
........O. | ..........
........O. | ..........
........O. | ..........

step=44, rand=2, actions=&lt;Step&gt;
Want       | Got ✗     
-----------------------
..A.&lt;OOOO. | ..........
OOO.....OO | ..........
........O. | ..A.......
........O. | .......&lt;OO
........O. | ..........
........O. | ..........
........O. | ..........

step=45, rand=2, actions=&lt;Step&gt;
Want       | Got ✗     
-----------------------
..A&lt;OOOOO. | ..........
OO......OO | ..........
........O. | ..A.......
........O. | ......&lt;OO.
........O. | ..........
........O. | ..........
........O. | ..........

step=46, rand=2, actions=&lt;Step&gt;
Want       | Got ✗     
-----------------------
..&lt;OOOOOOA | ..........
O.......OO | ..........
........O. | ..A.......
........O. | .....&lt;OO..
........O. | ..........
........O. | ..........
........O. | ..........

step=47, rand=2, actions=&lt;Step&gt;
Want       | Got ✗     
-----------------------
.&lt;OOOOOOOA | ..........
O.......OO | ..........
........O. | ..A.......
........O. | ....&lt;OO...
........O. | ..........
........O. | ..........
........O. | ..........

step=48, rand=2, actions=&lt;ChangeDir(North()), Step&gt;
Want       | Got ✗     
-----------------------
.OOOOOOOOA | ..........
O.......OO | ..........
........O. | ..A.^.....
........O. | ....OO....
........O. | ..........
........O. | ..........
.^......O. | ..........

step=49, rand=2, actions=&lt;Step&gt;
Want       | Got ✗     
-----------------------
.OOOOOOOOA | ..........
O.......OO | ....^.....
........O. | ..A.O.....
........O. | ....O.....
........O. | ..........
.^......O. | ..........
.O......O. | ..........

step=50, rand=2, actions=&lt;Step&gt;
Want       | Got ✗     
-----------------------
.OOOOOOOOA | ....^.....
........OO | ....O.....
........O. | ..A.O.....
........O. | ..........
.^......O. | ..........
.O......O. | ..........
.O......O. | ..........

step=51, rand=2, actions=&lt;Step&gt;
Want       | Got ✗     
-----------------------
.OOOOOOOOA | ....O.....
........O. | ....O.....
........O. | ..A.......
.^......O. | ..........
.O......O. | ..........
.O......O. | ..........
.O......O. | ....^.....

step=52, rand=2, actions=&lt;Step&gt;
Want       | Got ✗     
-----------------------
.OOOOOOOOA | ....O.....
.......... | ..........
.^......O. | ..A.......
.O......O. | ..........
.O......O. | ..........
.O......O. | ....^.....
.O......O. | ....O.....

step=53, rand=2, actions=&lt;Step&gt;
Want       | Got ✗     
-----------------------
.OOOOOOOOA | ..........
.^........ | ..........
.O........ | ..A.......
.O......O. | ..........
.O......O. | ....^.....
.O......O. | ....O.....
.O......O. | ....O.....

step=54, rand=2, actions=&lt;Step&gt;
Want              | Got ✗     
------------------------------
GameOverDisplay() | ..........
                  | ..........
                  | ..A.......
                  | ....^.....
                  | ....O.....
                  | ....O.....
                  | ..........


	at app//org.scalatest.Assertions.newAssertionFailedException(Assertions.scala:530)
	at app//org.scalatest.Assertions.newAssertionFailedException$(Assertions.scala:529)
	at app//org.scalatest.FunSuite.newAssertionFailedException(FunSuite.scala:1560)
	at app//org.scalatest.Assertions$AssertionsHelper.macroAssert(Assertions.scala:503)
	at app//generic.GameTestSuite.checkGame(GameTestSuite.scala:298)
	at app//snake.SnakeTestSuiteBase.checkGame(SnakeTestSuiteBase.scala:102)
	at app//snake.basic.FullGameTests.$anonfun$new$4(FullGameTests.scala:749)
	at app//scala.runtime.java8.JFunction0$mcV$sp.apply(JFunction0$mcV$sp.scala:18)
	at app//infrastructure.TestBase.$anonfun$test$1(TestBase.scala:36)
	at app//org.scalatest.OutcomeOf.outcomeOf(OutcomeOf.scala:85)
	at app//org.scalatest.OutcomeOf.outcomeOf$(OutcomeOf.scala:83)
	at app//org.scalatest.OutcomeOf$.outcomeOf(OutcomeOf.scala:104)
	at app//org.scalatest.Transformer.apply(Transformer.scala:22)
	at app//org.scalatest.Transformer.apply(Transformer.scala:20)
	at app//org.scalatest.FunSuiteLike$$anon$1.apply(FunSuiteLike.scala:186)
	at app//org.scalatest.TestSuite.withFixture(TestSuite.scala:196)
	at app//org.scalatest.TestSuite.withFixture$(TestSuite.scala:195)
	at app//infrastructure.TestBase.org$scalatest$concurrent$TimeLimitedTests$$super$withFixture(TestBase.scala:9)
	at app//org.scalatest.concurrent.TimeLimitedTests.$anonfun$withFixture$3(TimeLimitedTests.scala:154)
	at app//org.scalatest.enablers.Timed$$anon$1.timeoutAfter(Timed.scala:127)
	at app//org.scalatest.concurrent.TimeLimits.failAfterImpl(TimeLimits.scala:239)
	at app//org.scalatest.concurrent.TimeLimits.failAfterImpl$(TimeLimits.scala:233)
	at app//org.scalatest.concurrent.TimeLimits$.failAfterImpl(TimeLimits.scala:305)
	at app//org.scalatest.concurrent.TimeLimitedTests.withFixture(TimeLimitedTests.scala:153)
	at app//org.scalatest.concurrent.TimeLimitedTests.withFixture$(TimeLimitedTests.scala:150)
	at app//infrastructure.TestBase.withFixture(TestBase.scala:9)
	at app//org.scalatest.FunSuiteLike.invokeWithFixture$1(FunSuiteLike.scala:184)
	at app//org.scalatest.FunSuiteLike.$anonfun$runTest$1(FunSuiteLike.scala:196)
	at app//org.scalatest.SuperEngine.runTestImpl(Engine.scala:286)
	at app//org.scalatest.FunSuiteLike.runTest(FunSuiteLike.scala:196)
	at app//org.scalatest.FunSuiteLike.runTest$(FunSuiteLike.scala:178)
	at app//org.scalatest.FunSuite.runTest(FunSuite.scala:1560)
	at app//org.scalatest.FunSuiteLike.$anonfun$runTests$1(FunSuiteLike.scala:229)
	at app//org.scalatest.SuperEngine.$anonfun$runTestsInBranch$1(Engine.scala:393)
	at app//scala.collection.immutable.List.foreach(List.scala:333)
	at app//org.scalatest.SuperEngine.traverseSubNodes$1(Engine.scala:381)
	at app//org.scalatest.SuperEngine.runTestsInBranch(Engine.scala:376)
	at app//org.scalatest.SuperEngine.runTestsImpl(Engine.scala:458)
	at app//org.scalatest.FunSuiteLike.runTests(FunSuiteLike.scala:229)
	at app//org.scalatest.FunSuiteLike.runTests$(FunSuiteLike.scala:228)
	at app//org.scalatest.FunSuite.runTests(FunSuite.scala:1560)
	at app//org.scalatest.Suite.run(Suite.scala:1124)
	at app//org.scalatest.Suite.run$(Suite.scala:1106)
	at app//org.scalatest.FunSuite.org$scalatest$FunSuiteLike$$super$run(FunSuite.scala:1560)
	at app//org.scalatest.FunSuiteLike.$anonfun$run$1(FunSuiteLike.scala:233)
	at app//org.scalatest.SuperEngine.runImpl(Engine.scala:518)
	at app//org.scalatest.FunSuiteLike.run(FunSuiteLike.scala:233)
	at app//org.scalatest.FunSuiteLike.run$(FunSuiteLike.scala:232)
	at app//infrastructure.TestBase.run(TestBase.scala:26)
	at app//org.scalatest.Suite.callExecuteOnSuite$1(Suite.scala:1187)
	at app//org.scalatest.Suite.$anonfun$runNestedSuites$1(Suite.scala:1234)
	at app//scala.collection.ArrayOps$.foreach$extension(ArrayOps.scala:1323)
	at app//org.scalatest.Suite.runNestedSuites(Suite.scala:1232)
	at app//org.scalatest.Suite.runNestedSuites$(Suite.scala:1166)
	at app//org.scalatest.Suites.runNestedSuites(Suites.scala:56)
	at app//org.scalatest.Suite.run(Suite.scala:1121)
	at app//org.scalatest.Suite.run$(Suite.scala:1106)
	at app//snake.SnakeTestSuite.runDirect(SnakeTestSuite.scala:24)
	at app//snake.SnakeTestSuite.run(SnakeTestSuite.scala:16)
	at app//org.scalatestplus.junit.JUnitRunner.run(JUnitRunner.scala:99)
	at app//org.junit.runner.JUnitCore.run(JUnitCore.java:137)
	at app//org.junit.runner.JUnitCore.run(JUnitCore.java:115)
	at app//org.junit.vintage.engine.execution.RunnerExecutor.execute(RunnerExecutor.java:42)
	at app//org.junit.vintage.engine.VintageTestEngine.executeAllChildren(VintageTestEngine.java:80)
	at app//org.junit.vintage.engine.VintageTestEngine.execute(VintageTestEngine.java:72)
	at org.junit.platform.launcher.core.EngineExecutionOrchestrator.execute(EngineExecutionOrchestrator.java:107)
	at org.junit.platform.launcher.core.EngineExecutionOrchestrator.execute(EngineExecutionOrchestrator.java:88)
	at org.junit.platform.launcher.core.EngineExecutionOrchestrator.lambda$execute$0(EngineExecutionOrchestrator.java:54)
	at org.junit.platform.launcher.core.EngineExecutionOrchestrator.withInterceptedStreams(EngineExecutionOrchestrator.java:67)
	at org.junit.platform.launcher.core.EngineExecutionOrchestrator.execute(EngineExecutionOrchestrator.java:52)
	at org.junit.platform.launcher.core.DefaultLauncher.execute(DefaultLauncher.java:114)
	at org.junit.platform.launcher.core.DefaultLauncher.execute(DefaultLauncher.java:86)
	at org.junit.platform.launcher.core.DefaultLauncherSession$DelegatingLauncher.execute(DefaultLauncherSession.java:86)
	at org.junit.platform.launcher.core.SessionPerRequestLauncher.execute(SessionPerRequestLauncher.java:53)
	at org.gradle.api.internal.tasks.testing.junitplatform.JUnitPlatformTestClassProcessor$CollectAllTestClassesExecutor.processAllTestClasses(JUnitPlatformTestClassProcessor.java:99)
	at org.gradle.api.internal.tasks.testing.junitplatform.JUnitPlatformTestClassProcessor$CollectAllTestClassesExecutor.access$000(JUnitPlatformTestClassProcessor.java:79)
	at org.gradle.api.internal.tasks.testing.junitplatform.JUnitPlatformTestClassProcessor.stop(JUnitPlatformTestClassProcessor.java:75)
	at org.gradle.api.internal.tasks.testing.SuiteTestClassProcessor.stop(SuiteTestClassProcessor.java:61)
	at java.base@18.0.2.1/jdk.internal.reflect.DirectMethodHandleAccessor.invoke(DirectMethodHandleAccessor.java:104)
	at java.base@18.0.2.1/java.lang.reflect.Method.invoke(Method.java:577)
	at org.gradle.internal.dispatch.ReflectionDispatch.dispatch(ReflectionDispatch.java:36)
	at org.gradle.internal.dispatch.ReflectionDispatch.dispatch(ReflectionDispatch.java:24)
	at org.gradle.internal.dispatch.ContextClassLoaderDispatch.dispatch(ContextClassLoaderDispatch.java:33)
	at org.gradle.internal.dispatch.ProxyDispatchAdapter$DispatchingInvocationHandler.invoke(ProxyDispatchAdapter.java:94)
	at jdk.proxy1/jdk.proxy1.$Proxy2.stop(Unknown Source)
	at org.gradle.api.internal.tasks.testing.worker.TestWorker$3.run(TestWorker.java:193)
	at org.gradle.api.internal.tasks.testing.worker.TestWorker.executeAndMaintainThreadName(TestWorker.java:129)
	at org.gradle.api.internal.tasks.testing.worker.TestWorker.execute(TestWorker.java:100)
	at org.gradle.api.internal.tasks.testing.worker.TestWorker.execute(TestWorker.java:60)
	at org.gradle.process.internal.worker.child.ActionExecutionWorker.execute(ActionExecutionWorker.java:56)
	at org.gradle.process.internal.worker.child.SystemApplicationClassLoaderWorker.call(SystemApplicationClassLoaderWorker.java:133)
	at org.gradle.process.internal.worker.child.SystemApplicationClassLoaderWorker.call(SystemApplicationClassLoaderWorker.java:71)
	at app//worker.org.gradle.process.internal.worker.GradleWorkerMain.run(GradleWorkerMain.java:69)
	at app//worker.org.gradle.process.internal.worker.GradleWorkerMain.main(GradleWorkerMain.java:74)
</failure>
  </testcase>
  <testcase name="testInterleave6x3and10x7" classname="snake.basic.FullGameTests" time="0.017">
    <failure message="org.scalatest.exceptions.TestFailedException: didPass was false&#10; Hint: It should be possible to “run” multiple games simultaneously, i.e., it should not be a problem to have multiple instances of SnakeLogic which act independently. To test this, we perform “interleave tests”: we instantiate two SnakeLogic objects with different board sizes and alternate between performing a step on one and a step on the other. If all is correct, the two games should progress exactly as they would if they were the only snake games being run. If this is not true, then there is likely some global state through which one game influences the other.   Hence if you fail this test but you passed the other full game test, then you have some global state. Running two instances of SnakeLogic/and alternately doing steps between them results in some interference.   " type="org.scalatest.exceptions.TestFailedException">org.scalatest.exceptions.TestFailedException: didPass was false
 Hint: It should be possible to “run” multiple games simultaneously, i.e., it should not be a problem to have multiple instances of SnakeLogic which act independently. To test this, we perform “interleave tests”: we instantiate two SnakeLogic objects with different board sizes and alternate between performing a step on one and a step on the other. If all is correct, the two games should progress exactly as they would if they were the only snake games being run. If this is not true, then there is likely some global state through which one game influences the other.   Hence if you fail this test but you passed the other full game test, then you have some global state. Running two instances of SnakeLogic/and alternately doing steps between them results in some interference.   
	at app//org.scalatest.Assertions.newAssertionFailedException(Assertions.scala:530)
	at app//org.scalatest.Assertions.newAssertionFailedException$(Assertions.scala:529)
	at app//org.scalatest.FunSuite.newAssertionFailedException(FunSuite.scala:1560)
	at app//org.scalatest.Assertions$AssertionsHelper.macroAssert(Assertions.scala:503)
	at app//generic.GameTestSuite.checkInterleave(GameTestSuite.scala:303)
	at app//snake.SnakeTestSuiteBase.checkInterleave(SnakeTestSuiteBase.scala:107)
	at app//snake.basic.FullGameTests.$anonfun$new$5(FullGameTests.scala:753)
	at app//scala.runtime.java8.JFunction0$mcV$sp.apply(JFunction0$mcV$sp.scala:18)
	at app//infrastructure.TestBase.$anonfun$test$1(TestBase.scala:36)
	at app//org.scalatest.OutcomeOf.outcomeOf(OutcomeOf.scala:85)
	at app//org.scalatest.OutcomeOf.outcomeOf$(OutcomeOf.scala:83)
	at app//org.scalatest.OutcomeOf$.outcomeOf(OutcomeOf.scala:104)
	at app//org.scalatest.Transformer.apply(Transformer.scala:22)
	at app//org.scalatest.Transformer.apply(Transformer.scala:20)
	at app//org.scalatest.FunSuiteLike$$anon$1.apply(FunSuiteLike.scala:186)
	at app//org.scalatest.TestSuite.withFixture(TestSuite.scala:196)
	at app//org.scalatest.TestSuite.withFixture$(TestSuite.scala:195)
	at app//infrastructure.TestBase.org$scalatest$concurrent$TimeLimitedTests$$super$withFixture(TestBase.scala:9)
	at app//org.scalatest.concurrent.TimeLimitedTests.$anonfun$withFixture$3(TimeLimitedTests.scala:154)
	at app//org.scalatest.enablers.Timed$$anon$1.timeoutAfter(Timed.scala:127)
	at app//org.scalatest.concurrent.TimeLimits.failAfterImpl(TimeLimits.scala:239)
	at app//org.scalatest.concurrent.TimeLimits.failAfterImpl$(TimeLimits.scala:233)
	at app//org.scalatest.concurrent.TimeLimits$.failAfterImpl(TimeLimits.scala:305)
	at app//org.scalatest.concurrent.TimeLimitedTests.withFixture(TimeLimitedTests.scala:153)
	at app//org.scalatest.concurrent.TimeLimitedTests.withFixture$(TimeLimitedTests.scala:150)
	at app//infrastructure.TestBase.withFixture(TestBase.scala:9)
	at app//org.scalatest.FunSuiteLike.invokeWithFixture$1(FunSuiteLike.scala:184)
	at app//org.scalatest.FunSuiteLike.$anonfun$runTest$1(FunSuiteLike.scala:196)
	at app//org.scalatest.SuperEngine.runTestImpl(Engine.scala:286)
	at app//org.scalatest.FunSuiteLike.runTest(FunSuiteLike.scala:196)
	at app//org.scalatest.FunSuiteLike.runTest$(FunSuiteLike.scala:178)
	at app//org.scalatest.FunSuite.runTest(FunSuite.scala:1560)
	at app//org.scalatest.FunSuiteLike.$anonfun$runTests$1(FunSuiteLike.scala:229)
	at app//org.scalatest.SuperEngine.$anonfun$runTestsInBranch$1(Engine.scala:393)
	at app//scala.collection.immutable.List.foreach(List.scala:333)
	at app//org.scalatest.SuperEngine.traverseSubNodes$1(Engine.scala:381)
	at app//org.scalatest.SuperEngine.runTestsInBranch(Engine.scala:376)
	at app//org.scalatest.SuperEngine.runTestsImpl(Engine.scala:458)
	at app//org.scalatest.FunSuiteLike.runTests(FunSuiteLike.scala:229)
	at app//org.scalatest.FunSuiteLike.runTests$(FunSuiteLike.scala:228)
	at app//org.scalatest.FunSuite.runTests(FunSuite.scala:1560)
	at app//org.scalatest.Suite.run(Suite.scala:1124)
	at app//org.scalatest.Suite.run$(Suite.scala:1106)
	at app//org.scalatest.FunSuite.org$scalatest$FunSuiteLike$$super$run(FunSuite.scala:1560)
	at app//org.scalatest.FunSuiteLike.$anonfun$run$1(FunSuiteLike.scala:233)
	at app//org.scalatest.SuperEngine.runImpl(Engine.scala:518)
	at app//org.scalatest.FunSuiteLike.run(FunSuiteLike.scala:233)
	at app//org.scalatest.FunSuiteLike.run$(FunSuiteLike.scala:232)
	at app//infrastructure.TestBase.run(TestBase.scala:26)
	at app//org.scalatest.Suite.callExecuteOnSuite$1(Suite.scala:1187)
	at app//org.scalatest.Suite.$anonfun$runNestedSuites$1(Suite.scala:1234)
	at app//scala.collection.ArrayOps$.foreach$extension(ArrayOps.scala:1323)
	at app//org.scalatest.Suite.runNestedSuites(Suite.scala:1232)
	at app//org.scalatest.Suite.runNestedSuites$(Suite.scala:1166)
	at app//org.scalatest.Suites.runNestedSuites(Suites.scala:56)
	at app//org.scalatest.Suite.run(Suite.scala:1121)
	at app//org.scalatest.Suite.run$(Suite.scala:1106)
	at app//snake.SnakeTestSuite.runDirect(SnakeTestSuite.scala:24)
	at app//snake.SnakeTestSuite.run(SnakeTestSuite.scala:16)
	at app//org.scalatestplus.junit.JUnitRunner.run(JUnitRunner.scala:99)
	at app//org.junit.runner.JUnitCore.run(JUnitCore.java:137)
	at app//org.junit.runner.JUnitCore.run(JUnitCore.java:115)
	at app//org.junit.vintage.engine.execution.RunnerExecutor.execute(RunnerExecutor.java:42)
	at app//org.junit.vintage.engine.VintageTestEngine.executeAllChildren(VintageTestEngine.java:80)
	at app//org.junit.vintage.engine.VintageTestEngine.execute(VintageTestEngine.java:72)
	at org.junit.platform.launcher.core.EngineExecutionOrchestrator.execute(EngineExecutionOrchestrator.java:107)
	at org.junit.platform.launcher.core.EngineExecutionOrchestrator.execute(EngineExecutionOrchestrator.java:88)
	at org.junit.platform.launcher.core.EngineExecutionOrchestrator.lambda$execute$0(EngineExecutionOrchestrator.java:54)
	at org.junit.platform.launcher.core.EngineExecutionOrchestrator.withInterceptedStreams(EngineExecutionOrchestrator.java:67)
	at org.junit.platform.launcher.core.EngineExecutionOrchestrator.execute(EngineExecutionOrchestrator.java:52)
	at org.junit.platform.launcher.core.DefaultLauncher.execute(DefaultLauncher.java:114)
	at org.junit.platform.launcher.core.DefaultLauncher.execute(DefaultLauncher.java:86)
	at org.junit.platform.launcher.core.DefaultLauncherSession$DelegatingLauncher.execute(DefaultLauncherSession.java:86)
	at org.junit.platform.launcher.core.SessionPerRequestLauncher.execute(SessionPerRequestLauncher.java:53)
	at org.gradle.api.internal.tasks.testing.junitplatform.JUnitPlatformTestClassProcessor$CollectAllTestClassesExecutor.processAllTestClasses(JUnitPlatformTestClassProcessor.java:99)
	at org.gradle.api.internal.tasks.testing.junitplatform.JUnitPlatformTestClassProcessor$CollectAllTestClassesExecutor.access$000(JUnitPlatformTestClassProcessor.java:79)
	at org.gradle.api.internal.tasks.testing.junitplatform.JUnitPlatformTestClassProcessor.stop(JUnitPlatformTestClassProcessor.java:75)
	at org.gradle.api.internal.tasks.testing.SuiteTestClassProcessor.stop(SuiteTestClassProcessor.java:61)
	at java.base@18.0.2.1/jdk.internal.reflect.DirectMethodHandleAccessor.invoke(DirectMethodHandleAccessor.java:104)
	at java.base@18.0.2.1/java.lang.reflect.Method.invoke(Method.java:577)
	at org.gradle.internal.dispatch.ReflectionDispatch.dispatch(ReflectionDispatch.java:36)
	at org.gradle.internal.dispatch.ReflectionDispatch.dispatch(ReflectionDispatch.java:24)
	at org.gradle.internal.dispatch.ContextClassLoaderDispatch.dispatch(ContextClassLoaderDispatch.java:33)
	at org.gradle.internal.dispatch.ProxyDispatchAdapter$DispatchingInvocationHandler.invoke(ProxyDispatchAdapter.java:94)
	at jdk.proxy1/jdk.proxy1.$Proxy2.stop(Unknown Source)
	at org.gradle.api.internal.tasks.testing.worker.TestWorker$3.run(TestWorker.java:193)
	at org.gradle.api.internal.tasks.testing.worker.TestWorker.executeAndMaintainThreadName(TestWorker.java:129)
	at org.gradle.api.internal.tasks.testing.worker.TestWorker.execute(TestWorker.java:100)
	at org.gradle.api.internal.tasks.testing.worker.TestWorker.execute(TestWorker.java:60)
	at org.gradle.process.internal.worker.child.ActionExecutionWorker.execute(ActionExecutionWorker.java:56)
	at org.gradle.process.internal.worker.child.SystemApplicationClassLoaderWorker.call(SystemApplicationClassLoaderWorker.java:133)
	at org.gradle.process.internal.worker.child.SystemApplicationClassLoaderWorker.call(SystemApplicationClassLoaderWorker.java:71)
	at app//worker.org.gradle.process.internal.worker.GradleWorkerMain.run(GradleWorkerMain.java:69)
	at app//worker.org.gradle.process.internal.worker.GradleWorkerMain.main(GradleWorkerMain.java:74)
</failure>
  </testcase>
  <testcase name="testInterleave6x6and10x7" classname="snake.basic.FullGameTests" time="0.004">
    <failure message="org.scalatest.exceptions.TestFailedException: didPass was false&#10; Hint: It should be possible to “run” multiple games simultaneously, i.e., it should not be a problem to have multiple instances of SnakeLogic which act independently. To test this, we perform “interleave tests”: we instantiate two SnakeLogic objects with different board sizes and alternate between performing a step on one and a step on the other. If all is correct, the two games should progress exactly as they would if they were the only snake games being run. If this is not true, then there is likely some global state through which one game influences the other.   Hence if you fail this test but you passed the other full game test, then you have some global state. Running two instances of SnakeLogic/and alternately doing steps between them results in some interference.   " type="org.scalatest.exceptions.TestFailedException">org.scalatest.exceptions.TestFailedException: didPass was false
 Hint: It should be possible to “run” multiple games simultaneously, i.e., it should not be a problem to have multiple instances of SnakeLogic which act independently. To test this, we perform “interleave tests”: we instantiate two SnakeLogic objects with different board sizes and alternate between performing a step on one and a step on the other. If all is correct, the two games should progress exactly as they would if they were the only snake games being run. If this is not true, then there is likely some global state through which one game influences the other.   Hence if you fail this test but you passed the other full game test, then you have some global state. Running two instances of SnakeLogic/and alternately doing steps between them results in some interference.   
	at app//org.scalatest.Assertions.newAssertionFailedException(Assertions.scala:530)
	at app//org.scalatest.Assertions.newAssertionFailedException$(Assertions.scala:529)
	at app//org.scalatest.FunSuite.newAssertionFailedException(FunSuite.scala:1560)
	at app//org.scalatest.Assertions$AssertionsHelper.macroAssert(Assertions.scala:503)
	at app//generic.GameTestSuite.checkInterleave(GameTestSuite.scala:303)
	at app//snake.SnakeTestSuiteBase.checkInterleave(SnakeTestSuiteBase.scala:107)
	at app//snake.basic.FullGameTests.$anonfun$new$6(FullGameTests.scala:757)
	at app//scala.runtime.java8.JFunction0$mcV$sp.apply(JFunction0$mcV$sp.scala:18)
	at app//infrastructure.TestBase.$anonfun$test$1(TestBase.scala:36)
	at app//org.scalatest.OutcomeOf.outcomeOf(OutcomeOf.scala:85)
	at app//org.scalatest.OutcomeOf.outcomeOf$(OutcomeOf.scala:83)
	at app//org.scalatest.OutcomeOf$.outcomeOf(OutcomeOf.scala:104)
	at app//org.scalatest.Transformer.apply(Transformer.scala:22)
	at app//org.scalatest.Transformer.apply(Transformer.scala:20)
	at app//org.scalatest.FunSuiteLike$$anon$1.apply(FunSuiteLike.scala:186)
	at app//org.scalatest.TestSuite.withFixture(TestSuite.scala:196)
	at app//org.scalatest.TestSuite.withFixture$(TestSuite.scala:195)
	at app//infrastructure.TestBase.org$scalatest$concurrent$TimeLimitedTests$$super$withFixture(TestBase.scala:9)
	at app//org.scalatest.concurrent.TimeLimitedTests.$anonfun$withFixture$3(TimeLimitedTests.scala:154)
	at app//org.scalatest.enablers.Timed$$anon$1.timeoutAfter(Timed.scala:127)
	at app//org.scalatest.concurrent.TimeLimits.failAfterImpl(TimeLimits.scala:239)
	at app//org.scalatest.concurrent.TimeLimits.failAfterImpl$(TimeLimits.scala:233)
	at app//org.scalatest.concurrent.TimeLimits$.failAfterImpl(TimeLimits.scala:305)
	at app//org.scalatest.concurrent.TimeLimitedTests.withFixture(TimeLimitedTests.scala:153)
	at app//org.scalatest.concurrent.TimeLimitedTests.withFixture$(TimeLimitedTests.scala:150)
	at app//infrastructure.TestBase.withFixture(TestBase.scala:9)
	at app//org.scalatest.FunSuiteLike.invokeWithFixture$1(FunSuiteLike.scala:184)
	at app//org.scalatest.FunSuiteLike.$anonfun$runTest$1(FunSuiteLike.scala:196)
	at app//org.scalatest.SuperEngine.runTestImpl(Engine.scala:286)
	at app//org.scalatest.FunSuiteLike.runTest(FunSuiteLike.scala:196)
	at app//org.scalatest.FunSuiteLike.runTest$(FunSuiteLike.scala:178)
	at app//org.scalatest.FunSuite.runTest(FunSuite.scala:1560)
	at app//org.scalatest.FunSuiteLike.$anonfun$runTests$1(FunSuiteLike.scala:229)
	at app//org.scalatest.SuperEngine.$anonfun$runTestsInBranch$1(Engine.scala:393)
	at app//scala.collection.immutable.List.foreach(List.scala:333)
	at app//org.scalatest.SuperEngine.traverseSubNodes$1(Engine.scala:381)
	at app//org.scalatest.SuperEngine.runTestsInBranch(Engine.scala:376)
	at app//org.scalatest.SuperEngine.runTestsImpl(Engine.scala:458)
	at app//org.scalatest.FunSuiteLike.runTests(FunSuiteLike.scala:229)
	at app//org.scalatest.FunSuiteLike.runTests$(FunSuiteLike.scala:228)
	at app//org.scalatest.FunSuite.runTests(FunSuite.scala:1560)
	at app//org.scalatest.Suite.run(Suite.scala:1124)
	at app//org.scalatest.Suite.run$(Suite.scala:1106)
	at app//org.scalatest.FunSuite.org$scalatest$FunSuiteLike$$super$run(FunSuite.scala:1560)
	at app//org.scalatest.FunSuiteLike.$anonfun$run$1(FunSuiteLike.scala:233)
	at app//org.scalatest.SuperEngine.runImpl(Engine.scala:518)
	at app//org.scalatest.FunSuiteLike.run(FunSuiteLike.scala:233)
	at app//org.scalatest.FunSuiteLike.run$(FunSuiteLike.scala:232)
	at app//infrastructure.TestBase.run(TestBase.scala:26)
	at app//org.scalatest.Suite.callExecuteOnSuite$1(Suite.scala:1187)
	at app//org.scalatest.Suite.$anonfun$runNestedSuites$1(Suite.scala:1234)
	at app//scala.collection.ArrayOps$.foreach$extension(ArrayOps.scala:1323)
	at app//org.scalatest.Suite.runNestedSuites(Suite.scala:1232)
	at app//org.scalatest.Suite.runNestedSuites$(Suite.scala:1166)
	at app//org.scalatest.Suites.runNestedSuites(Suites.scala:56)
	at app//org.scalatest.Suite.run(Suite.scala:1121)
	at app//org.scalatest.Suite.run$(Suite.scala:1106)
	at app//snake.SnakeTestSuite.runDirect(SnakeTestSuite.scala:24)
	at app//snake.SnakeTestSuite.run(SnakeTestSuite.scala:16)
	at app//org.scalatestplus.junit.JUnitRunner.run(JUnitRunner.scala:99)
	at app//org.junit.runner.JUnitCore.run(JUnitCore.java:137)
	at app//org.junit.runner.JUnitCore.run(JUnitCore.java:115)
	at app//org.junit.vintage.engine.execution.RunnerExecutor.execute(RunnerExecutor.java:42)
	at app//org.junit.vintage.engine.VintageTestEngine.executeAllChildren(VintageTestEngine.java:80)
	at app//org.junit.vintage.engine.VintageTestEngine.execute(VintageTestEngine.java:72)
	at org.junit.platform.launcher.core.EngineExecutionOrchestrator.execute(EngineExecutionOrchestrator.java:107)
	at org.junit.platform.launcher.core.EngineExecutionOrchestrator.execute(EngineExecutionOrchestrator.java:88)
	at org.junit.platform.launcher.core.EngineExecutionOrchestrator.lambda$execute$0(EngineExecutionOrchestrator.java:54)
	at org.junit.platform.launcher.core.EngineExecutionOrchestrator.withInterceptedStreams(EngineExecutionOrchestrator.java:67)
	at org.junit.platform.launcher.core.EngineExecutionOrchestrator.execute(EngineExecutionOrchestrator.java:52)
	at org.junit.platform.launcher.core.DefaultLauncher.execute(DefaultLauncher.java:114)
	at org.junit.platform.launcher.core.DefaultLauncher.execute(DefaultLauncher.java:86)
	at org.junit.platform.launcher.core.DefaultLauncherSession$DelegatingLauncher.execute(DefaultLauncherSession.java:86)
	at org.junit.platform.launcher.core.SessionPerRequestLauncher.execute(SessionPerRequestLauncher.java:53)
	at org.gradle.api.internal.tasks.testing.junitplatform.JUnitPlatformTestClassProcessor$CollectAllTestClassesExecutor.processAllTestClasses(JUnitPlatformTestClassProcessor.java:99)
	at org.gradle.api.internal.tasks.testing.junitplatform.JUnitPlatformTestClassProcessor$CollectAllTestClassesExecutor.access$000(JUnitPlatformTestClassProcessor.java:79)
	at org.gradle.api.internal.tasks.testing.junitplatform.JUnitPlatformTestClassProcessor.stop(JUnitPlatformTestClassProcessor.java:75)
	at org.gradle.api.internal.tasks.testing.SuiteTestClassProcessor.stop(SuiteTestClassProcessor.java:61)
	at java.base@18.0.2.1/jdk.internal.reflect.DirectMethodHandleAccessor.invoke(DirectMethodHandleAccessor.java:104)
	at java.base@18.0.2.1/java.lang.reflect.Method.invoke(Method.java:577)
	at org.gradle.internal.dispatch.ReflectionDispatch.dispatch(ReflectionDispatch.java:36)
	at org.gradle.internal.dispatch.ReflectionDispatch.dispatch(ReflectionDispatch.java:24)
	at org.gradle.internal.dispatch.ContextClassLoaderDispatch.dispatch(ContextClassLoaderDispatch.java:33)
	at org.gradle.internal.dispatch.ProxyDispatchAdapter$DispatchingInvocationHandler.invoke(ProxyDispatchAdapter.java:94)
	at jdk.proxy1/jdk.proxy1.$Proxy2.stop(Unknown Source)
	at org.gradle.api.internal.tasks.testing.worker.TestWorker$3.run(TestWorker.java:193)
	at org.gradle.api.internal.tasks.testing.worker.TestWorker.executeAndMaintainThreadName(TestWorker.java:129)
	at org.gradle.api.internal.tasks.testing.worker.TestWorker.execute(TestWorker.java:100)
	at org.gradle.api.internal.tasks.testing.worker.TestWorker.execute(TestWorker.java:60)
	at org.gradle.process.internal.worker.child.ActionExecutionWorker.execute(ActionExecutionWorker.java:56)
	at org.gradle.process.internal.worker.child.SystemApplicationClassLoaderWorker.call(SystemApplicationClassLoaderWorker.java:133)
	at org.gradle.process.internal.worker.child.SystemApplicationClassLoaderWorker.call(SystemApplicationClassLoaderWorker.java:71)
	at app//worker.org.gradle.process.internal.worker.GradleWorkerMain.run(GradleWorkerMain.java:69)
	at app//worker.org.gradle.process.internal.worker.GradleWorkerMain.main(GradleWorkerMain.java:74)
</failure>
  </testcase>
  <testcase name="testInterleave6x3and6x6" classname="snake.basic.FullGameTests" time="0.003">
    <failure message="org.scalatest.exceptions.TestFailedException: didPass was false&#10; Hint: It should be possible to “run” multiple games simultaneously, i.e., it should not be a problem to have multiple instances of SnakeLogic which act independently. To test this, we perform “interleave tests”: we instantiate two SnakeLogic objects with different board sizes and alternate between performing a step on one and a step on the other. If all is correct, the two games should progress exactly as they would if they were the only snake games being run. If this is not true, then there is likely some global state through which one game influences the other.   Hence if you fail this test but you passed the other full game test, then you have some global state. Running two instances of SnakeLogic/and alternately doing steps between them results in some interference.   " type="org.scalatest.exceptions.TestFailedException">org.scalatest.exceptions.TestFailedException: didPass was false
 Hint: It should be possible to “run” multiple games simultaneously, i.e., it should not be a problem to have multiple instances of SnakeLogic which act independently. To test this, we perform “interleave tests”: we instantiate two SnakeLogic objects with different board sizes and alternate between performing a step on one and a step on the other. If all is correct, the two games should progress exactly as they would if they were the only snake games being run. If this is not true, then there is likely some global state through which one game influences the other.   Hence if you fail this test but you passed the other full game test, then you have some global state. Running two instances of SnakeLogic/and alternately doing steps between them results in some interference.   
	at app//org.scalatest.Assertions.newAssertionFailedException(Assertions.scala:530)
	at app//org.scalatest.Assertions.newAssertionFailedException$(Assertions.scala:529)
	at app//org.scalatest.FunSuite.newAssertionFailedException(FunSuite.scala:1560)
	at app//org.scalatest.Assertions$AssertionsHelper.macroAssert(Assertions.scala:503)
	at app//generic.GameTestSuite.checkInterleave(GameTestSuite.scala:303)
	at app//snake.SnakeTestSuiteBase.checkInterleave(SnakeTestSuiteBase.scala:107)
	at app//snake.basic.FullGameTests.$anonfun$new$7(FullGameTests.scala:762)
	at app//scala.runtime.java8.JFunction0$mcV$sp.apply(JFunction0$mcV$sp.scala:18)
	at app//infrastructure.TestBase.$anonfun$test$1(TestBase.scala:36)
	at app//org.scalatest.OutcomeOf.outcomeOf(OutcomeOf.scala:85)
	at app//org.scalatest.OutcomeOf.outcomeOf$(OutcomeOf.scala:83)
	at app//org.scalatest.OutcomeOf$.outcomeOf(OutcomeOf.scala:104)
	at app//org.scalatest.Transformer.apply(Transformer.scala:22)
	at app//org.scalatest.Transformer.apply(Transformer.scala:20)
	at app//org.scalatest.FunSuiteLike$$anon$1.apply(FunSuiteLike.scala:186)
	at app//org.scalatest.TestSuite.withFixture(TestSuite.scala:196)
	at app//org.scalatest.TestSuite.withFixture$(TestSuite.scala:195)
	at app//infrastructure.TestBase.org$scalatest$concurrent$TimeLimitedTests$$super$withFixture(TestBase.scala:9)
	at app//org.scalatest.concurrent.TimeLimitedTests.$anonfun$withFixture$3(TimeLimitedTests.scala:154)
	at app//org.scalatest.enablers.Timed$$anon$1.timeoutAfter(Timed.scala:127)
	at app//org.scalatest.concurrent.TimeLimits.failAfterImpl(TimeLimits.scala:239)
	at app//org.scalatest.concurrent.TimeLimits.failAfterImpl$(TimeLimits.scala:233)
	at app//org.scalatest.concurrent.TimeLimits$.failAfterImpl(TimeLimits.scala:305)
	at app//org.scalatest.concurrent.TimeLimitedTests.withFixture(TimeLimitedTests.scala:153)
	at app//org.scalatest.concurrent.TimeLimitedTests.withFixture$(TimeLimitedTests.scala:150)
	at app//infrastructure.TestBase.withFixture(TestBase.scala:9)
	at app//org.scalatest.FunSuiteLike.invokeWithFixture$1(FunSuiteLike.scala:184)
	at app//org.scalatest.FunSuiteLike.$anonfun$runTest$1(FunSuiteLike.scala:196)
	at app//org.scalatest.SuperEngine.runTestImpl(Engine.scala:286)
	at app//org.scalatest.FunSuiteLike.runTest(FunSuiteLike.scala:196)
	at app//org.scalatest.FunSuiteLike.runTest$(FunSuiteLike.scala:178)
	at app//org.scalatest.FunSuite.runTest(FunSuite.scala:1560)
	at app//org.scalatest.FunSuiteLike.$anonfun$runTests$1(FunSuiteLike.scala:229)
	at app//org.scalatest.SuperEngine.$anonfun$runTestsInBranch$1(Engine.scala:393)
	at app//scala.collection.immutable.List.foreach(List.scala:333)
	at app//org.scalatest.SuperEngine.traverseSubNodes$1(Engine.scala:381)
	at app//org.scalatest.SuperEngine.runTestsInBranch(Engine.scala:376)
	at app//org.scalatest.SuperEngine.runTestsImpl(Engine.scala:458)
	at app//org.scalatest.FunSuiteLike.runTests(FunSuiteLike.scala:229)
	at app//org.scalatest.FunSuiteLike.runTests$(FunSuiteLike.scala:228)
	at app//org.scalatest.FunSuite.runTests(FunSuite.scala:1560)
	at app//org.scalatest.Suite.run(Suite.scala:1124)
	at app//org.scalatest.Suite.run$(Suite.scala:1106)
	at app//org.scalatest.FunSuite.org$scalatest$FunSuiteLike$$super$run(FunSuite.scala:1560)
	at app//org.scalatest.FunSuiteLike.$anonfun$run$1(FunSuiteLike.scala:233)
	at app//org.scalatest.SuperEngine.runImpl(Engine.scala:518)
	at app//org.scalatest.FunSuiteLike.run(FunSuiteLike.scala:233)
	at app//org.scalatest.FunSuiteLike.run$(FunSuiteLike.scala:232)
	at app//infrastructure.TestBase.run(TestBase.scala:26)
	at app//org.scalatest.Suite.callExecuteOnSuite$1(Suite.scala:1187)
	at app//org.scalatest.Suite.$anonfun$runNestedSuites$1(Suite.scala:1234)
	at app//scala.collection.ArrayOps$.foreach$extension(ArrayOps.scala:1323)
	at app//org.scalatest.Suite.runNestedSuites(Suite.scala:1232)
	at app//org.scalatest.Suite.runNestedSuites$(Suite.scala:1166)
	at app//org.scalatest.Suites.runNestedSuites(Suites.scala:56)
	at app//org.scalatest.Suite.run(Suite.scala:1121)
	at app//org.scalatest.Suite.run$(Suite.scala:1106)
	at app//snake.SnakeTestSuite.runDirect(SnakeTestSuite.scala:24)
	at app//snake.SnakeTestSuite.run(SnakeTestSuite.scala:16)
	at app//org.scalatestplus.junit.JUnitRunner.run(JUnitRunner.scala:99)
	at app//org.junit.runner.JUnitCore.run(JUnitCore.java:137)
	at app//org.junit.runner.JUnitCore.run(JUnitCore.java:115)
	at app//org.junit.vintage.engine.execution.RunnerExecutor.execute(RunnerExecutor.java:42)
	at app//org.junit.vintage.engine.VintageTestEngine.executeAllChildren(VintageTestEngine.java:80)
	at app//org.junit.vintage.engine.VintageTestEngine.execute(VintageTestEngine.java:72)
	at org.junit.platform.launcher.core.EngineExecutionOrchestrator.execute(EngineExecutionOrchestrator.java:107)
	at org.junit.platform.launcher.core.EngineExecutionOrchestrator.execute(EngineExecutionOrchestrator.java:88)
	at org.junit.platform.launcher.core.EngineExecutionOrchestrator.lambda$execute$0(EngineExecutionOrchestrator.java:54)
	at org.junit.platform.launcher.core.EngineExecutionOrchestrator.withInterceptedStreams(EngineExecutionOrchestrator.java:67)
	at org.junit.platform.launcher.core.EngineExecutionOrchestrator.execute(EngineExecutionOrchestrator.java:52)
	at org.junit.platform.launcher.core.DefaultLauncher.execute(DefaultLauncher.java:114)
	at org.junit.platform.launcher.core.DefaultLauncher.execute(DefaultLauncher.java:86)
	at org.junit.platform.launcher.core.DefaultLauncherSession$DelegatingLauncher.execute(DefaultLauncherSession.java:86)
	at org.junit.platform.launcher.core.SessionPerRequestLauncher.execute(SessionPerRequestLauncher.java:53)
	at org.gradle.api.internal.tasks.testing.junitplatform.JUnitPlatformTestClassProcessor$CollectAllTestClassesExecutor.processAllTestClasses(JUnitPlatformTestClassProcessor.java:99)
	at org.gradle.api.internal.tasks.testing.junitplatform.JUnitPlatformTestClassProcessor$CollectAllTestClassesExecutor.access$000(JUnitPlatformTestClassProcessor.java:79)
	at org.gradle.api.internal.tasks.testing.junitplatform.JUnitPlatformTestClassProcessor.stop(JUnitPlatformTestClassProcessor.java:75)
	at org.gradle.api.internal.tasks.testing.SuiteTestClassProcessor.stop(SuiteTestClassProcessor.java:61)
	at java.base@18.0.2.1/jdk.internal.reflect.DirectMethodHandleAccessor.invoke(DirectMethodHandleAccessor.java:104)
	at java.base@18.0.2.1/java.lang.reflect.Method.invoke(Method.java:577)
	at org.gradle.internal.dispatch.ReflectionDispatch.dispatch(ReflectionDispatch.java:36)
	at org.gradle.internal.dispatch.ReflectionDispatch.dispatch(ReflectionDispatch.java:24)
	at org.gradle.internal.dispatch.ContextClassLoaderDispatch.dispatch(ContextClassLoaderDispatch.java:33)
	at org.gradle.internal.dispatch.ProxyDispatchAdapter$DispatchingInvocationHandler.invoke(ProxyDispatchAdapter.java:94)
	at jdk.proxy1/jdk.proxy1.$Proxy2.stop(Unknown Source)
	at org.gradle.api.internal.tasks.testing.worker.TestWorker$3.run(TestWorker.java:193)
	at org.gradle.api.internal.tasks.testing.worker.TestWorker.executeAndMaintainThreadName(TestWorker.java:129)
	at org.gradle.api.internal.tasks.testing.worker.TestWorker.execute(TestWorker.java:100)
	at org.gradle.api.internal.tasks.testing.worker.TestWorker.execute(TestWorker.java:60)
	at org.gradle.process.internal.worker.child.ActionExecutionWorker.execute(ActionExecutionWorker.java:56)
	at org.gradle.process.internal.worker.child.SystemApplicationClassLoaderWorker.call(SystemApplicationClassLoaderWorker.java:133)
	at org.gradle.process.internal.worker.child.SystemApplicationClassLoaderWorker.call(SystemApplicationClassLoaderWorker.java:71)
	at app//worker.org.gradle.process.internal.worker.GradleWorkerMain.run(GradleWorkerMain.java:69)
	at app//worker.org.gradle.process.internal.worker.GradleWorkerMain.main(GradleWorkerMain.java:74)
</failure>
  </testcase>
  <system-out><![CDATA[]]></system-out>
  <system-err><![CDATA[]]></system-err>
</testsuite>
