<?xml version="1.0" encoding="UTF-8"?>
<testsuite name="snake.reverse.ReverseTests" tests="5" skipped="0" failures="1" errors="0" timestamp="2023-09-21T17:23:38" hostname="Jays-MacBook-Pro-2.local" time="0.087">
  <properties/>
  <testcase name="testReverseSimple" classname="snake.reverse.ReverseTests" time="0.01"/>
  <testcase name="testReversePastStart" classname="snake.reverse.ReverseTests" time="0.004"/>
  <testcase name="testReverseGameOver" classname="snake.reverse.ReverseTests" time="0.003"/>
  <testcase name="testChangeThePast" classname="snake.reverse.ReverseTests" time="0.003"/>
  <testcase name="testReverseLong" classname="snake.reverse.ReverseTests" time="0.064">
    <failure message="org.scalatest.exceptions.TestFailedException: didPass was false&#10;--------------------------------------------------------------------------------&#10;This is what went wrong:&#10;&#10;step=0, rand=2, actions=&lt;&gt;&#10;Want  | Got ✓&#10;-------------&#10;OO&gt;.. | OO&gt;..&#10;A.... | A....&#10;..... | .....&#10;..... | .....&#10;..... | .....&#10;&#10;step=1, rand=2, actions=&lt;Step&gt;&#10;Want  | Got ✓&#10;-------------&#10;.OO&gt;. | .OO&gt;.&#10;A.... | A....&#10;..... | .....&#10;..... | .....&#10;..... | .....&#10;&#10;step=2, rand=2, actions=&lt;ChangeDir(South()), ChangeDir(West()), Step&gt;&#10;Want  | Got ✓&#10;-------------&#10;..OO. | ..OO.&#10;A..v. | A..v.&#10;..... | .....&#10;..... | .....&#10;..... | .....&#10;&#10;step=3, rand=2, actions=&lt;ChangeDir(West()), Step&gt;&#10;Want  | Got ✓&#10;-------------&#10;...O. | ...O.&#10;A.&lt;O. | A.&lt;O.&#10;..... | .....&#10;..... | .....&#10;..... | .....&#10;&#10;step=4, rand=2, actions=&lt;Step&gt;&#10;Want  | Got ✓&#10;-------------&#10;..... | .....&#10;A&lt;OO. | A&lt;OO.&#10;..... | .....&#10;..... | .....&#10;..... | .....&#10;&#10;step=5, rand=4, actions=&lt;Step&gt;&#10;Want  | Got ✓&#10;-------------&#10;....A | ....A&#10;&lt;OO.. | &lt;OO..&#10;..... | .....&#10;..... | .....&#10;..... | .....&#10;&#10;step=6, rand=4, actions=&lt;Step&gt;&#10;Want  | Got ✓&#10;-------------&#10;....A | ....A&#10;OOO.&lt; | OOO.&lt;&#10;..... | .....&#10;..... | .....&#10;..... | .....&#10;&#10;step=7, rand=4, actions=&lt;Step&gt;&#10;Want  | Got ✓&#10;-------------&#10;....A | ....A&#10;OOO&lt;O | OOO&lt;O&#10;..... | .....&#10;..... | .....&#10;..... | .....&#10;&#10;step=8, rand=4, actions=&lt;ChangeDir(North()), Step&gt;&#10;Want  | Got ✓&#10;-------------&#10;...^A | ...^A&#10;OOOOO | OOOOO&#10;..... | .....&#10;..... | .....&#10;..... | .....&#10;&#10;step=9, rand=2, actions=&lt;ChangeDir(East()), Step&gt;&#10;Want  | Got ✓&#10;-------------&#10;..AO&gt; | ..AO&gt;&#10;OO.OO | OO.OO&#10;..... | .....&#10;..... | .....&#10;..... | .....&#10;&#10;step=10, rand=2, actions=&lt;Step&gt;&#10;Want  | Got ✓&#10;-------------&#10;&gt;.AOO | &gt;.AOO&#10;OO.OO | OO.OO&#10;..... | .....&#10;..... | .....&#10;..... | .....&#10;&#10;step=11, rand=2, actions=&lt;Step&gt;&#10;Want  | Got ✓&#10;-------------&#10;O&gt;AOO | O&gt;AOO&#10;OO.OO | OO.OO&#10;..... | .....&#10;..... | .....&#10;..... | .....&#10;&#10;step=12, rand=4, actions=&lt;Step&gt;&#10;Want  | Got ✓&#10;-------------&#10;OO&gt;OO | OO&gt;OO&#10;OO.OO | OO.OO&#10;...A. | ...A.&#10;..... | .....&#10;..... | .....&#10;&#10;step=13, rand=4, actions=&lt;Step&gt;&#10;Want              | Got ✓            &#10;-------------------------------------&#10;GameOverDisplay() | GameOverDisplay()&#10;&#10;step=14, rand=4, actions=&lt;Step&gt;&#10;Want              | Got ✓            &#10;-------------------------------------&#10;GameOverDisplay() | GameOverDisplay()&#10;&#10;step=15, rand=4, actions=&lt;ReverseGame(true), Step&gt;&#10;Want  | Got ✓&#10;-------------&#10;OO&gt;OO | OO&gt;OO&#10;OO.OO | OO.OO&#10;...A. | ...A.&#10;..... | .....&#10;..... | .....&#10;&#10;step=16, rand=4, actions=&lt;Step&gt;&#10;Want  | Got ✓&#10;-------------&#10;O&gt;AOO | O&gt;AOO&#10;OO.OO | OO.OO&#10;..... | .....&#10;..... | .....&#10;..... | .....&#10;&#10;step=17, rand=4, actions=&lt;ReverseGame(false), Step&gt;&#10;Want  | Got ✓&#10;-------------&#10;OO&gt;OO | OO&gt;OO&#10;OO.OO | OO.OO&#10;...A. | ...A.&#10;..... | .....&#10;..... | .....&#10;&#10;step=18, rand=4, actions=&lt;ChangeDir(South()), Step&gt;&#10;Want  | Got ✓&#10;-------------&#10;OOOOO | OOOOO&#10;OOvOO | OOvOO&#10;...A. | ...A.&#10;..... | .....&#10;..... | .....&#10;&#10;step=19, rand=4, actions=&lt;Step&gt;&#10;Want  | Got ✓&#10;-------------&#10;OOOOO | OOOOO&#10;OOOOO | OOOOO&#10;..vA. | ..vA.&#10;..... | .....&#10;..... | .....&#10;&#10;step=20, rand=2, actions=&lt;ChangeDir(East()), Step&gt;&#10;Want  | Got ✓&#10;-------------&#10;OOOOO | OOOOO&#10;OOOOO | OOOOO&#10;..O&gt;A | ..O&gt;A&#10;..... | .....&#10;..... | .....&#10;&#10;step=21, rand=4, actions=&lt;Step&gt;&#10;Want  | Got ✓&#10;-------------&#10;OOOOO | OOOOO&#10;OOOOO | OOOOO&#10;..OO&gt; | ..OO&gt;&#10;..A.. | ..A..&#10;..... | .....&#10;&#10;step=22, rand=4, actions=&lt;Step&gt;&#10;Want  | Got ✓&#10;-------------&#10;OOOOO | OOOOO&#10;OOOOO | OOOOO&#10;&gt;.OOO | &gt;.OOO&#10;..A.. | ..A..&#10;..... | .....&#10;&#10;step=23, rand=4, actions=&lt;Step&gt;&#10;Want  | Got ✓&#10;-------------&#10;OOOOO | OOOOO&#10;OOOOO | OOOOO&#10;O&gt;OOO | O&gt;OOO&#10;..A.. | ..A..&#10;..... | .....&#10;&#10;step=24, rand=4, actions=&lt;ChangeDir(South()), ChangeDir(East()), Step&gt;&#10;Want              | Got ✓            &#10;-------------------------------------&#10;GameOverDisplay() | GameOverDisplay()&#10;&#10;step=25, rand=4, actions=&lt;Step&gt;&#10;Want              | Got ✓            &#10;-------------------------------------&#10;GameOverDisplay() | GameOverDisplay()&#10;&#10;step=26, rand=4, actions=&lt;ReverseGame(true), Step&gt;&#10;Want  | Got ✓&#10;-------------&#10;OOOOO | OOOOO&#10;OOOOO | OOOOO&#10;O&gt;OOO | O&gt;OOO&#10;..A.. | ..A..&#10;..... | .....&#10;&#10;step=27, rand=4, actions=&lt;Step&gt;&#10;Want  | Got ✓&#10;-------------&#10;OOOOO | OOOOO&#10;OOOOO | OOOOO&#10;&gt;.OOO | &gt;.OOO&#10;..A.. | ..A..&#10;..... | .....&#10;&#10;step=28, rand=4, actions=&lt;ReverseGame(false), Step&gt;&#10;Want  | Got ✓&#10;-------------&#10;OOOOO | OOOOO&#10;OOOOO | OOOOO&#10;O&gt;OOO | O&gt;OOO&#10;..A.. | ..A..&#10;..... | .....&#10;&#10;step=29, rand=4, actions=&lt;ChangeDir(South()), Step&gt;&#10;Want  | Got ✓&#10;-------------&#10;OOOOO | OOOOO&#10;OOOOO | OOOOO&#10;OOOOO | OOOOO&#10;.vA.. | .vA..&#10;..... | .....&#10;&#10;step=30, rand=2, actions=&lt;ChangeDir(East()), Step&gt;&#10;Want  | Got ✓&#10;-------------&#10;OOOOO | OOOOO&#10;OOOOO | OOOOO&#10;OOOOO | OOOOO&#10;.O&gt;.A | .O&gt;.A&#10;..... | .....&#10;&#10;step=31, rand=2, actions=&lt;Step&gt;&#10;Want  | Got ✓&#10;-------------&#10;OOOOO | OOOOO&#10;OOOOO | OOOOO&#10;OOOOO | OOOOO&#10;.OO&gt;A | .OO&gt;A&#10;..... | .....&#10;&#10;step=32, rand=4, actions=&lt;Step&gt;&#10;Want  | Got ✓&#10;-------------&#10;OOOOO | OOOOO&#10;OOOOO | OOOOO&#10;OOOOO | OOOOO&#10;.OOO&gt; | .OOO&gt;&#10;...A. | ...A.&#10;&#10;step=33, rand=4, actions=&lt;Step&gt;&#10;Want  | Got ✓&#10;-------------&#10;OOOOO | OOOOO&#10;OOOOO | OOOOO&#10;OOOOO | OOOOO&#10;&gt;OOOO | &gt;OOOO&#10;...A. | ...A.&#10;&#10;step=34, rand=4, actions=&lt;ChangeDir(South()), Step&gt;&#10;Want  | Got ✓&#10;-------------&#10;OOOOO | OOOOO&#10;OOOOO | OOOOO&#10;OOOOO | OOOOO&#10;OOOOO | OOOOO&#10;v..A. | v..A.&#10;&#10;step=35, rand=4, actions=&lt;ChangeDir(East()), Step&gt;&#10;Want  | Got ✓&#10;-------------&#10;OOOOO | OOOOO&#10;OOOOO | OOOOO&#10;OOOOO | OOOOO&#10;OOOOO | OOOOO&#10;O&gt;.A. | O&gt;.A.&#10;&#10;step=36, rand=4, actions=&lt;Step&gt;&#10;Want  | Got ✓&#10;-------------&#10;OOOOO | OOOOO&#10;OOOOO | OOOOO&#10;OOOOO | OOOOO&#10;OOOOO | OOOOO&#10;OO&gt;A. | OO&gt;A.&#10;&#10;step=37, rand=0, actions=&lt;Step&gt;&#10;Want  | Got ✓&#10;-------------&#10;OOOOO | OOOOO&#10;OOOOO | OOOOO&#10;OOOOO | OOOOO&#10;OOOOO | OOOOO&#10;OOO&gt;A | OOO&gt;A&#10;&#10;step=38, rand=0, actions=&lt;Step&gt;&#10;Want  | Got ✓&#10;-------------&#10;OOOOO | OOOOO&#10;OOOOO | OOOOO&#10;OOOOO | OOOOO&#10;OOOOO | OOOOO&#10;OOOO&gt; | OOOO&gt;&#10;&#10;step=39, rand=0, actions=&lt;Step&gt;&#10;Want              | Got ✓            &#10;-------------------------------------&#10;GameOverDisplay() | GameOverDisplay()&#10;&#10;step=40, rand=0, actions=&lt;Step&gt;&#10;Want              | Got ✓            &#10;-------------------------------------&#10;GameOverDisplay() | GameOverDisplay()&#10;&#10;step=41, rand=0, actions=&lt;Step&gt;&#10;Want              | Got ✓            &#10;-------------------------------------&#10;GameOverDisplay() | GameOverDisplay()&#10;&#10;step=42, rand=0, actions=&lt;ReverseGame(true), Step&gt;&#10;Want  | Got ✓&#10;-------------&#10;OOOOO | OOOOO&#10;OOOOO | OOOOO&#10;OOOOO | OOOOO&#10;OOOOO | OOOOO&#10;OOOO&gt; | OOOO&gt;&#10;&#10;step=43, rand=0, actions=&lt;Step&gt;&#10;Want  | Got ✓&#10;-------------&#10;OOOOO | OOOOO&#10;OOOOO | OOOOO&#10;OOOOO | OOOOO&#10;OOOOO | OOOOO&#10;OOO&gt;A | OOO&gt;A&#10;&#10;step=44, rand=0, actions=&lt;Step&gt;&#10;Want  | Got ✓&#10;-------------&#10;OOOOO | OOOOO&#10;OOOOO | OOOOO&#10;OOOOO | OOOOO&#10;OOOOO | OOOOO&#10;OO&gt;A. | OO&gt;A.&#10;&#10;step=45, rand=0, actions=&lt;Step&gt;&#10;Want  | Got ✓&#10;-------------&#10;OOOOO | OOOOO&#10;OOOOO | OOOOO&#10;OOOOO | OOOOO&#10;OOOOO | OOOOO&#10;O&gt;.A. | O&gt;.A.&#10;&#10;step=46, rand=0, actions=&lt;Step&gt;&#10;Want  | Got ✓&#10;-------------&#10;OOOOO | OOOOO&#10;OOOOO | OOOOO&#10;OOOOO | OOOOO&#10;OOOOO | OOOOO&#10;v..A. | v..A.&#10;&#10;step=47, rand=0, actions=&lt;Step&gt;&#10;Want  | Got ✓&#10;-------------&#10;OOOOO | OOOOO&#10;OOOOO | OOOOO&#10;OOOOO | OOOOO&#10;&gt;OOOO | &gt;OOOO&#10;...A. | ...A.&#10;&#10;step=48, rand=0, actions=&lt;Step&gt;&#10;Want  | Got ✓&#10;-------------&#10;OOOOO | OOOOO&#10;OOOOO | OOOOO&#10;OOOOO | OOOOO&#10;.OOO&gt; | .OOO&gt;&#10;...A. | ...A.&#10;&#10;step=49, rand=0, actions=&lt;Step&gt;&#10;Want  | Got ✓&#10;-------------&#10;OOOOO | OOOOO&#10;OOOOO | OOOOO&#10;OOOOO | OOOOO&#10;.OO&gt;A | .OO&gt;A&#10;..... | .....&#10;&#10;step=50, rand=0, actions=&lt;Step&gt;&#10;Want  | Got ✓&#10;-------------&#10;OOOOO | OOOOO&#10;OOOOO | OOOOO&#10;OOOOO | OOOOO&#10;.O&gt;.A | .O&gt;.A&#10;..... | .....&#10;&#10;step=51, rand=0, actions=&lt;Step&gt;&#10;Want  | Got ✓&#10;-------------&#10;OOOOO | OOOOO&#10;OOOOO | OOOOO&#10;OOOOO | OOOOO&#10;.vA.. | .vA..&#10;..... | .....&#10;&#10;step=52, rand=0, actions=&lt;Step&gt;&#10;Want  | Got ✓&#10;-------------&#10;OOOOO | OOOOO&#10;OOOOO | OOOOO&#10;O&gt;OOO | O&gt;OOO&#10;..A.. | ..A..&#10;..... | .....&#10;&#10;step=53, rand=0, actions=&lt;Step&gt;&#10;Want  | Got ✓&#10;-------------&#10;OOOOO | OOOOO&#10;OOOOO | OOOOO&#10;&gt;.OOO | &gt;.OOO&#10;..A.. | ..A..&#10;..... | .....&#10;&#10;step=54, rand=0, actions=&lt;Step&gt;&#10;Want  | Got ✓&#10;-------------&#10;OOOOO | OOOOO&#10;OOOOO | OOOOO&#10;..OO&gt; | ..OO&gt;&#10;..A.. | ..A..&#10;..... | .....&#10;&#10;step=55, rand=0, actions=&lt;Step&gt;&#10;Want  | Got ✓&#10;-------------&#10;OOOOO | OOOOO&#10;OOOOO | OOOOO&#10;..O&gt;A | ..O&gt;A&#10;..... | .....&#10;..... | .....&#10;&#10;step=56, rand=0, actions=&lt;Step&gt;&#10;Want  | Got ✓&#10;-------------&#10;OOOOO | OOOOO&#10;OOOOO | OOOOO&#10;..vA. | ..vA.&#10;..... | .....&#10;..... | .....&#10;&#10;step=57, rand=0, actions=&lt;Step&gt;&#10;Want  | Got ✓&#10;-------------&#10;OOOOO | OOOOO&#10;OOvOO | OOvOO&#10;...A. | ...A.&#10;..... | .....&#10;..... | .....&#10;&#10;step=58, rand=0, actions=&lt;Step&gt;&#10;Want  | Got ✓&#10;-------------&#10;OO&gt;OO | OO&gt;OO&#10;OO.OO | OO.OO&#10;...A. | ...A.&#10;..... | .....&#10;..... | .....&#10;&#10;step=59, rand=0, actions=&lt;Step&gt;&#10;Want  | Got ✓&#10;-------------&#10;O&gt;AOO | O&gt;AOO&#10;OO.OO | OO.OO&#10;..... | .....&#10;..... | .....&#10;..... | .....&#10;&#10;step=60, rand=0, actions=&lt;Step&gt;&#10;Want  | Got ✓&#10;-------------&#10;&gt;.AOO | &gt;.AOO&#10;OO.OO | OO.OO&#10;..... | .....&#10;..... | .....&#10;..... | .....&#10;&#10;step=61, rand=0, actions=&lt;Step&gt;&#10;Want  | Got ✓&#10;-------------&#10;..AO&gt; | ..AO&gt;&#10;OO.OO | OO.OO&#10;..... | .....&#10;..... | .....&#10;..... | .....&#10;&#10;step=62, rand=0, actions=&lt;Step&gt;&#10;Want  | Got ✓&#10;-------------&#10;...^A | ...^A&#10;OOOOO | OOOOO&#10;..... | .....&#10;..... | .....&#10;..... | .....&#10;&#10;step=63, rand=0, actions=&lt;Step&gt;&#10;Want  | Got ✓&#10;-------------&#10;....A | ....A&#10;OOO&lt;O | OOO&lt;O&#10;..... | .....&#10;..... | .....&#10;..... | .....&#10;&#10;step=64, rand=0, actions=&lt;Step&gt;&#10;Want  | Got ✓&#10;-------------&#10;....A | ....A&#10;OOO.&lt; | OOO.&lt;&#10;..... | .....&#10;..... | .....&#10;..... | .....&#10;&#10;step=65, rand=0, actions=&lt;Step&gt;&#10;Want  | Got ✓&#10;-------------&#10;....A | ....A&#10;&lt;OO.. | &lt;OO..&#10;..... | .....&#10;..... | .....&#10;..... | .....&#10;&#10;step=66, rand=0, actions=&lt;Step&gt;&#10;Want  | Got ✓&#10;-------------&#10;..... | .....&#10;A&lt;OO. | A&lt;OO.&#10;..... | .....&#10;..... | .....&#10;..... | .....&#10;&#10;step=67, rand=0, actions=&lt;Step&gt;&#10;Want  | Got ✓&#10;-------------&#10;...O. | ...O.&#10;A.&lt;O. | A.&lt;O.&#10;..... | .....&#10;..... | .....&#10;..... | .....&#10;&#10;step=68, rand=0, actions=&lt;Step&gt;&#10;Want  | Got ✓&#10;-------------&#10;..OO. | ..OO.&#10;A..v. | A..v.&#10;..... | .....&#10;..... | .....&#10;..... | .....&#10;&#10;step=69, rand=0, actions=&lt;Step&gt;&#10;Want  | Got ✓&#10;-------------&#10;.OO&gt;. | .OO&gt;.&#10;A.... | A....&#10;..... | .....&#10;..... | .....&#10;..... | .....&#10;&#10;step=70, rand=0, actions=&lt;Step&gt;&#10;Want  | Got ✓&#10;-------------&#10;OO&gt;.. | OO&gt;..&#10;A.... | A....&#10;..... | .....&#10;..... | .....&#10;..... | .....&#10;&#10;step=71, rand=0, actions=&lt;Step&gt;&#10;Want  | Got ✗                                                                                                                                    &#10;-------------------------------------------------------------------------------------------------------------------------------------------------&#10;OO&gt;.. | LogicFailed(java.util.NoSuchElementException: head of empty list                                                                         &#10;A.... | &#9;at scala.collection.immutable.Nil$.head(List.scala:662)                                                                                 &#10;..... | &#9;at scala.collection.immutable.Nil$.head(List.scala:661)                                                                                 &#10;..... | &#9;at snake.logic.SStack.top(SStack.scala:7)                                                                                               &#10;..... | &#9;at snake.logic.GameLogic.step(GameLogic.scala:50)                                                                                       &#10;      | &#9;at snake.SnakeLogicWrapper.performAction(SnakeTestSuiteBase.scala:51)                                                                   &#10;      | &#9;at snake.SnakeLogicWrapper.performAction(SnakeTestSuiteBase.scala:46)                                                                   &#10;      | &#9;at generic.GameTestSuite.$anonfun$performActionsAndGetDisplay$1(GameTestSuite.scala:150)                                                &#10;      | &#9;at generic.GameTestSuite.$anonfun$performActionsAndGetDisplay$1$adapted(GameTestSuite.scala:150)                                        &#10;      | &#9;at scala.collection.immutable.List.foreach(List.scala:333)                                                                              &#10;      | &#9;at generic.GameTestSuite.performActionsAndGetDisplay(GameTestSuite.scala:150)                                                           &#10;      | &#9;at generic.GameTestSuite$TestRecording.$anonfun$implementationDisplays$2(GameTestSuite.scala:197)                                       &#10;      | &#9;at generic.GameTestSuite$TestRecording.catchLogicError$1(GameTestSuite.scala:182)                                                       &#10;      | &#9;at generic.GameTestSuite$TestRecording.liftedTree1$1(GameTestSuite.scala:197)                                                           &#10;      | &#9;at generic.GameTestSuite$TestRecording.implementationDisplays$lzycompute(GameTestSuite.scala:187)                                       &#10;      | &#9;at generic.GameTestSuite$TestRecording.implementationDisplays(GameTestSuite.scala:178)                                                  &#10;      | &#9;at generic.GameTestSuite$TestRecording.passes$lzycompute(GameTestSuite.scala:208)                                                       &#10;      | &#9;at generic.GameTestSuite$TestRecording.passes(GameTestSuite.scala:207)                                                                  &#10;      | &#9;at generic.GameTestSuite.checkGame(GameTestSuite.scala:290)                                                                             &#10;      | &#9;at snake.SnakeTestSuiteBase.checkGame(SnakeTestSuiteBase.scala:102)                                                                     &#10;      | &#9;at snake.reverse.ReverseTests.$anonfun$new$5(ReverseTests.scala:149)                                                                    &#10;      | &#9;at scala.runtime.java8.JFunction0$mcV$sp.apply(JFunction0$mcV$sp.scala:18)                                                              &#10;      | &#9;at infrastructure.TestBase.$anonfun$test$1(TestBase.scala:36)                                                                           &#10;      | &#9;at org.scalatest.OutcomeOf.outcomeOf(OutcomeOf.scala:85)                                                                                &#10;      | &#9;at org.scalatest.OutcomeOf.outcomeOf$(OutcomeOf.scala:83)                                                                               &#10;      | &#9;at org.scalatest.OutcomeOf$.outcomeOf(OutcomeOf.scala:104)                                                                              &#10;      | &#9;at org.scalatest.Transformer.apply(Transformer.scala:22)                                                                                &#10;      | &#9;at org.scalatest.Transformer.apply(Transformer.scala:20)                                                                                &#10;      | &#9;at org.scalatest.FunSuiteLike$$anon$1.apply(FunSuiteLike.scala:186)                                                                     &#10;      | &#9;at org.scalatest.TestSuite.withFixture(TestSuite.scala:196)                                                                             &#10;      | &#9;at org.scalatest.TestSuite.withFixture$(TestSuite.scala:195)                                                                            &#10;      | &#9;at infrastructure.TestBase.org$scalatest$concurrent$TimeLimitedTests$$super$withFixture(TestBase.scala:9)                               &#10;      | &#9;at org.scalatest.concurrent.TimeLimitedTests.$anonfun$withFixture$3(TimeLimitedTests.scala:154)                                         &#10;      | &#9;at org.scalatest.enablers.Timed$$anon$1.timeoutAfter(Timed.scala:127)                                                                   &#10;      | &#9;at org.scalatest.concurrent.TimeLimits.failAfterImpl(TimeLimits.scala:239)                                                              &#10;      | &#9;at org.scalatest.concurrent.TimeLimits.failAfterImpl$(TimeLimits.scala:233)                                                             &#10;      | &#9;at org.scalatest.concurrent.TimeLimits$.failAfterImpl(TimeLimits.scala:305)                                                             &#10;      | &#9;at org.scalatest.concurrent.TimeLimitedTests.withFixture(TimeLimitedTests.scala:153)                                                    &#10;      | &#9;at org.scalatest.concurrent.TimeLimitedTests.withFixture$(TimeLimitedTests.scala:150)                                                   &#10;      | &#9;at infrastructure.TestBase.withFixture(TestBase.scala:9)                                                                                &#10;      | &#9;at org.scalatest.FunSuiteLike.invokeWithFixture$1(FunSuiteLike.scala:184)                                                               &#10;      | &#9;at org.scalatest.FunSuiteLike.$anonfun$runTest$1(FunSuiteLike.scala:196)                                                                &#10;      | &#9;at org.scalatest.SuperEngine.runTestImpl(Engine.scala:286)                                                                              &#10;      | &#9;at org.scalatest.FunSuiteLike.runTest(FunSuiteLike.scala:196)                                                                           &#10;      | &#9;at org.scalatest.FunSuiteLike.runTest$(FunSuiteLike.scala:178)                                                                          &#10;      | &#9;at org.scalatest.FunSuite.runTest(FunSuite.scala:1560)                                                                                  &#10;      | &#9;at org.scalatest.FunSuiteLike.$anonfun$runTests$1(FunSuiteLike.scala:229)                                                               &#10;      | &#9;at org.scalatest.SuperEngine.$anonfun$runTestsInBranch$1(Engine.scala:393)                                                              &#10;      | &#9;at scala.collection.immutable.List.foreach(List.scala:333)                                                                              &#10;      | &#9;at org.scalatest.SuperEngine.traverseSubNodes$1(Engine.scala:381)                                                                       &#10;      | &#9;at org.scalatest.SuperEngine.runTestsInBranch(Engine.scala:376)                                                                         &#10;      | &#9;at org.scalatest.SuperEngine.runTestsImpl(Engine.scala:458)                                                                             &#10;      | &#9;at org.scalatest.FunSuiteLike.runTests(FunSuiteLike.scala:229)                                                                          &#10;      | &#9;at org.scalatest.FunSuiteLike.runTests$(FunSuiteLike.scala:228)                                                                         &#10;      | &#9;at org.scalatest.FunSuite.runTests(FunSuite.scala:1560)                                                                                 &#10;      | &#9;at org.scalatest.Suite.run(Suite.scala:1124)                                                                                            &#10;      | &#9;at org.scalatest.Suite.run$(Suite.scala:1106)                                                                                           &#10;      | &#9;at org.scalatest.FunSuite.org$scalatest$FunSuiteLike$$super$run(FunSuite.scala:1560)                                                    &#10;      | &#9;at org.scalatest.FunSuiteLike.$anonfun$run$1(FunSuiteLike.scala:233)                                                                    &#10;      | &#9;at org.scalatest.SuperEngine.runImpl(Engine.scala:518)                                                                                  &#10;      | &#9;at org.scalatest.FunSuiteLike.run(FunSuiteLike.scala:233)                                                                               &#10;      | &#9;at org.scalatest.FunSuiteLike.run$(FunSuiteLike.scala:232)                                                                              &#10;      | &#9;at infrastructure.TestBase.run(TestBase.scala:26)                                                                                       &#10;      | &#9;at org.scalatest.Suite.callExecuteOnSuite$1(Suite.scala:1187)                                                                           &#10;      | &#9;at org.scalatest.Suite.$anonfun$runNestedSuites$1(Suite.scala:1234)                                                                     &#10;      | &#9;at scala.collection.ArrayOps$.foreach$extension(ArrayOps.scala:1323)                                                                    &#10;      | &#9;at org.scalatest.Suite.runNestedSuites(Suite.scala:1232)                                                                                &#10;      | &#9;at org.scalatest.Suite.runNestedSuites$(Suite.scala:1166)                                                                               &#10;      | &#9;at org.scalatest.Suites.runNestedSuites(Suites.scala:56)                                                                                &#10;      | &#9;at org.scalatest.Suite.run(Suite.scala:1121)                                                                                            &#10;      | &#9;at org.scalatest.Suite.run$(Suite.scala:1106)                                                                                           &#10;      | &#9;at snake.SnakeTestSuite.runDirect(SnakeTestSuite.scala:24)                                                                              &#10;      | &#9;at snake.SnakeTestSuite.run(SnakeTestSuite.scala:16)                                                                                    &#10;      | &#9;at org.scalatestplus.junit.JUnitRunner.run(JUnitRunner.scala:99)                                                                        &#10;      | &#9;at org.gradle.api.internal.tasks.testing.junit.JUnitTestClassExecutor.runTestClass(JUnitTestClassExecutor.java:110)                     &#10;      | &#9;at org.gradle.api.internal.tasks.testing.junit.JUnitTestClassExecutor.execute(JUnitTestClassExecutor.java:58)                           &#10;      | &#9;at org.gradle.api.internal.tasks.testing.junit.JUnitTestClassExecutor.execute(JUnitTestClassExecutor.java:38)                           &#10;      | &#9;at org.gradle.api.internal.tasks.testing.junit.AbstractJUnitTestClassProcessor.processTestClass(AbstractJUnitTestClassProcessor.java:62)&#10;      | &#9;at org.gradle.api.internal.tasks.testing.SuiteTestClassProcessor.processTestClass(SuiteTestClassProcessor.java:51)                      &#10;      | &#9;at java.base/jdk.internal.reflect.DirectMethodHandleAccessor.invoke(DirectMethodHandleAccessor.java:104)                                &#10;      | &#9;at java.base/java.lang.reflect.Method.invoke(Method.java:577)                                                                           &#10;      | &#9;at org.gradle.internal.dispatch.ReflectionDispatch.dispatch(ReflectionDispatch.java:36)                                                 &#10;      | &#9;at org.gradle.internal.dispatch.ReflectionDispatch.dispatch(ReflectionDispatch.java:24)                                                 &#10;      | &#9;at org.gradle.internal.dispatch.ContextClassLoaderDispatch.dispatch(ContextClassLoaderDispatch.java:33)                                 &#10;      | &#9;at org.gradle.internal.dispatch.ProxyDispatchAdapter$DispatchingInvocationHandler.invoke(ProxyDispatchAdapter.java:94)                  &#10;      | &#9;at jdk.proxy1/jdk.proxy1.$Proxy2.processTestClass(Unknown Source)                                                                       &#10;      | &#9;at org.gradle.api.internal.tasks.testing.worker.TestWorker$2.run(TestWorker.java:176)                                                   &#10;      | &#9;at org.gradle.api.internal.tasks.testing.worker.TestWorker.executeAndMaintainThreadName(TestWorker.java:129)                            &#10;      | &#9;at org.gradle.api.internal.tasks.testing.worker.TestWorker.execute(TestWorker.java:100)                                                 &#10;      | &#9;at org.gradle.api.internal.tasks.testing.worker.TestWorker.execute(TestWorker.java:60)                                                  &#10;      | &#9;at org.gradle.process.internal.worker.child.ActionExecutionWorker.execute(ActionExecutionWorker.java:56)                                &#10;      | &#9;at org.gradle.process.internal.worker.child.SystemApplicationClassLoaderWorker.call(SystemApplicationClassLoaderWorker.java:133)        &#10;      | &#9;at org.gradle.process.internal.worker.child.SystemApplicationClassLoaderWorker.call(SystemApplicationClassLoaderWorker.java:71)         &#10;      | &#9;at worker.org.gradle.process.internal.worker.GradleWorkerMain.run(GradleWorkerMain.java:69)                                             &#10;      | &#9;at worker.org.gradle.process.internal.worker.GradleWorkerMain.main(GradleWorkerMain.java:74)                                            &#10;      | )                                                                                                                                        &#10;&#10;" type="org.scalatest.exceptions.TestFailedException">org.scalatest.exceptions.TestFailedException: didPass was false
--------------------------------------------------------------------------------
This is what went wrong:

step=0, rand=2, actions=&lt;&gt;
Want  | Got ✓
-------------
OO&gt;.. | OO&gt;..
A.... | A....
..... | .....
..... | .....
..... | .....

step=1, rand=2, actions=&lt;Step&gt;
Want  | Got ✓
-------------
.OO&gt;. | .OO&gt;.
A.... | A....
..... | .....
..... | .....
..... | .....

step=2, rand=2, actions=&lt;ChangeDir(South()), ChangeDir(West()), Step&gt;
Want  | Got ✓
-------------
..OO. | ..OO.
A..v. | A..v.
..... | .....
..... | .....
..... | .....

step=3, rand=2, actions=&lt;ChangeDir(West()), Step&gt;
Want  | Got ✓
-------------
...O. | ...O.
A.&lt;O. | A.&lt;O.
..... | .....
..... | .....
..... | .....

step=4, rand=2, actions=&lt;Step&gt;
Want  | Got ✓
-------------
..... | .....
A&lt;OO. | A&lt;OO.
..... | .....
..... | .....
..... | .....

step=5, rand=4, actions=&lt;Step&gt;
Want  | Got ✓
-------------
....A | ....A
&lt;OO.. | &lt;OO..
..... | .....
..... | .....
..... | .....

step=6, rand=4, actions=&lt;Step&gt;
Want  | Got ✓
-------------
....A | ....A
OOO.&lt; | OOO.&lt;
..... | .....
..... | .....
..... | .....

step=7, rand=4, actions=&lt;Step&gt;
Want  | Got ✓
-------------
....A | ....A
OOO&lt;O | OOO&lt;O
..... | .....
..... | .....
..... | .....

step=8, rand=4, actions=&lt;ChangeDir(North()), Step&gt;
Want  | Got ✓
-------------
...^A | ...^A
OOOOO | OOOOO
..... | .....
..... | .....
..... | .....

step=9, rand=2, actions=&lt;ChangeDir(East()), Step&gt;
Want  | Got ✓
-------------
..AO&gt; | ..AO&gt;
OO.OO | OO.OO
..... | .....
..... | .....
..... | .....

step=10, rand=2, actions=&lt;Step&gt;
Want  | Got ✓
-------------
&gt;.AOO | &gt;.AOO
OO.OO | OO.OO
..... | .....
..... | .....
..... | .....

step=11, rand=2, actions=&lt;Step&gt;
Want  | Got ✓
-------------
O&gt;AOO | O&gt;AOO
OO.OO | OO.OO
..... | .....
..... | .....
..... | .....

step=12, rand=4, actions=&lt;Step&gt;
Want  | Got ✓
-------------
OO&gt;OO | OO&gt;OO
OO.OO | OO.OO
...A. | ...A.
..... | .....
..... | .....

step=13, rand=4, actions=&lt;Step&gt;
Want              | Got ✓            
-------------------------------------
GameOverDisplay() | GameOverDisplay()

step=14, rand=4, actions=&lt;Step&gt;
Want              | Got ✓            
-------------------------------------
GameOverDisplay() | GameOverDisplay()

step=15, rand=4, actions=&lt;ReverseGame(true), Step&gt;
Want  | Got ✓
-------------
OO&gt;OO | OO&gt;OO
OO.OO | OO.OO
...A. | ...A.
..... | .....
..... | .....

step=16, rand=4, actions=&lt;Step&gt;
Want  | Got ✓
-------------
O&gt;AOO | O&gt;AOO
OO.OO | OO.OO
..... | .....
..... | .....
..... | .....

step=17, rand=4, actions=&lt;ReverseGame(false), Step&gt;
Want  | Got ✓
-------------
OO&gt;OO | OO&gt;OO
OO.OO | OO.OO
...A. | ...A.
..... | .....
..... | .....

step=18, rand=4, actions=&lt;ChangeDir(South()), Step&gt;
Want  | Got ✓
-------------
OOOOO | OOOOO
OOvOO | OOvOO
...A. | ...A.
..... | .....
..... | .....

step=19, rand=4, actions=&lt;Step&gt;
Want  | Got ✓
-------------
OOOOO | OOOOO
OOOOO | OOOOO
..vA. | ..vA.
..... | .....
..... | .....

step=20, rand=2, actions=&lt;ChangeDir(East()), Step&gt;
Want  | Got ✓
-------------
OOOOO | OOOOO
OOOOO | OOOOO
..O&gt;A | ..O&gt;A
..... | .....
..... | .....

step=21, rand=4, actions=&lt;Step&gt;
Want  | Got ✓
-------------
OOOOO | OOOOO
OOOOO | OOOOO
..OO&gt; | ..OO&gt;
..A.. | ..A..
..... | .....

step=22, rand=4, actions=&lt;Step&gt;
Want  | Got ✓
-------------
OOOOO | OOOOO
OOOOO | OOOOO
&gt;.OOO | &gt;.OOO
..A.. | ..A..
..... | .....

step=23, rand=4, actions=&lt;Step&gt;
Want  | Got ✓
-------------
OOOOO | OOOOO
OOOOO | OOOOO
O&gt;OOO | O&gt;OOO
..A.. | ..A..
..... | .....

step=24, rand=4, actions=&lt;ChangeDir(South()), ChangeDir(East()), Step&gt;
Want              | Got ✓            
-------------------------------------
GameOverDisplay() | GameOverDisplay()

step=25, rand=4, actions=&lt;Step&gt;
Want              | Got ✓            
-------------------------------------
GameOverDisplay() | GameOverDisplay()

step=26, rand=4, actions=&lt;ReverseGame(true), Step&gt;
Want  | Got ✓
-------------
OOOOO | OOOOO
OOOOO | OOOOO
O&gt;OOO | O&gt;OOO
..A.. | ..A..
..... | .....

step=27, rand=4, actions=&lt;Step&gt;
Want  | Got ✓
-------------
OOOOO | OOOOO
OOOOO | OOOOO
&gt;.OOO | &gt;.OOO
..A.. | ..A..
..... | .....

step=28, rand=4, actions=&lt;ReverseGame(false), Step&gt;
Want  | Got ✓
-------------
OOOOO | OOOOO
OOOOO | OOOOO
O&gt;OOO | O&gt;OOO
..A.. | ..A..
..... | .....

step=29, rand=4, actions=&lt;ChangeDir(South()), Step&gt;
Want  | Got ✓
-------------
OOOOO | OOOOO
OOOOO | OOOOO
OOOOO | OOOOO
.vA.. | .vA..
..... | .....

step=30, rand=2, actions=&lt;ChangeDir(East()), Step&gt;
Want  | Got ✓
-------------
OOOOO | OOOOO
OOOOO | OOOOO
OOOOO | OOOOO
.O&gt;.A | .O&gt;.A
..... | .....

step=31, rand=2, actions=&lt;Step&gt;
Want  | Got ✓
-------------
OOOOO | OOOOO
OOOOO | OOOOO
OOOOO | OOOOO
.OO&gt;A | .OO&gt;A
..... | .....

step=32, rand=4, actions=&lt;Step&gt;
Want  | Got ✓
-------------
OOOOO | OOOOO
OOOOO | OOOOO
OOOOO | OOOOO
.OOO&gt; | .OOO&gt;
...A. | ...A.

step=33, rand=4, actions=&lt;Step&gt;
Want  | Got ✓
-------------
OOOOO | OOOOO
OOOOO | OOOOO
OOOOO | OOOOO
&gt;OOOO | &gt;OOOO
...A. | ...A.

step=34, rand=4, actions=&lt;ChangeDir(South()), Step&gt;
Want  | Got ✓
-------------
OOOOO | OOOOO
OOOOO | OOOOO
OOOOO | OOOOO
OOOOO | OOOOO
v..A. | v..A.

step=35, rand=4, actions=&lt;ChangeDir(East()), Step&gt;
Want  | Got ✓
-------------
OOOOO | OOOOO
OOOOO | OOOOO
OOOOO | OOOOO
OOOOO | OOOOO
O&gt;.A. | O&gt;.A.

step=36, rand=4, actions=&lt;Step&gt;
Want  | Got ✓
-------------
OOOOO | OOOOO
OOOOO | OOOOO
OOOOO | OOOOO
OOOOO | OOOOO
OO&gt;A. | OO&gt;A.

step=37, rand=0, actions=&lt;Step&gt;
Want  | Got ✓
-------------
OOOOO | OOOOO
OOOOO | OOOOO
OOOOO | OOOOO
OOOOO | OOOOO
OOO&gt;A | OOO&gt;A

step=38, rand=0, actions=&lt;Step&gt;
Want  | Got ✓
-------------
OOOOO | OOOOO
OOOOO | OOOOO
OOOOO | OOOOO
OOOOO | OOOOO
OOOO&gt; | OOOO&gt;

step=39, rand=0, actions=&lt;Step&gt;
Want              | Got ✓            
-------------------------------------
GameOverDisplay() | GameOverDisplay()

step=40, rand=0, actions=&lt;Step&gt;
Want              | Got ✓            
-------------------------------------
GameOverDisplay() | GameOverDisplay()

step=41, rand=0, actions=&lt;Step&gt;
Want              | Got ✓            
-------------------------------------
GameOverDisplay() | GameOverDisplay()

step=42, rand=0, actions=&lt;ReverseGame(true), Step&gt;
Want  | Got ✓
-------------
OOOOO | OOOOO
OOOOO | OOOOO
OOOOO | OOOOO
OOOOO | OOOOO
OOOO&gt; | OOOO&gt;

step=43, rand=0, actions=&lt;Step&gt;
Want  | Got ✓
-------------
OOOOO | OOOOO
OOOOO | OOOOO
OOOOO | OOOOO
OOOOO | OOOOO
OOO&gt;A | OOO&gt;A

step=44, rand=0, actions=&lt;Step&gt;
Want  | Got ✓
-------------
OOOOO | OOOOO
OOOOO | OOOOO
OOOOO | OOOOO
OOOOO | OOOOO
OO&gt;A. | OO&gt;A.

step=45, rand=0, actions=&lt;Step&gt;
Want  | Got ✓
-------------
OOOOO | OOOOO
OOOOO | OOOOO
OOOOO | OOOOO
OOOOO | OOOOO
O&gt;.A. | O&gt;.A.

step=46, rand=0, actions=&lt;Step&gt;
Want  | Got ✓
-------------
OOOOO | OOOOO
OOOOO | OOOOO
OOOOO | OOOOO
OOOOO | OOOOO
v..A. | v..A.

step=47, rand=0, actions=&lt;Step&gt;
Want  | Got ✓
-------------
OOOOO | OOOOO
OOOOO | OOOOO
OOOOO | OOOOO
&gt;OOOO | &gt;OOOO
...A. | ...A.

step=48, rand=0, actions=&lt;Step&gt;
Want  | Got ✓
-------------
OOOOO | OOOOO
OOOOO | OOOOO
OOOOO | OOOOO
.OOO&gt; | .OOO&gt;
...A. | ...A.

step=49, rand=0, actions=&lt;Step&gt;
Want  | Got ✓
-------------
OOOOO | OOOOO
OOOOO | OOOOO
OOOOO | OOOOO
.OO&gt;A | .OO&gt;A
..... | .....

step=50, rand=0, actions=&lt;Step&gt;
Want  | Got ✓
-------------
OOOOO | OOOOO
OOOOO | OOOOO
OOOOO | OOOOO
.O&gt;.A | .O&gt;.A
..... | .....

step=51, rand=0, actions=&lt;Step&gt;
Want  | Got ✓
-------------
OOOOO | OOOOO
OOOOO | OOOOO
OOOOO | OOOOO
.vA.. | .vA..
..... | .....

step=52, rand=0, actions=&lt;Step&gt;
Want  | Got ✓
-------------
OOOOO | OOOOO
OOOOO | OOOOO
O&gt;OOO | O&gt;OOO
..A.. | ..A..
..... | .....

step=53, rand=0, actions=&lt;Step&gt;
Want  | Got ✓
-------------
OOOOO | OOOOO
OOOOO | OOOOO
&gt;.OOO | &gt;.OOO
..A.. | ..A..
..... | .....

step=54, rand=0, actions=&lt;Step&gt;
Want  | Got ✓
-------------
OOOOO | OOOOO
OOOOO | OOOOO
..OO&gt; | ..OO&gt;
..A.. | ..A..
..... | .....

step=55, rand=0, actions=&lt;Step&gt;
Want  | Got ✓
-------------
OOOOO | OOOOO
OOOOO | OOOOO
..O&gt;A | ..O&gt;A
..... | .....
..... | .....

step=56, rand=0, actions=&lt;Step&gt;
Want  | Got ✓
-------------
OOOOO | OOOOO
OOOOO | OOOOO
..vA. | ..vA.
..... | .....
..... | .....

step=57, rand=0, actions=&lt;Step&gt;
Want  | Got ✓
-------------
OOOOO | OOOOO
OOvOO | OOvOO
...A. | ...A.
..... | .....
..... | .....

step=58, rand=0, actions=&lt;Step&gt;
Want  | Got ✓
-------------
OO&gt;OO | OO&gt;OO
OO.OO | OO.OO
...A. | ...A.
..... | .....
..... | .....

step=59, rand=0, actions=&lt;Step&gt;
Want  | Got ✓
-------------
O&gt;AOO | O&gt;AOO
OO.OO | OO.OO
..... | .....
..... | .....
..... | .....

step=60, rand=0, actions=&lt;Step&gt;
Want  | Got ✓
-------------
&gt;.AOO | &gt;.AOO
OO.OO | OO.OO
..... | .....
..... | .....
..... | .....

step=61, rand=0, actions=&lt;Step&gt;
Want  | Got ✓
-------------
..AO&gt; | ..AO&gt;
OO.OO | OO.OO
..... | .....
..... | .....
..... | .....

step=62, rand=0, actions=&lt;Step&gt;
Want  | Got ✓
-------------
...^A | ...^A
OOOOO | OOOOO
..... | .....
..... | .....
..... | .....

step=63, rand=0, actions=&lt;Step&gt;
Want  | Got ✓
-------------
....A | ....A
OOO&lt;O | OOO&lt;O
..... | .....
..... | .....
..... | .....

step=64, rand=0, actions=&lt;Step&gt;
Want  | Got ✓
-------------
....A | ....A
OOO.&lt; | OOO.&lt;
..... | .....
..... | .....
..... | .....

step=65, rand=0, actions=&lt;Step&gt;
Want  | Got ✓
-------------
....A | ....A
&lt;OO.. | &lt;OO..
..... | .....
..... | .....
..... | .....

step=66, rand=0, actions=&lt;Step&gt;
Want  | Got ✓
-------------
..... | .....
A&lt;OO. | A&lt;OO.
..... | .....
..... | .....
..... | .....

step=67, rand=0, actions=&lt;Step&gt;
Want  | Got ✓
-------------
...O. | ...O.
A.&lt;O. | A.&lt;O.
..... | .....
..... | .....
..... | .....

step=68, rand=0, actions=&lt;Step&gt;
Want  | Got ✓
-------------
..OO. | ..OO.
A..v. | A..v.
..... | .....
..... | .....
..... | .....

step=69, rand=0, actions=&lt;Step&gt;
Want  | Got ✓
-------------
.OO&gt;. | .OO&gt;.
A.... | A....
..... | .....
..... | .....
..... | .....

step=70, rand=0, actions=&lt;Step&gt;
Want  | Got ✓
-------------
OO&gt;.. | OO&gt;..
A.... | A....
..... | .....
..... | .....
..... | .....

step=71, rand=0, actions=&lt;Step&gt;
Want  | Got ✗                                                                                                                                    
-------------------------------------------------------------------------------------------------------------------------------------------------
OO&gt;.. | LogicFailed(java.util.NoSuchElementException: head of empty list                                                                         
A.... | 	at scala.collection.immutable.Nil$.head(List.scala:662)                                                                                 
..... | 	at scala.collection.immutable.Nil$.head(List.scala:661)                                                                                 
..... | 	at snake.logic.SStack.top(SStack.scala:7)                                                                                               
..... | 	at snake.logic.GameLogic.step(GameLogic.scala:50)                                                                                       
      | 	at snake.SnakeLogicWrapper.performAction(SnakeTestSuiteBase.scala:51)                                                                   
      | 	at snake.SnakeLogicWrapper.performAction(SnakeTestSuiteBase.scala:46)                                                                   
      | 	at generic.GameTestSuite.$anonfun$performActionsAndGetDisplay$1(GameTestSuite.scala:150)                                                
      | 	at generic.GameTestSuite.$anonfun$performActionsAndGetDisplay$1$adapted(GameTestSuite.scala:150)                                        
      | 	at scala.collection.immutable.List.foreach(List.scala:333)                                                                              
      | 	at generic.GameTestSuite.performActionsAndGetDisplay(GameTestSuite.scala:150)                                                           
      | 	at generic.GameTestSuite$TestRecording.$anonfun$implementationDisplays$2(GameTestSuite.scala:197)                                       
      | 	at generic.GameTestSuite$TestRecording.catchLogicError$1(GameTestSuite.scala:182)                                                       
      | 	at generic.GameTestSuite$TestRecording.liftedTree1$1(GameTestSuite.scala:197)                                                           
      | 	at generic.GameTestSuite$TestRecording.implementationDisplays$lzycompute(GameTestSuite.scala:187)                                       
      | 	at generic.GameTestSuite$TestRecording.implementationDisplays(GameTestSuite.scala:178)                                                  
      | 	at generic.GameTestSuite$TestRecording.passes$lzycompute(GameTestSuite.scala:208)                                                       
      | 	at generic.GameTestSuite$TestRecording.passes(GameTestSuite.scala:207)                                                                  
      | 	at generic.GameTestSuite.checkGame(GameTestSuite.scala:290)                                                                             
      | 	at snake.SnakeTestSuiteBase.checkGame(SnakeTestSuiteBase.scala:102)                                                                     
      | 	at snake.reverse.ReverseTests.$anonfun$new$5(ReverseTests.scala:149)                                                                    
      | 	at scala.runtime.java8.JFunction0$mcV$sp.apply(JFunction0$mcV$sp.scala:18)                                                              
      | 	at infrastructure.TestBase.$anonfun$test$1(TestBase.scala:36)                                                                           
      | 	at org.scalatest.OutcomeOf.outcomeOf(OutcomeOf.scala:85)                                                                                
      | 	at org.scalatest.OutcomeOf.outcomeOf$(OutcomeOf.scala:83)                                                                               
      | 	at org.scalatest.OutcomeOf$.outcomeOf(OutcomeOf.scala:104)                                                                              
      | 	at org.scalatest.Transformer.apply(Transformer.scala:22)                                                                                
      | 	at org.scalatest.Transformer.apply(Transformer.scala:20)                                                                                
      | 	at org.scalatest.FunSuiteLike$$anon$1.apply(FunSuiteLike.scala:186)                                                                     
      | 	at org.scalatest.TestSuite.withFixture(TestSuite.scala:196)                                                                             
      | 	at org.scalatest.TestSuite.withFixture$(TestSuite.scala:195)                                                                            
      | 	at infrastructure.TestBase.org$scalatest$concurrent$TimeLimitedTests$$super$withFixture(TestBase.scala:9)                               
      | 	at org.scalatest.concurrent.TimeLimitedTests.$anonfun$withFixture$3(TimeLimitedTests.scala:154)                                         
      | 	at org.scalatest.enablers.Timed$$anon$1.timeoutAfter(Timed.scala:127)                                                                   
      | 	at org.scalatest.concurrent.TimeLimits.failAfterImpl(TimeLimits.scala:239)                                                              
      | 	at org.scalatest.concurrent.TimeLimits.failAfterImpl$(TimeLimits.scala:233)                                                             
      | 	at org.scalatest.concurrent.TimeLimits$.failAfterImpl(TimeLimits.scala:305)                                                             
      | 	at org.scalatest.concurrent.TimeLimitedTests.withFixture(TimeLimitedTests.scala:153)                                                    
      | 	at org.scalatest.concurrent.TimeLimitedTests.withFixture$(TimeLimitedTests.scala:150)                                                   
      | 	at infrastructure.TestBase.withFixture(TestBase.scala:9)                                                                                
      | 	at org.scalatest.FunSuiteLike.invokeWithFixture$1(FunSuiteLike.scala:184)                                                               
      | 	at org.scalatest.FunSuiteLike.$anonfun$runTest$1(FunSuiteLike.scala:196)                                                                
      | 	at org.scalatest.SuperEngine.runTestImpl(Engine.scala:286)                                                                              
      | 	at org.scalatest.FunSuiteLike.runTest(FunSuiteLike.scala:196)                                                                           
      | 	at org.scalatest.FunSuiteLike.runTest$(FunSuiteLike.scala:178)                                                                          
      | 	at org.scalatest.FunSuite.runTest(FunSuite.scala:1560)                                                                                  
      | 	at org.scalatest.FunSuiteLike.$anonfun$runTests$1(FunSuiteLike.scala:229)                                                               
      | 	at org.scalatest.SuperEngine.$anonfun$runTestsInBranch$1(Engine.scala:393)                                                              
      | 	at scala.collection.immutable.List.foreach(List.scala:333)                                                                              
      | 	at org.scalatest.SuperEngine.traverseSubNodes$1(Engine.scala:381)                                                                       
      | 	at org.scalatest.SuperEngine.runTestsInBranch(Engine.scala:376)                                                                         
      | 	at org.scalatest.SuperEngine.runTestsImpl(Engine.scala:458)                                                                             
      | 	at org.scalatest.FunSuiteLike.runTests(FunSuiteLike.scala:229)                                                                          
      | 	at org.scalatest.FunSuiteLike.runTests$(FunSuiteLike.scala:228)                                                                         
      | 	at org.scalatest.FunSuite.runTests(FunSuite.scala:1560)                                                                                 
      | 	at org.scalatest.Suite.run(Suite.scala:1124)                                                                                            
      | 	at org.scalatest.Suite.run$(Suite.scala:1106)                                                                                           
      | 	at org.scalatest.FunSuite.org$scalatest$FunSuiteLike$$super$run(FunSuite.scala:1560)                                                    
      | 	at org.scalatest.FunSuiteLike.$anonfun$run$1(FunSuiteLike.scala:233)                                                                    
      | 	at org.scalatest.SuperEngine.runImpl(Engine.scala:518)                                                                                  
      | 	at org.scalatest.FunSuiteLike.run(FunSuiteLike.scala:233)                                                                               
      | 	at org.scalatest.FunSuiteLike.run$(FunSuiteLike.scala:232)                                                                              
      | 	at infrastructure.TestBase.run(TestBase.scala:26)                                                                                       
      | 	at org.scalatest.Suite.callExecuteOnSuite$1(Suite.scala:1187)                                                                           
      | 	at org.scalatest.Suite.$anonfun$runNestedSuites$1(Suite.scala:1234)                                                                     
      | 	at scala.collection.ArrayOps$.foreach$extension(ArrayOps.scala:1323)                                                                    
      | 	at org.scalatest.Suite.runNestedSuites(Suite.scala:1232)                                                                                
      | 	at org.scalatest.Suite.runNestedSuites$(Suite.scala:1166)                                                                               
      | 	at org.scalatest.Suites.runNestedSuites(Suites.scala:56)                                                                                
      | 	at org.scalatest.Suite.run(Suite.scala:1121)                                                                                            
      | 	at org.scalatest.Suite.run$(Suite.scala:1106)                                                                                           
      | 	at snake.SnakeTestSuite.runDirect(SnakeTestSuite.scala:24)                                                                              
      | 	at snake.SnakeTestSuite.run(SnakeTestSuite.scala:16)                                                                                    
      | 	at org.scalatestplus.junit.JUnitRunner.run(JUnitRunner.scala:99)                                                                        
      | 	at org.gradle.api.internal.tasks.testing.junit.JUnitTestClassExecutor.runTestClass(JUnitTestClassExecutor.java:110)                     
      | 	at org.gradle.api.internal.tasks.testing.junit.JUnitTestClassExecutor.execute(JUnitTestClassExecutor.java:58)                           
      | 	at org.gradle.api.internal.tasks.testing.junit.JUnitTestClassExecutor.execute(JUnitTestClassExecutor.java:38)                           
      | 	at org.gradle.api.internal.tasks.testing.junit.AbstractJUnitTestClassProcessor.processTestClass(AbstractJUnitTestClassProcessor.java:62)
      | 	at org.gradle.api.internal.tasks.testing.SuiteTestClassProcessor.processTestClass(SuiteTestClassProcessor.java:51)                      
      | 	at java.base/jdk.internal.reflect.DirectMethodHandleAccessor.invoke(DirectMethodHandleAccessor.java:104)                                
      | 	at java.base/java.lang.reflect.Method.invoke(Method.java:577)                                                                           
      | 	at org.gradle.internal.dispatch.ReflectionDispatch.dispatch(ReflectionDispatch.java:36)                                                 
      | 	at org.gradle.internal.dispatch.ReflectionDispatch.dispatch(ReflectionDispatch.java:24)                                                 
      | 	at org.gradle.internal.dispatch.ContextClassLoaderDispatch.dispatch(ContextClassLoaderDispatch.java:33)                                 
      | 	at org.gradle.internal.dispatch.ProxyDispatchAdapter$DispatchingInvocationHandler.invoke(ProxyDispatchAdapter.java:94)                  
      | 	at jdk.proxy1/jdk.proxy1.$Proxy2.processTestClass(Unknown Source)                                                                       
      | 	at org.gradle.api.internal.tasks.testing.worker.TestWorker$2.run(TestWorker.java:176)                                                   
      | 	at org.gradle.api.internal.tasks.testing.worker.TestWorker.executeAndMaintainThreadName(TestWorker.java:129)                            
      | 	at org.gradle.api.internal.tasks.testing.worker.TestWorker.execute(TestWorker.java:100)                                                 
      | 	at org.gradle.api.internal.tasks.testing.worker.TestWorker.execute(TestWorker.java:60)                                                  
      | 	at org.gradle.process.internal.worker.child.ActionExecutionWorker.execute(ActionExecutionWorker.java:56)                                
      | 	at org.gradle.process.internal.worker.child.SystemApplicationClassLoaderWorker.call(SystemApplicationClassLoaderWorker.java:133)        
      | 	at org.gradle.process.internal.worker.child.SystemApplicationClassLoaderWorker.call(SystemApplicationClassLoaderWorker.java:71)         
      | 	at worker.org.gradle.process.internal.worker.GradleWorkerMain.run(GradleWorkerMain.java:69)                                             
      | 	at worker.org.gradle.process.internal.worker.GradleWorkerMain.main(GradleWorkerMain.java:74)                                            
      | )                                                                                                                                        


	at app//org.scalatest.Assertions.newAssertionFailedException(Assertions.scala:530)
	at app//org.scalatest.Assertions.newAssertionFailedException$(Assertions.scala:529)
	at app//org.scalatest.FunSuite.newAssertionFailedException(FunSuite.scala:1560)
	at app//org.scalatest.Assertions$AssertionsHelper.macroAssert(Assertions.scala:503)
	at app//generic.GameTestSuite.checkGame(GameTestSuite.scala:298)
	at app//snake.SnakeTestSuiteBase.checkGame(SnakeTestSuiteBase.scala:102)
	at app//snake.reverse.ReverseTests.$anonfun$new$5(ReverseTests.scala:149)
	at app//scala.runtime.java8.JFunction0$mcV$sp.apply(JFunction0$mcV$sp.scala:18)
	at app//infrastructure.TestBase.$anonfun$test$1(TestBase.scala:36)
	at app//org.scalatest.OutcomeOf.outcomeOf(OutcomeOf.scala:85)
	at app//org.scalatest.OutcomeOf.outcomeOf$(OutcomeOf.scala:83)
	at app//org.scalatest.OutcomeOf$.outcomeOf(OutcomeOf.scala:104)
	at app//org.scalatest.Transformer.apply(Transformer.scala:22)
	at app//org.scalatest.Transformer.apply(Transformer.scala:20)
	at app//org.scalatest.FunSuiteLike$$anon$1.apply(FunSuiteLike.scala:186)
	at app//org.scalatest.TestSuite.withFixture(TestSuite.scala:196)
	at app//org.scalatest.TestSuite.withFixture$(TestSuite.scala:195)
	at app//infrastructure.TestBase.org$scalatest$concurrent$TimeLimitedTests$$super$withFixture(TestBase.scala:9)
	at app//org.scalatest.concurrent.TimeLimitedTests.$anonfun$withFixture$3(TimeLimitedTests.scala:154)
	at app//org.scalatest.enablers.Timed$$anon$1.timeoutAfter(Timed.scala:127)
	at app//org.scalatest.concurrent.TimeLimits.failAfterImpl(TimeLimits.scala:239)
	at app//org.scalatest.concurrent.TimeLimits.failAfterImpl$(TimeLimits.scala:233)
	at app//org.scalatest.concurrent.TimeLimits$.failAfterImpl(TimeLimits.scala:305)
	at app//org.scalatest.concurrent.TimeLimitedTests.withFixture(TimeLimitedTests.scala:153)
	at app//org.scalatest.concurrent.TimeLimitedTests.withFixture$(TimeLimitedTests.scala:150)
	at app//infrastructure.TestBase.withFixture(TestBase.scala:9)
	at app//org.scalatest.FunSuiteLike.invokeWithFixture$1(FunSuiteLike.scala:184)
	at app//org.scalatest.FunSuiteLike.$anonfun$runTest$1(FunSuiteLike.scala:196)
	at app//org.scalatest.SuperEngine.runTestImpl(Engine.scala:286)
	at app//org.scalatest.FunSuiteLike.runTest(FunSuiteLike.scala:196)
	at app//org.scalatest.FunSuiteLike.runTest$(FunSuiteLike.scala:178)
	at app//org.scalatest.FunSuite.runTest(FunSuite.scala:1560)
	at app//org.scalatest.FunSuiteLike.$anonfun$runTests$1(FunSuiteLike.scala:229)
	at app//org.scalatest.SuperEngine.$anonfun$runTestsInBranch$1(Engine.scala:393)
	at app//scala.collection.immutable.List.foreach(List.scala:333)
	at app//org.scalatest.SuperEngine.traverseSubNodes$1(Engine.scala:381)
	at app//org.scalatest.SuperEngine.runTestsInBranch(Engine.scala:376)
	at app//org.scalatest.SuperEngine.runTestsImpl(Engine.scala:458)
	at app//org.scalatest.FunSuiteLike.runTests(FunSuiteLike.scala:229)
	at app//org.scalatest.FunSuiteLike.runTests$(FunSuiteLike.scala:228)
	at app//org.scalatest.FunSuite.runTests(FunSuite.scala:1560)
	at app//org.scalatest.Suite.run(Suite.scala:1124)
	at app//org.scalatest.Suite.run$(Suite.scala:1106)
	at app//org.scalatest.FunSuite.org$scalatest$FunSuiteLike$$super$run(FunSuite.scala:1560)
	at app//org.scalatest.FunSuiteLike.$anonfun$run$1(FunSuiteLike.scala:233)
	at app//org.scalatest.SuperEngine.runImpl(Engine.scala:518)
	at app//org.scalatest.FunSuiteLike.run(FunSuiteLike.scala:233)
	at app//org.scalatest.FunSuiteLike.run$(FunSuiteLike.scala:232)
	at app//infrastructure.TestBase.run(TestBase.scala:26)
	at app//org.scalatest.Suite.callExecuteOnSuite$1(Suite.scala:1187)
	at app//org.scalatest.Suite.$anonfun$runNestedSuites$1(Suite.scala:1234)
	at app//scala.collection.ArrayOps$.foreach$extension(ArrayOps.scala:1323)
	at app//org.scalatest.Suite.runNestedSuites(Suite.scala:1232)
	at app//org.scalatest.Suite.runNestedSuites$(Suite.scala:1166)
	at app//org.scalatest.Suites.runNestedSuites(Suites.scala:56)
	at app//org.scalatest.Suite.run(Suite.scala:1121)
	at app//org.scalatest.Suite.run$(Suite.scala:1106)
	at app//snake.SnakeTestSuite.runDirect(SnakeTestSuite.scala:24)
	at app//snake.SnakeTestSuite.run(SnakeTestSuite.scala:16)
	at app//org.scalatestplus.junit.JUnitRunner.run(JUnitRunner.scala:99)
	at org.gradle.api.internal.tasks.testing.junit.JUnitTestClassExecutor.runTestClass(JUnitTestClassExecutor.java:110)
	at org.gradle.api.internal.tasks.testing.junit.JUnitTestClassExecutor.execute(JUnitTestClassExecutor.java:58)
	at org.gradle.api.internal.tasks.testing.junit.JUnitTestClassExecutor.execute(JUnitTestClassExecutor.java:38)
	at org.gradle.api.internal.tasks.testing.junit.AbstractJUnitTestClassProcessor.processTestClass(AbstractJUnitTestClassProcessor.java:62)
	at org.gradle.api.internal.tasks.testing.SuiteTestClassProcessor.processTestClass(SuiteTestClassProcessor.java:51)
	at java.base@18.0.2.1/jdk.internal.reflect.DirectMethodHandleAccessor.invoke(DirectMethodHandleAccessor.java:104)
	at java.base@18.0.2.1/java.lang.reflect.Method.invoke(Method.java:577)
	at org.gradle.internal.dispatch.ReflectionDispatch.dispatch(ReflectionDispatch.java:36)
	at org.gradle.internal.dispatch.ReflectionDispatch.dispatch(ReflectionDispatch.java:24)
	at org.gradle.internal.dispatch.ContextClassLoaderDispatch.dispatch(ContextClassLoaderDispatch.java:33)
	at org.gradle.internal.dispatch.ProxyDispatchAdapter$DispatchingInvocationHandler.invoke(ProxyDispatchAdapter.java:94)
	at jdk.proxy1/jdk.proxy1.$Proxy2.processTestClass(Unknown Source)
	at org.gradle.api.internal.tasks.testing.worker.TestWorker$2.run(TestWorker.java:176)
	at org.gradle.api.internal.tasks.testing.worker.TestWorker.executeAndMaintainThreadName(TestWorker.java:129)
	at org.gradle.api.internal.tasks.testing.worker.TestWorker.execute(TestWorker.java:100)
	at org.gradle.api.internal.tasks.testing.worker.TestWorker.execute(TestWorker.java:60)
	at org.gradle.process.internal.worker.child.ActionExecutionWorker.execute(ActionExecutionWorker.java:56)
	at org.gradle.process.internal.worker.child.SystemApplicationClassLoaderWorker.call(SystemApplicationClassLoaderWorker.java:133)
	at org.gradle.process.internal.worker.child.SystemApplicationClassLoaderWorker.call(SystemApplicationClassLoaderWorker.java:71)
	at app//worker.org.gradle.process.internal.worker.GradleWorkerMain.run(GradleWorkerMain.java:69)
	at app//worker.org.gradle.process.internal.worker.GradleWorkerMain.main(GradleWorkerMain.java:74)
</failure>
  </testcase>
  <system-out><![CDATA[]]></system-out>
  <system-err><![CDATA[]]></system-err>
</testsuite>
